{"/home/VoidWalker/Code/cs307/Bee-roll/backend/app.js": {"path":"/home/VoidWalker/Code/cs307/Bee-roll/backend/app.js","statementMap":{"0":{"start":{"line":1,"column":16},"end":{"line":1,"column":34}},"1":{"start":{"line":2,"column":17},"end":{"line":2,"column":36}},"2":{"start":{"line":3,"column":13},"end":{"line":3,"column":28}},"3":{"start":{"line":4,"column":13},"end":{"line":4,"column":28}},"4":{"start":{"line":5,"column":19},"end":{"line":5,"column":41}},"5":{"start":{"line":9,"column":18},"end":{"line":9,"column":42}},"6":{"start":{"line":10,"column":19},"end":{"line":10,"column":44}},"7":{"start":{"line":11,"column":18},"end":{"line":11,"column":42}},"8":{"start":{"line":12,"column":23},"end":{"line":12,"column":52}},"9":{"start":{"line":13,"column":19},"end":{"line":13,"column":44}},"10":{"start":{"line":14,"column":21},"end":{"line":14,"column":48}},"11":{"start":{"line":15,"column":20},"end":{"line":15,"column":46}},"12":{"start":{"line":16,"column":21},"end":{"line":16,"column":48}},"13":{"start":{"line":21,"column":12},"end":{"line":21,"column":21}},"14":{"start":{"line":22,"column":0},"end":{"line":22,"column":27}},"15":{"start":{"line":23,"column":0},"end":{"line":23,"column":16}},"16":{"start":{"line":27,"column":0},"end":{"line":27,"column":24}},"17":{"start":{"line":30,"column":15},"end":{"line":30,"column":17}},"18":{"start":{"line":31,"column":17},"end":{"line":31,"column":24}},"19":{"start":{"line":32,"column":17},"end":{"line":32,"column":26}},"20":{"start":{"line":33,"column":13},"end":{"line":33,"column":27}},"21":{"start":{"line":34,"column":18},"end":{"line":34,"column":25}},"22":{"start":{"line":37,"column":12},"end":{"line":37,"column":78}},"23":{"start":{"line":40,"column":0},"end":{"line":45,"column":68}},"24":{"start":{"line":44,"column":14},"end":{"line":44,"column":46}},"25":{"start":{"line":45,"column":16},"end":{"line":45,"column":66}},"26":{"start":{"line":48,"column":0},"end":{"line":48,"column":69}},"27":{"start":{"line":49,"column":0},"end":{"line":49,"column":29}},"28":{"start":{"line":50,"column":0},"end":{"line":50,"column":31}},"29":{"start":{"line":51,"column":0},"end":{"line":51,"column":29}},"30":{"start":{"line":52,"column":0},"end":{"line":52,"column":39}},"31":{"start":{"line":53,"column":0},"end":{"line":53,"column":31}},"32":{"start":{"line":54,"column":0},"end":{"line":54,"column":33}},"33":{"start":{"line":55,"column":0},"end":{"line":55,"column":33}},"34":{"start":{"line":56,"column":0},"end":{"line":56,"column":34}},"35":{"start":{"line":58,"column":0},"end":{"line":58,"column":21}}},"fnMap":{"0":{"name":"(anonymous_0)","decl":{"start":{"line":44,"column":8},"end":{"line":44,"column":9}},"loc":{"start":{"line":44,"column":14},"end":{"line":44,"column":46}},"line":44},"1":{"name":"(anonymous_1)","decl":{"start":{"line":45,"column":9},"end":{"line":45,"column":10}},"loc":{"start":{"line":45,"column":16},"end":{"line":45,"column":66}},"line":45}},"branchMap":{},"s":{"0":3,"1":3,"2":3,"3":3,"4":3,"5":3,"6":3,"7":3,"8":3,"9":3,"10":3,"11":3,"12":3,"13":3,"14":3,"15":3,"16":3,"17":3,"18":3,"19":3,"20":3,"21":3,"22":3,"23":3,"24":3,"25":0,"26":3,"27":3,"28":3,"29":3,"30":3,"31":3,"32":3,"33":3,"34":3,"35":3},"f":{"0":3,"1":0},"b":{},"_coverageSchema":"1a1c01bbd47fc00a2c39e90264f33305004495a9","hash":"b276848e5eb10143d563a4c850f3b69278d2457a"}
,"/home/VoidWalker/Code/cs307/Bee-roll/backend/index.js": {"path":"/home/VoidWalker/Code/cs307/Bee-roll/backend/index.js","statementMap":{"0":{"start":{"line":1,"column":12},"end":{"line":1,"column":50}},"1":{"start":{"line":2,"column":13},"end":{"line":7,"column":1}},"2":{"start":{"line":10,"column":16},"end":{"line":16,"column":1}},"3":{"start":{"line":19,"column":0},"end":{"line":32,"column":7}},"4":{"start":{"line":21,"column":8},"end":{"line":24,"column":9}},"5":{"start":{"line":22,"column":12},"end":{"line":22,"column":39}},"6":{"start":{"line":23,"column":12},"end":{"line":23,"column":59}},"7":{"start":{"line":25,"column":8},"end":{"line":25,"column":31}},"8":{"start":{"line":28,"column":8},"end":{"line":28,"column":71}},"9":{"start":{"line":31,"column":8},"end":{"line":31,"column":59}}},"fnMap":{"0":{"name":"(anonymous_0)","decl":{"start":{"line":20,"column":10},"end":{"line":20,"column":11}},"loc":{"start":{"line":20,"column":22},"end":{"line":26,"column":5}},"line":20},"1":{"name":"(anonymous_1)","decl":{"start":{"line":27,"column":10},"end":{"line":27,"column":11}},"loc":{"start":{"line":27,"column":18},"end":{"line":29,"column":5}},"line":27},"2":{"name":"(anonymous_2)","decl":{"start":{"line":30,"column":11},"end":{"line":30,"column":12}},"loc":{"start":{"line":30,"column":20},"end":{"line":32,"column":5}},"line":30}},"branchMap":{"0":{"loc":{"start":{"line":21,"column":8},"end":{"line":24,"column":9}},"type":"if","locations":[{"start":{"line":21,"column":8},"end":{"line":24,"column":9}},{"start":{},"end":{}}],"line":21}},"s":{"0":0,"1":0,"2":0,"3":0,"4":0,"5":0,"6":0,"7":0,"8":0,"9":0},"f":{"0":0,"1":0,"2":0},"b":{"0":[0,0]}}
,"/home/VoidWalker/Code/cs307/Bee-roll/backend/jest.config.js": {"path":"/home/VoidWalker/Code/cs307/Bee-roll/backend/jest.config.js","statementMap":{"0":{"start":{"line":1,"column":0},"end":{"line":14,"column":2}}},"fnMap":{},"branchMap":{},"s":{"0":0},"f":{},"b":{}}
,"/home/VoidWalker/Code/cs307/Bee-roll/backend/server.js": {"path":"/home/VoidWalker/Code/cs307/Bee-roll/backend/server.js","statementMap":{"0":{"start":{"line":1,"column":12},"end":{"line":1,"column":28}},"1":{"start":{"line":5,"column":13},"end":{"line":5,"column":37}},"2":{"start":{"line":6,"column":0},"end":{"line":8,"column":3}},"3":{"start":{"line":7,"column":4},"end":{"line":7,"column":55}}},"fnMap":{"0":{"name":"(anonymous_0)","decl":{"start":{"line":6,"column":17},"end":{"line":6,"column":18}},"loc":{"start":{"line":6,"column":23},"end":{"line":8,"column":1}},"line":6}},"branchMap":{"0":{"loc":{"start":{"line":5,"column":13},"end":{"line":5,"column":37}},"type":"binary-expr","locations":[{"start":{"line":5,"column":13},"end":{"line":5,"column":29}},{"start":{"line":5,"column":33},"end":{"line":5,"column":37}}],"line":5}},"s":{"0":0,"1":0,"2":0,"3":0},"f":{"0":0},"b":{"0":[0,0]}}
,"/home/VoidWalker/Code/cs307/Bee-roll/backend/controllers/counterController.js": {"path":"/home/VoidWalker/Code/cs307/Bee-roll/backend/controllers/counterController.js","statementMap":{"0":{"start":{"line":1,"column":17},"end":{"line":1,"column":36}},"1":{"start":{"line":2,"column":16},"end":{"line":2,"column":34}},"2":{"start":{"line":3,"column":16},"end":{"line":3,"column":46}},"3":{"start":{"line":5,"column":26},"end":{"line":18,"column":1}},"4":{"start":{"line":8,"column":29},"end":{"line":8,"column":37}},"5":{"start":{"line":9,"column":8},"end":{"line":16,"column":9}},"6":{"start":{"line":10,"column":28},"end":{"line":10,"column":69}},"7":{"start":{"line":11,"column":12},"end":{"line":11,"column":48}},"8":{"start":{"line":15,"column":12},"end":{"line":15,"column":59}}},"fnMap":{"0":{"name":"(anonymous_0)","decl":{"start":{"line":7,"column":4},"end":{"line":7,"column":5}},"loc":{"start":{"line":7,"column":34},"end":{"line":17,"column":5}},"line":7}},"branchMap":{},"s":{"0":0,"1":0,"2":0,"3":0,"4":0,"5":0,"6":0,"7":0,"8":0},"f":{"0":0},"b":{}}
,"/home/VoidWalker/Code/cs307/Bee-roll/backend/controllers/forumController.js": {"path":"/home/VoidWalker/Code/cs307/Bee-roll/backend/controllers/forumController.js","statementMap":{"0":{"start":{"line":1,"column":17},"end":{"line":1,"column":36}},"1":{"start":{"line":2,"column":16},"end":{"line":2,"column":34}},"2":{"start":{"line":3,"column":16},"end":{"line":3,"column":46}},"3":{"start":{"line":4,"column":14},"end":{"line":4,"column":42}},"4":{"start":{"line":5,"column":13},"end":{"line":5,"column":40}},"5":{"start":{"line":6,"column":13},"end":{"line":6,"column":40}},"6":{"start":{"line":8,"column":24},"end":{"line":282,"column":1}},"7":{"start":{"line":10,"column":8},"end":{"line":45,"column":9}},"8":{"start":{"line":11,"column":33},"end":{"line":11,"column":41}},"9":{"start":{"line":12,"column":34},"end":{"line":12,"column":48}},"10":{"start":{"line":13,"column":35},"end":{"line":13,"column":80}},"11":{"start":{"line":14,"column":12},"end":{"line":16,"column":13}},"12":{"start":{"line":15,"column":16},"end":{"line":15,"column":83}},"13":{"start":{"line":18,"column":34},"end":{"line":18,"column":71}},"14":{"start":{"line":19,"column":40},"end":{"line":19,"column":71}},"15":{"start":{"line":20,"column":28},"end":{"line":20,"column":63}},"16":{"start":{"line":22,"column":28},"end":{"line":22,"column":70}},"17":{"start":{"line":23,"column":30},"end":{"line":23,"column":41}},"18":{"start":{"line":24,"column":29},"end":{"line":29,"column":14}},"19":{"start":{"line":31,"column":12},"end":{"line":31,"column":33}},"20":{"start":{"line":32,"column":12},"end":{"line":32,"column":89}},"21":{"start":{"line":34,"column":12},"end":{"line":38,"column":14}},"22":{"start":{"line":40,"column":12},"end":{"line":40,"column":67}},"23":{"start":{"line":41,"column":12},"end":{"line":41,"column":80}},"24":{"start":{"line":43,"column":12},"end":{"line":43,"column":58}},"25":{"start":{"line":44,"column":12},"end":{"line":44,"column":69}},"26":{"start":{"line":49,"column":8},"end":{"line":74,"column":9}},"27":{"start":{"line":50,"column":30},"end":{"line":50,"column":38}},"28":{"start":{"line":51,"column":25},"end":{"line":51,"column":68}},"29":{"start":{"line":52,"column":29},"end":{"line":52,"column":37}},"30":{"start":{"line":53,"column":26},"end":{"line":53,"column":65}},"31":{"start":{"line":54,"column":12},"end":{"line":56,"column":13}},"32":{"start":{"line":55,"column":16},"end":{"line":55,"column":92}},"33":{"start":{"line":58,"column":27},"end":{"line":58,"column":62}},"34":{"start":{"line":59,"column":12},"end":{"line":61,"column":13}},"35":{"start":{"line":60,"column":16},"end":{"line":60,"column":89}},"36":{"start":{"line":63,"column":12},"end":{"line":63,"column":41}},"37":{"start":{"line":64,"column":12},"end":{"line":64,"column":40}},"38":{"start":{"line":66,"column":12},"end":{"line":66,"column":31}},"39":{"start":{"line":67,"column":12},"end":{"line":67,"column":30}},"40":{"start":{"line":69,"column":12},"end":{"line":69,"column":89}},"41":{"start":{"line":70,"column":12},"end":{"line":70,"column":79}},"42":{"start":{"line":72,"column":12},"end":{"line":72,"column":58}},"43":{"start":{"line":73,"column":12},"end":{"line":73,"column":69}},"44":{"start":{"line":78,"column":27},"end":{"line":78,"column":43}},"45":{"start":{"line":79,"column":22},"end":{"line":79,"column":67}},"46":{"start":{"line":81,"column":8},"end":{"line":83,"column":9}},"47":{"start":{"line":82,"column":12},"end":{"line":82,"column":88}},"48":{"start":{"line":85,"column":8},"end":{"line":85,"column":43}},"49":{"start":{"line":89,"column":8},"end":{"line":122,"column":9}},"50":{"start":{"line":90,"column":38},"end":{"line":90,"column":46}},"51":{"start":{"line":92,"column":25},"end":{"line":92,"column":68}},"52":{"start":{"line":94,"column":32},"end":{"line":94,"column":40}},"53":{"start":{"line":96,"column":31},"end":{"line":96,"column":72}},"54":{"start":{"line":98,"column":12},"end":{"line":100,"column":13}},"55":{"start":{"line":99,"column":16},"end":{"line":99,"column":79}},"56":{"start":{"line":102,"column":30},"end":{"line":102,"column":65}},"57":{"start":{"line":104,"column":12},"end":{"line":106,"column":13}},"58":{"start":{"line":105,"column":16},"end":{"line":105,"column":110}},"59":{"start":{"line":108,"column":35},"end":{"line":108,"column":58}},"60":{"start":{"line":109,"column":36},"end":{"line":109,"column":71}},"61":{"start":{"line":111,"column":12},"end":{"line":115,"column":13}},"62":{"start":{"line":112,"column":16},"end":{"line":112,"column":44}},"63":{"start":{"line":113,"column":16},"end":{"line":113,"column":97}},"64":{"start":{"line":114,"column":16},"end":{"line":114,"column":62}},"65":{"start":{"line":117,"column":12},"end":{"line":117,"column":69}},"66":{"start":{"line":120,"column":12},"end":{"line":120,"column":58}},"67":{"start":{"line":121,"column":12},"end":{"line":121,"column":69}},"68":{"start":{"line":126,"column":8},"end":{"line":162,"column":9}},"69":{"start":{"line":127,"column":38},"end":{"line":127,"column":46}},"70":{"start":{"line":129,"column":25},"end":{"line":129,"column":68}},"71":{"start":{"line":131,"column":35},"end":{"line":131,"column":43}},"72":{"start":{"line":133,"column":31},"end":{"line":133,"column":70}},"73":{"start":{"line":135,"column":12},"end":{"line":137,"column":13}},"74":{"start":{"line":136,"column":16},"end":{"line":136,"column":79}},"75":{"start":{"line":139,"column":30},"end":{"line":139,"column":63}},"76":{"start":{"line":141,"column":12},"end":{"line":143,"column":13}},"77":{"start":{"line":142,"column":16},"end":{"line":142,"column":110}},"78":{"start":{"line":145,"column":35},"end":{"line":145,"column":58}},"79":{"start":{"line":146,"column":26},"end":{"line":146,"column":56}},"80":{"start":{"line":148,"column":12},"end":{"line":156,"column":13}},"81":{"start":{"line":149,"column":16},"end":{"line":151,"column":17}},"82":{"start":{"line":150,"column":19},"end":{"line":150,"column":51}},"83":{"start":{"line":153,"column":16},"end":{"line":153,"column":97}},"84":{"start":{"line":155,"column":16},"end":{"line":155,"column":63}},"85":{"start":{"line":158,"column":12},"end":{"line":158,"column":69}},"86":{"start":{"line":160,"column":12},"end":{"line":160,"column":61}},"87":{"start":{"line":161,"column":12},"end":{"line":161,"column":69}},"88":{"start":{"line":166,"column":8},"end":{"line":186,"column":9}},"89":{"start":{"line":167,"column":30},"end":{"line":167,"column":38}},"90":{"start":{"line":169,"column":31},"end":{"line":169,"column":72}},"91":{"start":{"line":171,"column":25},"end":{"line":171,"column":68}},"92":{"start":{"line":173,"column":12},"end":{"line":175,"column":13}},"93":{"start":{"line":174,"column":16},"end":{"line":174,"column":94}},"94":{"start":{"line":176,"column":12},"end":{"line":180,"column":13}},"95":{"start":{"line":177,"column":40},"end":{"line":177,"column":61}},"96":{"start":{"line":178,"column":16},"end":{"line":178,"column":97}},"97":{"start":{"line":179,"column":16},"end":{"line":179,"column":92}},"98":{"start":{"line":182,"column":12},"end":{"line":182,"column":69}},"99":{"start":{"line":184,"column":12},"end":{"line":184,"column":60}},"100":{"start":{"line":185,"column":12},"end":{"line":185,"column":69}},"101":{"start":{"line":190,"column":8},"end":{"line":223,"column":9}},"102":{"start":{"line":191,"column":38},"end":{"line":191,"column":46}},"103":{"start":{"line":193,"column":30},"end":{"line":193,"column":73}},"104":{"start":{"line":195,"column":26},"end":{"line":195,"column":39}},"105":{"start":{"line":196,"column":26},"end":{"line":196,"column":65}},"106":{"start":{"line":198,"column":12},"end":{"line":200,"column":13}},"107":{"start":{"line":199,"column":16},"end":{"line":199,"column":92}},"108":{"start":{"line":202,"column":12},"end":{"line":204,"column":13}},"109":{"start":{"line":203,"column":16},"end":{"line":203,"column":90}},"110":{"start":{"line":206,"column":25},"end":{"line":206,"column":58}},"111":{"start":{"line":208,"column":12},"end":{"line":210,"column":13}},"112":{"start":{"line":209,"column":16},"end":{"line":209,"column":91}},"113":{"start":{"line":212,"column":12},"end":{"line":212,"column":45}},"114":{"start":{"line":213,"column":12},"end":{"line":213,"column":39}},"115":{"start":{"line":214,"column":12},"end":{"line":214,"column":40}},"116":{"start":{"line":216,"column":12},"end":{"line":216,"column":31}},"117":{"start":{"line":217,"column":12},"end":{"line":217,"column":30}},"118":{"start":{"line":219,"column":12},"end":{"line":219,"column":78}},"119":{"start":{"line":221,"column":12},"end":{"line":221,"column":54}},"120":{"start":{"line":222,"column":12},"end":{"line":222,"column":76}},"121":{"start":{"line":227,"column":8},"end":{"line":261,"column":9}},"122":{"start":{"line":228,"column":38},"end":{"line":228,"column":46}},"123":{"start":{"line":230,"column":30},"end":{"line":230,"column":73}},"124":{"start":{"line":231,"column":26},"end":{"line":231,"column":39}},"125":{"start":{"line":233,"column":26},"end":{"line":233,"column":65}},"126":{"start":{"line":235,"column":12},"end":{"line":237,"column":13}},"127":{"start":{"line":236,"column":16},"end":{"line":236,"column":92}},"128":{"start":{"line":239,"column":12},"end":{"line":241,"column":13}},"129":{"start":{"line":240,"column":16},"end":{"line":240,"column":90}},"130":{"start":{"line":243,"column":25},"end":{"line":243,"column":58}},"131":{"start":{"line":245,"column":12},"end":{"line":247,"column":13}},"132":{"start":{"line":246,"column":16},"end":{"line":246,"column":91}},"133":{"start":{"line":249,"column":24},"end":{"line":249,"column":56}},"134":{"start":{"line":251,"column":12},"end":{"line":253,"column":13}},"135":{"start":{"line":252,"column":16},"end":{"line":252,"column":90}},"136":{"start":{"line":254,"column":12},"end":{"line":254,"column":45}},"137":{"start":{"line":255,"column":12},"end":{"line":255,"column":31}},"138":{"start":{"line":257,"column":12},"end":{"line":257,"column":80}},"139":{"start":{"line":259,"column":12},"end":{"line":259,"column":56}},"140":{"start":{"line":260,"column":12},"end":{"line":260,"column":76}},"141":{"start":{"line":265,"column":8},"end":{"line":280,"column":9}},"142":{"start":{"line":266,"column":30},"end":{"line":266,"column":48}},"143":{"start":{"line":267,"column":12},"end":{"line":267,"column":29}},"144":{"start":{"line":268,"column":12},"end":{"line":275,"column":13}},"145":{"start":{"line":269,"column":16},"end":{"line":274,"column":17}},"146":{"start":{"line":270,"column":20},"end":{"line":270,"column":51}},"147":{"start":{"line":271,"column":20},"end":{"line":271,"column":42}},"148":{"start":{"line":272,"column":20},"end":{"line":272,"column":52}},"149":{"start":{"line":273,"column":20},"end":{"line":273,"column":45}},"150":{"start":{"line":276,"column":12},"end":{"line":276,"column":56}},"151":{"start":{"line":278,"column":12},"end":{"line":278,"column":59}},"152":{"start":{"line":279,"column":12},"end":{"line":279,"column":69}},"153":{"start":{"line":284,"column":0},"end":{"line":284,"column":33}}},"fnMap":{"0":{"name":"(anonymous_0)","decl":{"start":{"line":9,"column":4},"end":{"line":9,"column":5}},"loc":{"start":{"line":9,"column":32},"end":{"line":46,"column":5}},"line":9},"1":{"name":"(anonymous_1)","decl":{"start":{"line":48,"column":4},"end":{"line":48,"column":5}},"loc":{"start":{"line":48,"column":30},"end":{"line":75,"column":5}},"line":48},"2":{"name":"(anonymous_2)","decl":{"start":{"line":77,"column":4},"end":{"line":77,"column":5}},"loc":{"start":{"line":77,"column":29},"end":{"line":86,"column":5}},"line":77},"3":{"name":"(anonymous_3)","decl":{"start":{"line":88,"column":4},"end":{"line":88,"column":5}},"loc":{"start":{"line":88,"column":33},"end":{"line":123,"column":5}},"line":88},"4":{"name":"(anonymous_4)","decl":{"start":{"line":125,"column":4},"end":{"line":125,"column":5}},"loc":{"start":{"line":125,"column":36},"end":{"line":163,"column":5}},"line":125},"5":{"name":"(anonymous_5)","decl":{"start":{"line":165,"column":4},"end":{"line":165,"column":5}},"loc":{"start":{"line":165,"column":34},"end":{"line":187,"column":5}},"line":165},"6":{"name":"(anonymous_6)","decl":{"start":{"line":189,"column":4},"end":{"line":189,"column":5}},"loc":{"start":{"line":189,"column":28},"end":{"line":224,"column":5}},"line":189},"7":{"name":"(anonymous_7)","decl":{"start":{"line":226,"column":4},"end":{"line":226,"column":5}},"loc":{"start":{"line":226,"column":30},"end":{"line":262,"column":5}},"line":226},"8":{"name":"(anonymous_8)","decl":{"start":{"line":264,"column":4},"end":{"line":264,"column":5}},"loc":{"start":{"line":264,"column":33},"end":{"line":281,"column":5}},"line":264}},"branchMap":{"0":{"loc":{"start":{"line":14,"column":12},"end":{"line":16,"column":13}},"type":"if","locations":[{"start":{"line":14,"column":12},"end":{"line":16,"column":13}},{"start":{},"end":{}}],"line":14},"1":{"loc":{"start":{"line":54,"column":12},"end":{"line":56,"column":13}},"type":"if","locations":[{"start":{"line":54,"column":12},"end":{"line":56,"column":13}},{"start":{},"end":{}}],"line":54},"2":{"loc":{"start":{"line":59,"column":12},"end":{"line":61,"column":13}},"type":"if","locations":[{"start":{"line":59,"column":12},"end":{"line":61,"column":13}},{"start":{},"end":{}}],"line":59},"3":{"loc":{"start":{"line":81,"column":8},"end":{"line":83,"column":9}},"type":"if","locations":[{"start":{"line":81,"column":8},"end":{"line":83,"column":9}},{"start":{},"end":{}}],"line":81},"4":{"loc":{"start":{"line":98,"column":12},"end":{"line":100,"column":13}},"type":"if","locations":[{"start":{"line":98,"column":12},"end":{"line":100,"column":13}},{"start":{},"end":{}}],"line":98},"5":{"loc":{"start":{"line":104,"column":12},"end":{"line":106,"column":13}},"type":"if","locations":[{"start":{"line":104,"column":12},"end":{"line":106,"column":13}},{"start":{},"end":{}}],"line":104},"6":{"loc":{"start":{"line":111,"column":12},"end":{"line":115,"column":13}},"type":"if","locations":[{"start":{"line":111,"column":12},"end":{"line":115,"column":13}},{"start":{},"end":{}}],"line":111},"7":{"loc":{"start":{"line":111,"column":16},"end":{"line":111,"column":76}},"type":"binary-expr","locations":[{"start":{"line":111,"column":16},"end":{"line":111,"column":51}},{"start":{"line":111,"column":55},"end":{"line":111,"column":76}}],"line":111},"8":{"loc":{"start":{"line":135,"column":12},"end":{"line":137,"column":13}},"type":"if","locations":[{"start":{"line":135,"column":12},"end":{"line":137,"column":13}},{"start":{},"end":{}}],"line":135},"9":{"loc":{"start":{"line":141,"column":12},"end":{"line":143,"column":13}},"type":"if","locations":[{"start":{"line":141,"column":12},"end":{"line":143,"column":13}},{"start":{},"end":{}}],"line":141},"10":{"loc":{"start":{"line":148,"column":12},"end":{"line":156,"column":13}},"type":"if","locations":[{"start":{"line":148,"column":12},"end":{"line":156,"column":13}},{"start":{},"end":{}}],"line":148},"11":{"loc":{"start":{"line":149,"column":16},"end":{"line":151,"column":17}},"type":"if","locations":[{"start":{"line":149,"column":16},"end":{"line":151,"column":17}},{"start":{},"end":{}}],"line":149},"12":{"loc":{"start":{"line":173,"column":12},"end":{"line":175,"column":13}},"type":"if","locations":[{"start":{"line":173,"column":12},"end":{"line":175,"column":13}},{"start":{},"end":{}}],"line":173},"13":{"loc":{"start":{"line":176,"column":12},"end":{"line":180,"column":13}},"type":"if","locations":[{"start":{"line":176,"column":12},"end":{"line":180,"column":13}},{"start":{},"end":{}}],"line":176},"14":{"loc":{"start":{"line":198,"column":12},"end":{"line":200,"column":13}},"type":"if","locations":[{"start":{"line":198,"column":12},"end":{"line":200,"column":13}},{"start":{},"end":{}}],"line":198},"15":{"loc":{"start":{"line":202,"column":12},"end":{"line":204,"column":13}},"type":"if","locations":[{"start":{"line":202,"column":12},"end":{"line":204,"column":13}},{"start":{},"end":{}}],"line":202},"16":{"loc":{"start":{"line":202,"column":15},"end":{"line":202,"column":92}},"type":"binary-expr","locations":[{"start":{"line":202,"column":15},"end":{"line":202,"column":25}},{"start":{"line":202,"column":29},"end":{"line":202,"column":64}},{"start":{"line":202,"column":68},"end":{"line":202,"column":92}}],"line":202},"17":{"loc":{"start":{"line":208,"column":12},"end":{"line":210,"column":13}},"type":"if","locations":[{"start":{"line":208,"column":12},"end":{"line":210,"column":13}},{"start":{},"end":{}}],"line":208},"18":{"loc":{"start":{"line":235,"column":12},"end":{"line":237,"column":13}},"type":"if","locations":[{"start":{"line":235,"column":12},"end":{"line":237,"column":13}},{"start":{},"end":{}}],"line":235},"19":{"loc":{"start":{"line":239,"column":12},"end":{"line":241,"column":13}},"type":"if","locations":[{"start":{"line":239,"column":12},"end":{"line":241,"column":13}},{"start":{},"end":{}}],"line":239},"20":{"loc":{"start":{"line":239,"column":15},"end":{"line":239,"column":92}},"type":"binary-expr","locations":[{"start":{"line":239,"column":15},"end":{"line":239,"column":25}},{"start":{"line":239,"column":29},"end":{"line":239,"column":64}},{"start":{"line":239,"column":68},"end":{"line":239,"column":92}}],"line":239},"21":{"loc":{"start":{"line":245,"column":12},"end":{"line":247,"column":13}},"type":"if","locations":[{"start":{"line":245,"column":12},"end":{"line":247,"column":13}},{"start":{},"end":{}}],"line":245},"22":{"loc":{"start":{"line":245,"column":15},"end":{"line":245,"column":62}},"type":"binary-expr","locations":[{"start":{"line":245,"column":15},"end":{"line":245,"column":20}},{"start":{"line":245,"column":24},"end":{"line":245,"column":62}}],"line":245},"23":{"loc":{"start":{"line":251,"column":12},"end":{"line":253,"column":13}},"type":"if","locations":[{"start":{"line":251,"column":12},"end":{"line":253,"column":13}},{"start":{},"end":{}}],"line":251},"24":{"loc":{"start":{"line":251,"column":15},"end":{"line":251,"column":86}},"type":"binary-expr","locations":[{"start":{"line":251,"column":15},"end":{"line":251,"column":19}},{"start":{"line":251,"column":23},"end":{"line":251,"column":58}},{"start":{"line":251,"column":62},"end":{"line":251,"column":86}}],"line":251},"25":{"loc":{"start":{"line":269,"column":16},"end":{"line":274,"column":17}},"type":"if","locations":[{"start":{"line":269,"column":16},"end":{"line":274,"column":17}},{"start":{},"end":{}}],"line":269}},"s":{"0":3,"1":3,"2":3,"3":3,"4":3,"5":3,"6":3,"7":2,"8":2,"9":2,"10":2,"11":2,"12":1,"13":1,"14":1,"15":1,"16":1,"17":1,"18":1,"19":1,"20":1,"21":1,"22":1,"23":1,"24":0,"25":0,"26":1,"27":1,"28":1,"29":1,"30":1,"31":1,"32":0,"33":1,"34":1,"35":0,"36":1,"37":1,"38":1,"39":1,"40":1,"41":1,"42":0,"43":0,"44":1,"45":1,"46":1,"47":1,"48":0,"49":2,"50":2,"51":2,"52":2,"53":2,"54":2,"55":0,"56":2,"57":2,"58":0,"59":2,"60":2,"61":2,"62":1,"63":1,"64":1,"65":1,"66":0,"67":0,"68":0,"69":0,"70":0,"71":0,"72":0,"73":0,"74":0,"75":0,"76":0,"77":0,"78":0,"79":0,"80":0,"81":0,"82":0,"83":0,"84":0,"85":0,"86":0,"87":0,"88":3,"89":3,"90":3,"91":3,"92":3,"93":1,"94":2,"95":1,"96":1,"97":1,"98":1,"99":0,"100":0,"101":2,"102":2,"103":2,"104":2,"105":2,"106":2,"107":0,"108":2,"109":0,"110":2,"111":2,"112":0,"113":2,"114":2,"115":2,"116":2,"117":2,"118":2,"119":0,"120":0,"121":2,"122":2,"123":2,"124":2,"125":2,"126":2,"127":0,"128":2,"129":0,"130":2,"131":2,"132":0,"133":2,"134":2,"135":0,"136":2,"137":2,"138":2,"139":0,"140":0,"141":1,"142":1,"143":1,"144":1,"145":4,"146":3,"147":3,"148":3,"149":3,"150":1,"151":0,"152":0,"153":3},"f":{"0":2,"1":1,"2":1,"3":2,"4":0,"5":3,"6":2,"7":2,"8":1},"b":{"0":[1,1],"1":[0,1],"2":[0,1],"3":[1,0],"4":[0,2],"5":[0,2],"6":[1,1],"7":[2,1],"8":[0,0],"9":[0,0],"10":[0,0],"11":[0,0],"12":[1,2],"13":[1,1],"14":[0,2],"15":[0,2],"16":[2,2,2],"17":[0,2],"18":[0,2],"19":[0,2],"20":[2,2,2],"21":[0,2],"22":[2,2],"23":[0,2],"24":[2,2,2],"25":[3,1]},"_coverageSchema":"1a1c01bbd47fc00a2c39e90264f33305004495a9","hash":"a42df0e26f8e62a53e3bfcb6f0956907145cbfac"}
,"/home/VoidWalker/Code/cs307/Bee-roll/backend/controllers/movieController.js": {"path":"/home/VoidWalker/Code/cs307/Bee-roll/backend/controllers/movieController.js","statementMap":{"0":{"start":{"line":1,"column":17},"end":{"line":1,"column":36}},"1":{"start":{"line":2,"column":16},"end":{"line":2,"column":34}},"2":{"start":{"line":3,"column":14},"end":{"line":3,"column":42}},"3":{"start":{"line":6,"column":2},"end":{"line":6,"column":55}},"4":{"start":{"line":10,"column":24},"end":{"line":54,"column":1}},"5":{"start":{"line":13,"column":8},"end":{"line":26,"column":9}},"6":{"start":{"line":14,"column":31},"end":{"line":14,"column":41}},"7":{"start":{"line":16,"column":31},"end":{"line":16,"column":73}},"8":{"start":{"line":18,"column":12},"end":{"line":20,"column":13}},"9":{"start":{"line":19,"column":16},"end":{"line":19,"column":82}},"10":{"start":{"line":22,"column":12},"end":{"line":22,"column":56}},"11":{"start":{"line":24,"column":12},"end":{"line":24,"column":59}},"12":{"start":{"line":25,"column":12},"end":{"line":25,"column":76}},"13":{"start":{"line":30,"column":8},"end":{"line":41,"column":9}},"14":{"start":{"line":31,"column":30},"end":{"line":31,"column":40}},"15":{"start":{"line":33,"column":26},"end":{"line":33,"column":65}},"16":{"start":{"line":35,"column":32},"end":{"line":35,"column":66}},"17":{"start":{"line":37,"column":12},"end":{"line":37,"column":57}},"18":{"start":{"line":39,"column":12},"end":{"line":39,"column":68}},"19":{"start":{"line":40,"column":12},"end":{"line":40,"column":76}},"20":{"start":{"line":45,"column":8},"end":{"line":52,"column":9}},"21":{"start":{"line":46,"column":30},"end":{"line":46,"column":58}},"22":{"start":{"line":48,"column":12},"end":{"line":48,"column":63}},"23":{"start":{"line":50,"column":12},"end":{"line":50,"column":59}},"24":{"start":{"line":51,"column":12},"end":{"line":51,"column":76}},"25":{"start":{"line":56,"column":0},"end":{"line":56,"column":33}}},"fnMap":{"0":{"name":"escapeRegExp","decl":{"start":{"line":5,"column":9},"end":{"line":5,"column":21}},"loc":{"start":{"line":5,"column":30},"end":{"line":7,"column":1}},"line":5},"1":{"name":"(anonymous_1)","decl":{"start":{"line":12,"column":4},"end":{"line":12,"column":5}},"loc":{"start":{"line":12,"column":33},"end":{"line":27,"column":5}},"line":12},"2":{"name":"(anonymous_2)","decl":{"start":{"line":29,"column":4},"end":{"line":29,"column":5}},"loc":{"start":{"line":29,"column":42},"end":{"line":42,"column":5}},"line":29},"3":{"name":"(anonymous_3)","decl":{"start":{"line":44,"column":4},"end":{"line":44,"column":5}},"loc":{"start":{"line":44,"column":33},"end":{"line":53,"column":5}},"line":44}},"branchMap":{"0":{"loc":{"start":{"line":18,"column":12},"end":{"line":20,"column":13}},"type":"if","locations":[{"start":{"line":18,"column":12},"end":{"line":20,"column":13}},{"start":{},"end":{}}],"line":18}},"s":{"0":3,"1":3,"2":3,"3":0,"4":3,"5":0,"6":0,"7":0,"8":0,"9":0,"10":0,"11":0,"12":0,"13":0,"14":0,"15":0,"16":0,"17":0,"18":0,"19":0,"20":0,"21":0,"22":0,"23":0,"24":0,"25":3},"f":{"0":0,"1":0,"2":0,"3":0},"b":{"0":[0,0]},"_coverageSchema":"1a1c01bbd47fc00a2c39e90264f33305004495a9","hash":"a30771b3a99008ca45501e7c66fda18b8ff5dfc3"}
,"/home/VoidWalker/Code/cs307/Bee-roll/backend/controllers/postController.js": {"path":"/home/VoidWalker/Code/cs307/Bee-roll/backend/controllers/postController.js","statementMap":{"0":{"start":{"line":1,"column":17},"end":{"line":1,"column":36}},"1":{"start":{"line":2,"column":16},"end":{"line":2,"column":34}},"2":{"start":{"line":3,"column":16},"end":{"line":3,"column":46}},"3":{"start":{"line":4,"column":14},"end":{"line":4,"column":42}},"4":{"start":{"line":5,"column":13},"end":{"line":5,"column":40}},"5":{"start":{"line":6,"column":13},"end":{"line":6,"column":40}},"6":{"start":{"line":8,"column":23},"end":{"line":203,"column":1}},"7":{"start":{"line":10,"column":8},"end":{"line":54,"column":9}},"8":{"start":{"line":11,"column":51},"end":{"line":11,"column":59}},"9":{"start":{"line":13,"column":33},"end":{"line":13,"column":78}},"10":{"start":{"line":15,"column":30},"end":{"line":15,"column":46}},"11":{"start":{"line":17,"column":31},"end":{"line":17,"column":72}},"12":{"start":{"line":19,"column":12},"end":{"line":21,"column":13}},"13":{"start":{"line":20,"column":16},"end":{"line":20,"column":92}},"14":{"start":{"line":23,"column":34},"end":{"line":23,"column":70}},"15":{"start":{"line":24,"column":39},"end":{"line":24,"column":70}},"16":{"start":{"line":25,"column":32},"end":{"line":25,"column":54}},"17":{"start":{"line":26,"column":28},"end":{"line":32,"column":14}},"18":{"start":{"line":34,"column":12},"end":{"line":34,"column":32}},"19":{"start":{"line":35,"column":12},"end":{"line":35,"column":92}},"20":{"start":{"line":37,"column":12},"end":{"line":41,"column":14}},"21":{"start":{"line":43,"column":12},"end":{"line":47,"column":14}},"22":{"start":{"line":49,"column":12},"end":{"line":49,"column":65}},"23":{"start":{"line":50,"column":12},"end":{"line":50,"column":79}},"24":{"start":{"line":52,"column":12},"end":{"line":52,"column":57}},"25":{"start":{"line":53,"column":12},"end":{"line":53,"column":69}},"26":{"start":{"line":58,"column":8},"end":{"line":91,"column":9}},"27":{"start":{"line":59,"column":38},"end":{"line":59,"column":46}},"28":{"start":{"line":61,"column":25},"end":{"line":61,"column":62}},"29":{"start":{"line":63,"column":12},"end":{"line":65,"column":13}},"30":{"start":{"line":64,"column":16},"end":{"line":64,"column":79}},"31":{"start":{"line":67,"column":26},"end":{"line":67,"column":67}},"32":{"start":{"line":69,"column":12},"end":{"line":71,"column":13}},"33":{"start":{"line":70,"column":16},"end":{"line":70,"column":79}},"34":{"start":{"line":73,"column":12},"end":{"line":75,"column":13}},"35":{"start":{"line":74,"column":16},"end":{"line":74,"column":95}},"36":{"start":{"line":77,"column":30},"end":{"line":77,"column":75}},"37":{"start":{"line":79,"column":27},"end":{"line":79,"column":40}},"38":{"start":{"line":80,"column":26},"end":{"line":80,"column":60}},"39":{"start":{"line":82,"column":12},"end":{"line":86,"column":13}},"40":{"start":{"line":83,"column":16},"end":{"line":83,"column":42}},"41":{"start":{"line":84,"column":16},"end":{"line":84,"column":34}},"42":{"start":{"line":85,"column":16},"end":{"line":85,"column":72}},"43":{"start":{"line":87,"column":12},"end":{"line":87,"column":67}},"44":{"start":{"line":89,"column":12},"end":{"line":89,"column":54}},"45":{"start":{"line":90,"column":12},"end":{"line":90,"column":69}},"46":{"start":{"line":95,"column":8},"end":{"line":109,"column":9}},"47":{"start":{"line":96,"column":30},"end":{"line":96,"column":40}},"48":{"start":{"line":98,"column":30},"end":{"line":98,"column":69}},"49":{"start":{"line":100,"column":12},"end":{"line":102,"column":13}},"50":{"start":{"line":101,"column":16},"end":{"line":101,"column":81}},"51":{"start":{"line":104,"column":12},"end":{"line":104,"column":55}},"52":{"start":{"line":107,"column":12},"end":{"line":107,"column":58}},"53":{"start":{"line":108,"column":12},"end":{"line":108,"column":76}},"54":{"start":{"line":113,"column":8},"end":{"line":170,"column":9}},"55":{"start":{"line":114,"column":30},"end":{"line":114,"column":40}},"56":{"start":{"line":116,"column":32},"end":{"line":116,"column":77}},"57":{"start":{"line":118,"column":30},"end":{"line":118,"column":69}},"58":{"start":{"line":120,"column":12},"end":{"line":122,"column":13}},"59":{"start":{"line":121,"column":16},"end":{"line":121,"column":81}},"60":{"start":{"line":124,"column":29},"end":{"line":124,"column":46}},"61":{"start":{"line":126,"column":31},"end":{"line":126,"column":73}},"62":{"start":{"line":128,"column":12},"end":{"line":130,"column":13}},"63":{"start":{"line":129,"column":16},"end":{"line":129,"column":83}},"64":{"start":{"line":132,"column":28},"end":{"line":132,"column":44}},"65":{"start":{"line":134,"column":30},"end":{"line":134,"column":66}},"66":{"start":{"line":136,"column":12},"end":{"line":138,"column":13}},"67":{"start":{"line":137,"column":16},"end":{"line":137,"column":95}},"68":{"start":{"line":140,"column":30},"end":{"line":140,"column":45}},"69":{"start":{"line":141,"column":26},"end":{"line":141,"column":68}},"70":{"start":{"line":143,"column":12},"end":{"line":164,"column":13}},"71":{"start":{"line":145,"column":38},"end":{"line":145,"column":56}},"72":{"start":{"line":146,"column":35},"end":{"line":146,"column":65}},"73":{"start":{"line":148,"column":16},"end":{"line":150,"column":17}},"74":{"start":{"line":149,"column":20},"end":{"line":149,"column":56}},"75":{"start":{"line":152,"column":39},"end":{"line":152,"column":57}},"76":{"start":{"line":153,"column":36},"end":{"line":153,"column":67}},"77":{"start":{"line":155,"column":16},"end":{"line":157,"column":17}},"78":{"start":{"line":156,"column":20},"end":{"line":156,"column":58}},"79":{"start":{"line":159,"column":16},"end":{"line":159,"column":88}},"80":{"start":{"line":160,"column":16},"end":{"line":160,"column":95}},"81":{"start":{"line":161,"column":16},"end":{"line":161,"column":58}},"82":{"start":{"line":163,"column":16},"end":{"line":163,"column":86}},"83":{"start":{"line":165,"column":12},"end":{"line":165,"column":67}},"84":{"start":{"line":168,"column":12},"end":{"line":168,"column":57}},"85":{"start":{"line":169,"column":12},"end":{"line":169,"column":76}},"86":{"start":{"line":174,"column":27},"end":{"line":174,"column":41}},"87":{"start":{"line":176,"column":28},"end":{"line":176,"column":67}},"88":{"start":{"line":178,"column":8},"end":{"line":180,"column":9}},"89":{"start":{"line":179,"column":12},"end":{"line":179,"column":70}},"90":{"start":{"line":182,"column":32},"end":{"line":182,"column":34}},"91":{"start":{"line":184,"column":8},"end":{"line":186,"column":9}},"92":{"start":{"line":185,"column":12},"end":{"line":185,"column":93}},"93":{"start":{"line":188,"column":8},"end":{"line":198,"column":9}},"94":{"start":{"line":189,"column":33},"end":{"line":189,"column":75}},"95":{"start":{"line":191,"column":12},"end":{"line":197,"column":13}},"96":{"start":{"line":192,"column":16},"end":{"line":192,"column":63}},"97":{"start":{"line":195,"column":37},"end":{"line":195,"column":68}},"98":{"start":{"line":196,"column":16},"end":{"line":196,"column":54}},"99":{"start":{"line":200,"column":8},"end":{"line":200,"column":63}},"100":{"start":{"line":205,"column":0},"end":{"line":205,"column":32}}},"fnMap":{"0":{"name":"(anonymous_0)","decl":{"start":{"line":9,"column":4},"end":{"line":9,"column":5}},"loc":{"start":{"line":9,"column":31},"end":{"line":55,"column":5}},"line":9},"1":{"name":"(anonymous_1)","decl":{"start":{"line":57,"column":4},"end":{"line":57,"column":5}},"loc":{"start":{"line":57,"column":28},"end":{"line":92,"column":5}},"line":57},"2":{"name":"(anonymous_2)","decl":{"start":{"line":94,"column":4},"end":{"line":94,"column":5}},"loc":{"start":{"line":94,"column":32},"end":{"line":110,"column":5}},"line":94},"3":{"name":"(anonymous_3)","decl":{"start":{"line":112,"column":4},"end":{"line":112,"column":5}},"loc":{"start":{"line":112,"column":31},"end":{"line":171,"column":5}},"line":112},"4":{"name":"(anonymous_4)","decl":{"start":{"line":173,"column":4},"end":{"line":173,"column":5}},"loc":{"start":{"line":173,"column":35},"end":{"line":202,"column":5}},"line":173}},"branchMap":{"0":{"loc":{"start":{"line":19,"column":12},"end":{"line":21,"column":13}},"type":"if","locations":[{"start":{"line":19,"column":12},"end":{"line":21,"column":13}},{"start":{},"end":{}}],"line":19},"1":{"loc":{"start":{"line":63,"column":12},"end":{"line":65,"column":13}},"type":"if","locations":[{"start":{"line":63,"column":12},"end":{"line":65,"column":13}},{"start":{},"end":{}}],"line":63},"2":{"loc":{"start":{"line":69,"column":12},"end":{"line":71,"column":13}},"type":"if","locations":[{"start":{"line":69,"column":12},"end":{"line":71,"column":13}},{"start":{},"end":{}}],"line":69},"3":{"loc":{"start":{"line":73,"column":12},"end":{"line":75,"column":13}},"type":"if","locations":[{"start":{"line":73,"column":12},"end":{"line":75,"column":13}},{"start":{},"end":{}}],"line":73},"4":{"loc":{"start":{"line":82,"column":12},"end":{"line":86,"column":13}},"type":"if","locations":[{"start":{"line":82,"column":12},"end":{"line":86,"column":13}},{"start":{},"end":{}}],"line":82},"5":{"loc":{"start":{"line":82,"column":16},"end":{"line":82,"column":56}},"type":"binary-expr","locations":[{"start":{"line":82,"column":16},"end":{"line":82,"column":27}},{"start":{"line":82,"column":31},"end":{"line":82,"column":56}}],"line":82},"6":{"loc":{"start":{"line":100,"column":12},"end":{"line":102,"column":13}},"type":"if","locations":[{"start":{"line":100,"column":12},"end":{"line":102,"column":13}},{"start":{},"end":{}}],"line":100},"7":{"loc":{"start":{"line":120,"column":12},"end":{"line":122,"column":13}},"type":"if","locations":[{"start":{"line":120,"column":12},"end":{"line":122,"column":13}},{"start":{},"end":{}}],"line":120},"8":{"loc":{"start":{"line":128,"column":12},"end":{"line":130,"column":13}},"type":"if","locations":[{"start":{"line":128,"column":12},"end":{"line":130,"column":13}},{"start":{},"end":{}}],"line":128},"9":{"loc":{"start":{"line":136,"column":12},"end":{"line":138,"column":13}},"type":"if","locations":[{"start":{"line":136,"column":12},"end":{"line":138,"column":13}},{"start":{},"end":{}}],"line":136},"10":{"loc":{"start":{"line":143,"column":12},"end":{"line":164,"column":13}},"type":"if","locations":[{"start":{"line":143,"column":12},"end":{"line":164,"column":13}},{"start":{},"end":{}}],"line":143},"11":{"loc":{"start":{"line":143,"column":16},"end":{"line":143,"column":88}},"type":"binary-expr","locations":[{"start":{"line":143,"column":16},"end":{"line":143,"column":49}},{"start":{"line":143,"column":53},"end":{"line":143,"column":64}},{"start":{"line":143,"column":68},"end":{"line":143,"column":88}}],"line":143},"12":{"loc":{"start":{"line":148,"column":16},"end":{"line":150,"column":17}},"type":"if","locations":[{"start":{"line":148,"column":16},"end":{"line":150,"column":17}},{"start":{},"end":{}}],"line":148},"13":{"loc":{"start":{"line":155,"column":16},"end":{"line":157,"column":17}},"type":"if","locations":[{"start":{"line":155,"column":16},"end":{"line":157,"column":17}},{"start":{},"end":{}}],"line":155},"14":{"loc":{"start":{"line":178,"column":8},"end":{"line":180,"column":9}},"type":"if","locations":[{"start":{"line":178,"column":8},"end":{"line":180,"column":9}},{"start":{},"end":{}}],"line":178},"15":{"loc":{"start":{"line":184,"column":8},"end":{"line":186,"column":9}},"type":"if","locations":[{"start":{"line":184,"column":8},"end":{"line":186,"column":9}},{"start":{},"end":{}}],"line":184},"16":{"loc":{"start":{"line":191,"column":12},"end":{"line":197,"column":13}},"type":"if","locations":[{"start":{"line":191,"column":12},"end":{"line":197,"column":13}},{"start":{"line":194,"column":17},"end":{"line":197,"column":13}}],"line":191}},"s":{"0":3,"1":3,"2":3,"3":3,"4":3,"5":3,"6":3,"7":2,"8":2,"9":2,"10":2,"11":2,"12":2,"13":1,"14":1,"15":1,"16":1,"17":1,"18":1,"19":1,"20":1,"21":1,"22":1,"23":1,"24":0,"25":0,"26":3,"27":3,"28":3,"29":3,"30":0,"31":3,"32":3,"33":0,"34":3,"35":1,"36":2,"37":2,"38":2,"39":2,"40":1,"41":1,"42":1,"43":1,"44":0,"45":0,"46":2,"47":2,"48":2,"49":2,"50":1,"51":1,"52":0,"53":0,"54":2,"55":2,"56":2,"57":2,"58":2,"59":0,"60":2,"61":2,"62":2,"63":0,"64":2,"65":2,"66":2,"67":0,"68":2,"69":2,"70":2,"71":1,"72":1,"73":1,"74":1,"75":1,"76":1,"77":1,"78":1,"79":1,"80":1,"81":1,"82":1,"83":1,"84":0,"85":0,"86":1,"87":1,"88":1,"89":0,"90":1,"91":1,"92":0,"93":1,"94":2,"95":2,"96":2,"97":0,"98":0,"99":1,"100":3},"f":{"0":2,"1":3,"2":2,"3":2,"4":1},"b":{"0":[1,1],"1":[0,3],"2":[0,3],"3":[1,2],"4":[1,1],"5":[2,2],"6":[1,1],"7":[0,2],"8":[0,2],"9":[0,2],"10":[1,1],"11":[2,1,1],"12":[1,0],"13":[1,0],"14":[0,1],"15":[0,1],"16":[2,0]},"_coverageSchema":"1a1c01bbd47fc00a2c39e90264f33305004495a9","hash":"f5932e7bb7b9c40f41c871568142db56e82983d0"}
,"/home/VoidWalker/Code/cs307/Bee-roll/backend/controllers/predictController.js": {"path":"/home/VoidWalker/Code/cs307/Bee-roll/backend/controllers/predictController.js","statementMap":{"0":{"start":{"line":1,"column":15},"end":{"line":1,"column":44}},"1":{"start":{"line":2,"column":13},"end":{"line":2,"column":40}},"2":{"start":{"line":3,"column":14},"end":{"line":3,"column":39}},"3":{"start":{"line":4,"column":16},"end":{"line":4,"column":34}},"4":{"start":{"line":6,"column":12},"end":{"line":6,"column":35}},"5":{"start":{"line":8,"column":26},"end":{"line":157,"column":1}},"6":{"start":{"line":11,"column":8},"end":{"line":40,"column":9}},"7":{"start":{"line":12,"column":31},"end":{"line":12,"column":41}},"8":{"start":{"line":13,"column":31},"end":{"line":13,"column":65}},"9":{"start":{"line":15,"column":12},"end":{"line":17,"column":13}},"10":{"start":{"line":16,"column":16},"end":{"line":16,"column":80}},"11":{"start":{"line":19,"column":24},"end":{"line":19,"column":66}},"12":{"start":{"line":21,"column":28},"end":{"line":26,"column":13}},"13":{"start":{"line":28,"column":41},"end":{"line":28,"column":66}},"14":{"start":{"line":30,"column":12},"end":{"line":33,"column":13}},"15":{"start":{"line":31,"column":29},"end":{"line":31,"column":62}},"16":{"start":{"line":32,"column":16},"end":{"line":32,"column":50}},"17":{"start":{"line":35,"column":12},"end":{"line":35,"column":64}},"18":{"start":{"line":36,"column":12},"end":{"line":36,"column":76}},"19":{"start":{"line":38,"column":12},"end":{"line":38,"column":59}},"20":{"start":{"line":39,"column":12},"end":{"line":39,"column":76}},"21":{"start":{"line":44,"column":8},"end":{"line":86,"column":9}},"22":{"start":{"line":45,"column":30},"end":{"line":45,"column":40}},"23":{"start":{"line":47,"column":31},"end":{"line":47,"column":61}},"24":{"start":{"line":49,"column":12},"end":{"line":51,"column":13}},"25":{"start":{"line":50,"column":16},"end":{"line":50,"column":79}},"26":{"start":{"line":53,"column":33},"end":{"line":53,"column":71}},"27":{"start":{"line":54,"column":40},"end":{"line":54,"column":72}},"28":{"start":{"line":56,"column":12},"end":{"line":58,"column":13}},"29":{"start":{"line":57,"column":16},"end":{"line":57,"column":99}},"30":{"start":{"line":60,"column":24},"end":{"line":60,"column":44}},"31":{"start":{"line":61,"column":28},"end":{"line":67,"column":13}},"32":{"start":{"line":69,"column":41},"end":{"line":69,"column":66}},"33":{"start":{"line":71,"column":12},"end":{"line":77,"column":13}},"34":{"start":{"line":72,"column":16},"end":{"line":72,"column":57}},"35":{"start":{"line":73,"column":16},"end":{"line":75,"column":17}},"36":{"start":{"line":74,"column":20},"end":{"line":74,"column":111}},"37":{"start":{"line":76,"column":16},"end":{"line":76,"column":50}},"38":{"start":{"line":79,"column":12},"end":{"line":79,"column":64}},"39":{"start":{"line":80,"column":12},"end":{"line":80,"column":76}},"40":{"start":{"line":84,"column":12},"end":{"line":84,"column":58}},"41":{"start":{"line":85,"column":12},"end":{"line":85,"column":76}},"42":{"start":{"line":90,"column":8},"end":{"line":121,"column":9}},"43":{"start":{"line":91,"column":30},"end":{"line":91,"column":40}},"44":{"start":{"line":93,"column":30},"end":{"line":93,"column":60}},"45":{"start":{"line":95,"column":12},"end":{"line":97,"column":13}},"46":{"start":{"line":96,"column":16},"end":{"line":96,"column":79}},"47":{"start":{"line":99,"column":24},"end":{"line":99,"column":63}},"48":{"start":{"line":101,"column":28},"end":{"line":106,"column":13}},"49":{"start":{"line":108,"column":34},"end":{"line":108,"column":59}},"50":{"start":{"line":110,"column":12},"end":{"line":113,"column":13}},"51":{"start":{"line":111,"column":16},"end":{"line":111,"column":49}},"52":{"start":{"line":112,"column":16},"end":{"line":112,"column":50}},"53":{"start":{"line":115,"column":12},"end":{"line":115,"column":64}},"54":{"start":{"line":116,"column":12},"end":{"line":116,"column":76}},"55":{"start":{"line":119,"column":12},"end":{"line":119,"column":58}},"56":{"start":{"line":120,"column":12},"end":{"line":120,"column":69}},"57":{"start":{"line":125,"column":8},"end":{"line":155,"column":9}},"58":{"start":{"line":126,"column":29},"end":{"line":126,"column":63}},"59":{"start":{"line":128,"column":12},"end":{"line":130,"column":13}},"60":{"start":{"line":129,"column":16},"end":{"line":129,"column":24}},"61":{"start":{"line":132,"column":33},"end":{"line":132,"column":71}},"62":{"start":{"line":133,"column":40},"end":{"line":133,"column":72}},"63":{"start":{"line":135,"column":12},"end":{"line":137,"column":13}},"64":{"start":{"line":136,"column":16},"end":{"line":136,"column":99}},"65":{"start":{"line":139,"column":24},"end":{"line":139,"column":43}},"66":{"start":{"line":140,"column":28},"end":{"line":146,"column":13}},"67":{"start":{"line":148,"column":12},"end":{"line":148,"column":38}},"68":{"start":{"line":150,"column":12},"end":{"line":150,"column":20}},"69":{"start":{"line":153,"column":12},"end":{"line":153,"column":57}},"70":{"start":{"line":154,"column":12},"end":{"line":154,"column":20}},"71":{"start":{"line":159,"column":0},"end":{"line":159,"column":35}}},"fnMap":{"0":{"name":"(anonymous_0)","decl":{"start":{"line":10,"column":4},"end":{"line":10,"column":5}},"loc":{"start":{"line":10,"column":33},"end":{"line":41,"column":5}},"line":10},"1":{"name":"(anonymous_1)","decl":{"start":{"line":43,"column":4},"end":{"line":43,"column":5}},"loc":{"start":{"line":43,"column":32},"end":{"line":87,"column":5}},"line":43},"2":{"name":"(anonymous_2)","decl":{"start":{"line":89,"column":4},"end":{"line":89,"column":5}},"loc":{"start":{"line":89,"column":32},"end":{"line":122,"column":5}},"line":89},"3":{"name":"(anonymous_3)","decl":{"start":{"line":124,"column":4},"end":{"line":124,"column":5}},"loc":{"start":{"line":124,"column":30},"end":{"line":156,"column":5}},"line":124}},"branchMap":{"0":{"loc":{"start":{"line":15,"column":12},"end":{"line":17,"column":13}},"type":"if","locations":[{"start":{"line":15,"column":12},"end":{"line":17,"column":13}},{"start":{},"end":{}}],"line":15},"1":{"loc":{"start":{"line":30,"column":12},"end":{"line":33,"column":13}},"type":"if","locations":[{"start":{"line":30,"column":12},"end":{"line":33,"column":13}},{"start":{},"end":{}}],"line":30},"2":{"loc":{"start":{"line":49,"column":12},"end":{"line":51,"column":13}},"type":"if","locations":[{"start":{"line":49,"column":12},"end":{"line":51,"column":13}},{"start":{},"end":{}}],"line":49},"3":{"loc":{"start":{"line":71,"column":12},"end":{"line":77,"column":13}},"type":"if","locations":[{"start":{"line":71,"column":12},"end":{"line":77,"column":13}},{"start":{},"end":{}}],"line":71},"4":{"loc":{"start":{"line":73,"column":16},"end":{"line":75,"column":17}},"type":"if","locations":[{"start":{"line":73,"column":16},"end":{"line":75,"column":17}},{"start":{},"end":{}}],"line":73},"5":{"loc":{"start":{"line":95,"column":12},"end":{"line":97,"column":13}},"type":"if","locations":[{"start":{"line":95,"column":12},"end":{"line":97,"column":13}},{"start":{},"end":{}}],"line":95},"6":{"loc":{"start":{"line":110,"column":12},"end":{"line":113,"column":13}},"type":"if","locations":[{"start":{"line":110,"column":12},"end":{"line":113,"column":13}},{"start":{},"end":{}}],"line":110},"7":{"loc":{"start":{"line":128,"column":12},"end":{"line":130,"column":13}},"type":"if","locations":[{"start":{"line":128,"column":12},"end":{"line":130,"column":13}},{"start":{},"end":{}}],"line":128}},"s":{"0":3,"1":3,"2":3,"3":3,"4":3,"5":3,"6":0,"7":0,"8":0,"9":0,"10":0,"11":0,"12":0,"13":0,"14":0,"15":0,"16":0,"17":0,"18":0,"19":0,"20":0,"21":0,"22":0,"23":0,"24":0,"25":0,"26":0,"27":0,"28":0,"29":0,"30":0,"31":0,"32":0,"33":0,"34":0,"35":0,"36":0,"37":0,"38":0,"39":0,"40":0,"41":0,"42":0,"43":0,"44":0,"45":0,"46":0,"47":0,"48":0,"49":0,"50":0,"51":0,"52":0,"53":0,"54":0,"55":0,"56":0,"57":0,"58":0,"59":0,"60":0,"61":0,"62":0,"63":0,"64":0,"65":0,"66":0,"67":0,"68":0,"69":0,"70":0,"71":3},"f":{"0":0,"1":0,"2":0,"3":0},"b":{"0":[0,0],"1":[0,0],"2":[0,0],"3":[0,0],"4":[0,0],"5":[0,0],"6":[0,0],"7":[0,0]},"_coverageSchema":"1a1c01bbd47fc00a2c39e90264f33305004495a9","hash":"1c4c58deab9f6e2543470ee059a50d0e6c9588bb"}
,"/home/VoidWalker/Code/cs307/Bee-roll/backend/controllers/profileController.js": {"path":"/home/VoidWalker/Code/cs307/Bee-roll/backend/controllers/profileController.js","statementMap":{"0":{"start":{"line":2,"column":15},"end":{"line":2,"column":32}},"1":{"start":{"line":3,"column":13},"end":{"line":3,"column":28}},"2":{"start":{"line":4,"column":13},"end":{"line":4,"column":37}},"3":{"start":{"line":5,"column":19},"end":{"line":5,"column":40}},"4":{"start":{"line":6,"column":11},"end":{"line":6,"column":24}},"5":{"start":{"line":11,"column":16},"end":{"line":18,"column":2}},"6":{"start":{"line":13,"column":4},"end":{"line":13,"column":52}},"7":{"start":{"line":16,"column":4},"end":{"line":16,"column":80}},"8":{"start":{"line":20,"column":15},"end":{"line":20,"column":68}},"9":{"start":{"line":22,"column":26},"end":{"line":135,"column":1}},"10":{"start":{"line":24,"column":4},"end":{"line":51,"column":5}},"11":{"start":{"line":25,"column":53},"end":{"line":25,"column":61}},"12":{"start":{"line":26,"column":21},"end":{"line":26,"column":38}},"13":{"start":{"line":29,"column":19},"end":{"line":29,"column":51}},"14":{"start":{"line":31,"column":6},"end":{"line":31,"column":44}},"15":{"start":{"line":32,"column":6},"end":{"line":32,"column":54}},"16":{"start":{"line":34,"column":6},"end":{"line":36,"column":7}},"17":{"start":{"line":35,"column":8},"end":{"line":35,"column":65}},"18":{"start":{"line":39,"column":6},"end":{"line":39,"column":28}},"19":{"start":{"line":40,"column":6},"end":{"line":40,"column":21}},"20":{"start":{"line":41,"column":6},"end":{"line":41,"column":43}},"21":{"start":{"line":44,"column":6},"end":{"line":44,"column":24}},"22":{"start":{"line":46,"column":6},"end":{"line":46,"column":61}},"23":{"start":{"line":47,"column":6},"end":{"line":47,"column":72}},"24":{"start":{"line":49,"column":6},"end":{"line":49,"column":58}},"25":{"start":{"line":50,"column":6},"end":{"line":50,"column":63}},"26":{"start":{"line":55,"column":4},"end":{"line":81,"column":5}},"27":{"start":{"line":56,"column":25},"end":{"line":56,"column":35}},"28":{"start":{"line":59,"column":19},"end":{"line":59,"column":54}},"29":{"start":{"line":61,"column":6},"end":{"line":63,"column":7}},"30":{"start":{"line":62,"column":8},"end":{"line":62,"column":65}},"31":{"start":{"line":65,"column":6},"end":{"line":65,"column":38}},"32":{"start":{"line":67,"column":26},"end":{"line":75,"column":7}},"33":{"start":{"line":77,"column":6},"end":{"line":77,"column":40}},"34":{"start":{"line":79,"column":6},"end":{"line":79,"column":55}},"35":{"start":{"line":80,"column":6},"end":{"line":80,"column":63}},"36":{"start":{"line":85,"column":4},"end":{"line":85,"column":33}},"37":{"start":{"line":86,"column":4},"end":{"line":133,"column":5}},"38":{"start":{"line":87,"column":19},"end":{"line":87,"column":40}},"39":{"start":{"line":88,"column":6},"end":{"line":129,"column":9}},"40":{"start":{"line":89,"column":8},"end":{"line":92,"column":9}},"41":{"start":{"line":90,"column":10},"end":{"line":90,"column":52}},"42":{"start":{"line":91,"column":10},"end":{"line":91,"column":74}},"43":{"start":{"line":94,"column":23},"end":{"line":94,"column":39}},"44":{"start":{"line":96,"column":8},"end":{"line":98,"column":9}},"45":{"start":{"line":97,"column":10},"end":{"line":97,"column":72}},"46":{"start":{"line":100,"column":21},"end":{"line":100,"column":56}},"47":{"start":{"line":102,"column":8},"end":{"line":104,"column":9}},"48":{"start":{"line":103,"column":10},"end":{"line":103,"column":67}},"49":{"start":{"line":106,"column":31},"end":{"line":106,"column":54}},"50":{"start":{"line":108,"column":8},"end":{"line":110,"column":9}},"51":{"start":{"line":109,"column":10},"end":{"line":109,"column":80}},"52":{"start":{"line":112,"column":25},"end":{"line":112,"column":44}},"53":{"start":{"line":113,"column":27},"end":{"line":113,"column":97}},"54":{"start":{"line":116,"column":8},"end":{"line":128,"column":11}},"55":{"start":{"line":117,"column":10},"end":{"line":120,"column":11}},"56":{"start":{"line":118,"column":12},"end":{"line":118,"column":53}},"57":{"start":{"line":119,"column":12},"end":{"line":119,"column":76}},"58":{"start":{"line":123,"column":10},"end":{"line":123,"column":78}},"59":{"start":{"line":124,"column":10},"end":{"line":124,"column":28}},"60":{"start":{"line":126,"column":10},"end":{"line":126,"column":63}},"61":{"start":{"line":127,"column":10},"end":{"line":127,"column":85}},"62":{"start":{"line":131,"column":6},"end":{"line":131,"column":63}},"63":{"start":{"line":132,"column":6},"end":{"line":132,"column":63}},"64":{"start":{"line":137,"column":0},"end":{"line":137,"column":35}}},"fnMap":{"0":{"name":"(anonymous_0)","decl":{"start":{"line":12,"column":15},"end":{"line":12,"column":16}},"loc":{"start":{"line":12,"column":40},"end":{"line":14,"column":3}},"line":12},"1":{"name":"(anonymous_1)","decl":{"start":{"line":15,"column":12},"end":{"line":15,"column":13}},"loc":{"start":{"line":15,"column":37},"end":{"line":17,"column":3}},"line":15},"2":{"name":"(anonymous_2)","decl":{"start":{"line":23,"column":2},"end":{"line":23,"column":3}},"loc":{"start":{"line":23,"column":36},"end":{"line":52,"column":3}},"line":23},"3":{"name":"(anonymous_3)","decl":{"start":{"line":54,"column":2},"end":{"line":54,"column":3}},"loc":{"start":{"line":54,"column":33},"end":{"line":82,"column":3}},"line":54},"4":{"name":"(anonymous_4)","decl":{"start":{"line":84,"column":2},"end":{"line":84,"column":3}},"loc":{"start":{"line":84,"column":39},"end":{"line":134,"column":3}},"line":84},"5":{"name":"(anonymous_5)","decl":{"start":{"line":88,"column":22},"end":{"line":88,"column":23}},"loc":{"start":{"line":88,"column":52},"end":{"line":129,"column":7}},"line":88},"6":{"name":"(anonymous_6)","decl":{"start":{"line":116,"column":40},"end":{"line":116,"column":41}},"loc":{"start":{"line":116,"column":55},"end":{"line":128,"column":9}},"line":116}},"branchMap":{"0":{"loc":{"start":{"line":34,"column":6},"end":{"line":36,"column":7}},"type":"if","locations":[{"start":{"line":34,"column":6},"end":{"line":36,"column":7}},{"start":{},"end":{}}],"line":34},"1":{"loc":{"start":{"line":61,"column":6},"end":{"line":63,"column":7}},"type":"if","locations":[{"start":{"line":61,"column":6},"end":{"line":63,"column":7}},{"start":{},"end":{}}],"line":61},"2":{"loc":{"start":{"line":89,"column":8},"end":{"line":92,"column":9}},"type":"if","locations":[{"start":{"line":89,"column":8},"end":{"line":92,"column":9}},{"start":{},"end":{}}],"line":89},"3":{"loc":{"start":{"line":96,"column":8},"end":{"line":98,"column":9}},"type":"if","locations":[{"start":{"line":96,"column":8},"end":{"line":98,"column":9}},{"start":{},"end":{}}],"line":96},"4":{"loc":{"start":{"line":102,"column":8},"end":{"line":104,"column":9}},"type":"if","locations":[{"start":{"line":102,"column":8},"end":{"line":104,"column":9}},{"start":{},"end":{}}],"line":102},"5":{"loc":{"start":{"line":108,"column":8},"end":{"line":110,"column":9}},"type":"if","locations":[{"start":{"line":108,"column":8},"end":{"line":110,"column":9}},{"start":{},"end":{}}],"line":108},"6":{"loc":{"start":{"line":117,"column":10},"end":{"line":120,"column":11}},"type":"if","locations":[{"start":{"line":117,"column":10},"end":{"line":120,"column":11}},{"start":{},"end":{}}],"line":117}},"s":{"0":3,"1":3,"2":3,"3":3,"4":3,"5":3,"6":0,"7":0,"8":3,"9":3,"10":0,"11":0,"12":0,"13":0,"14":0,"15":0,"16":0,"17":0,"18":0,"19":0,"20":0,"21":0,"22":0,"23":0,"24":0,"25":0,"26":0,"27":0,"28":0,"29":0,"30":0,"31":0,"32":0,"33":0,"34":0,"35":0,"36":0,"37":0,"38":0,"39":0,"40":0,"41":0,"42":0,"43":0,"44":0,"45":0,"46":0,"47":0,"48":0,"49":0,"50":0,"51":0,"52":0,"53":0,"54":0,"55":0,"56":0,"57":0,"58":0,"59":0,"60":0,"61":0,"62":0,"63":0,"64":3},"f":{"0":0,"1":0,"2":0,"3":0,"4":0,"5":0,"6":0},"b":{"0":[0,0],"1":[0,0],"2":[0,0],"3":[0,0],"4":[0,0],"5":[0,0],"6":[0,0]},"_coverageSchema":"1a1c01bbd47fc00a2c39e90264f33305004495a9","hash":"e9dd1e91e4767c93525dcd0440d2bce883d85887"}
,"/home/VoidWalker/Code/cs307/Bee-roll/backend/controllers/reviewController.js": {"path":"/home/VoidWalker/Code/cs307/Bee-roll/backend/controllers/reviewController.js","statementMap":{"0":{"start":{"line":1,"column":17},"end":{"line":1,"column":36}},"1":{"start":{"line":2,"column":16},"end":{"line":2,"column":34}},"2":{"start":{"line":3,"column":16},"end":{"line":3,"column":46}},"3":{"start":{"line":4,"column":14},"end":{"line":4,"column":42}},"4":{"start":{"line":5,"column":13},"end":{"line":5,"column":40}},"5":{"start":{"line":6,"column":15},"end":{"line":6,"column":44}},"6":{"start":{"line":7,"column":26},"end":{"line":7,"column":56}},"7":{"start":{"line":10,"column":25},"end":{"line":148,"column":1}},"8":{"start":{"line":12,"column":8},"end":{"line":63,"column":9}},"9":{"start":{"line":13,"column":47},"end":{"line":13,"column":55}},"10":{"start":{"line":15,"column":30},"end":{"line":15,"column":66}},"11":{"start":{"line":17,"column":12},"end":{"line":19,"column":13}},"12":{"start":{"line":18,"column":16},"end":{"line":18,"column":78}},"13":{"start":{"line":21,"column":31},"end":{"line":21,"column":73}},"14":{"start":{"line":23,"column":12},"end":{"line":25,"column":13}},"15":{"start":{"line":24,"column":16},"end":{"line":24,"column":79}},"16":{"start":{"line":27,"column":12},"end":{"line":29,"column":13}},"17":{"start":{"line":28,"column":16},"end":{"line":28,"column":91}},"18":{"start":{"line":31,"column":32},"end":{"line":31,"column":85}},"19":{"start":{"line":32,"column":12},"end":{"line":34,"column":13}},"20":{"start":{"line":33,"column":16},"end":{"line":33,"column":80}},"21":{"start":{"line":36,"column":33},"end":{"line":36,"column":73}},"22":{"start":{"line":37,"column":34},"end":{"line":37,"column":64}},"23":{"start":{"line":39,"column":30},"end":{"line":44,"column":14}},"24":{"start":{"line":46,"column":33},"end":{"line":46,"column":52}},"25":{"start":{"line":48,"column":12},"end":{"line":48,"column":49}},"26":{"start":{"line":50,"column":12},"end":{"line":50,"column":34}},"27":{"start":{"line":51,"column":12},"end":{"line":51,"column":83}},"28":{"start":{"line":52,"column":12},"end":{"line":52,"column":99}},"29":{"start":{"line":54,"column":12},"end":{"line":54,"column":55}},"30":{"start":{"line":56,"column":12},"end":{"line":56,"column":56}},"31":{"start":{"line":58,"column":12},"end":{"line":58,"column":84}},"32":{"start":{"line":61,"column":12},"end":{"line":61,"column":59}},"33":{"start":{"line":62,"column":12},"end":{"line":62,"column":76}},"34":{"start":{"line":67,"column":8},"end":{"line":83,"column":9}},"35":{"start":{"line":68,"column":30},"end":{"line":68,"column":40}},"36":{"start":{"line":70,"column":30},"end":{"line":70,"column":66}},"37":{"start":{"line":72,"column":12},"end":{"line":74,"column":13}},"38":{"start":{"line":73,"column":16},"end":{"line":73,"column":78}},"39":{"start":{"line":76,"column":32},"end":{"line":76,"column":70}},"40":{"start":{"line":78,"column":12},"end":{"line":78,"column":66}},"41":{"start":{"line":81,"column":12},"end":{"line":81,"column":57}},"42":{"start":{"line":82,"column":12},"end":{"line":82,"column":76}},"43":{"start":{"line":87,"column":8},"end":{"line":110,"column":9}},"44":{"start":{"line":88,"column":40},"end":{"line":88,"column":48}},"45":{"start":{"line":90,"column":32},"end":{"line":90,"column":77}},"46":{"start":{"line":92,"column":12},"end":{"line":94,"column":13}},"47":{"start":{"line":93,"column":16},"end":{"line":93,"column":80}},"48":{"start":{"line":96,"column":12},"end":{"line":98,"column":13}},"49":{"start":{"line":97,"column":16},"end":{"line":97,"column":91}},"50":{"start":{"line":100,"column":12},"end":{"line":100,"column":83}},"51":{"start":{"line":102,"column":28},"end":{"line":102,"column":46}},"52":{"start":{"line":103,"column":12},"end":{"line":103,"column":56}},"53":{"start":{"line":105,"column":12},"end":{"line":105,"column":66}},"54":{"start":{"line":108,"column":12},"end":{"line":108,"column":59}},"55":{"start":{"line":109,"column":12},"end":{"line":109,"column":76}},"56":{"start":{"line":114,"column":8},"end":{"line":146,"column":9}},"57":{"start":{"line":115,"column":32},"end":{"line":115,"column":42}},"58":{"start":{"line":117,"column":32},"end":{"line":117,"column":77}},"59":{"start":{"line":119,"column":12},"end":{"line":121,"column":13}},"60":{"start":{"line":120,"column":16},"end":{"line":120,"column":80}},"61":{"start":{"line":123,"column":28},"end":{"line":123,"column":46}},"62":{"start":{"line":124,"column":30},"end":{"line":124,"column":66}},"63":{"start":{"line":126,"column":12},"end":{"line":128,"column":13}},"64":{"start":{"line":127,"column":16},"end":{"line":127,"column":78}},"65":{"start":{"line":130,"column":32},"end":{"line":130,"column":51}},"66":{"start":{"line":132,"column":26},"end":{"line":132,"column":56}},"67":{"start":{"line":134,"column":12},"end":{"line":136,"column":13}},"68":{"start":{"line":135,"column":16},"end":{"line":135,"column":45}},"69":{"start":{"line":138,"column":12},"end":{"line":138,"column":58}},"70":{"start":{"line":139,"column":12},"end":{"line":139,"column":82}},"71":{"start":{"line":140,"column":12},"end":{"line":140,"column":56}},"72":{"start":{"line":141,"column":12},"end":{"line":141,"column":81}},"73":{"start":{"line":144,"column":12},"end":{"line":144,"column":59}},"74":{"start":{"line":145,"column":12},"end":{"line":145,"column":76}},"75":{"start":{"line":150,"column":0},"end":{"line":150,"column":34}}},"fnMap":{"0":{"name":"(anonymous_0)","decl":{"start":{"line":11,"column":4},"end":{"line":11,"column":5}},"loc":{"start":{"line":11,"column":33},"end":{"line":64,"column":5}},"line":11},"1":{"name":"(anonymous_1)","decl":{"start":{"line":66,"column":4},"end":{"line":66,"column":5}},"loc":{"start":{"line":66,"column":31},"end":{"line":84,"column":5}},"line":66},"2":{"name":"(anonymous_2)","decl":{"start":{"line":86,"column":4},"end":{"line":86,"column":5}},"loc":{"start":{"line":86,"column":33},"end":{"line":111,"column":5}},"line":86},"3":{"name":"(anonymous_3)","decl":{"start":{"line":113,"column":4},"end":{"line":113,"column":5}},"loc":{"start":{"line":113,"column":33},"end":{"line":147,"column":5}},"line":113}},"branchMap":{"0":{"loc":{"start":{"line":17,"column":12},"end":{"line":19,"column":13}},"type":"if","locations":[{"start":{"line":17,"column":12},"end":{"line":19,"column":13}},{"start":{},"end":{}}],"line":17},"1":{"loc":{"start":{"line":23,"column":12},"end":{"line":25,"column":13}},"type":"if","locations":[{"start":{"line":23,"column":12},"end":{"line":25,"column":13}},{"start":{},"end":{}}],"line":23},"2":{"loc":{"start":{"line":27,"column":12},"end":{"line":29,"column":13}},"type":"if","locations":[{"start":{"line":27,"column":12},"end":{"line":29,"column":13}},{"start":{},"end":{}}],"line":27},"3":{"loc":{"start":{"line":27,"column":16},"end":{"line":27,"column":52}},"type":"binary-expr","locations":[{"start":{"line":27,"column":17},"end":{"line":27,"column":27}},{"start":{"line":27,"column":31},"end":{"line":27,"column":41}},{"start":{"line":27,"column":46},"end":{"line":27,"column":52}}],"line":27},"4":{"loc":{"start":{"line":32,"column":12},"end":{"line":34,"column":13}},"type":"if","locations":[{"start":{"line":32,"column":12},"end":{"line":34,"column":13}},{"start":{},"end":{}}],"line":32},"5":{"loc":{"start":{"line":72,"column":12},"end":{"line":74,"column":13}},"type":"if","locations":[{"start":{"line":72,"column":12},"end":{"line":74,"column":13}},{"start":{},"end":{}}],"line":72},"6":{"loc":{"start":{"line":92,"column":12},"end":{"line":94,"column":13}},"type":"if","locations":[{"start":{"line":92,"column":12},"end":{"line":94,"column":13}},{"start":{},"end":{}}],"line":92},"7":{"loc":{"start":{"line":96,"column":12},"end":{"line":98,"column":13}},"type":"if","locations":[{"start":{"line":96,"column":12},"end":{"line":98,"column":13}},{"start":{},"end":{}}],"line":96},"8":{"loc":{"start":{"line":96,"column":16},"end":{"line":96,"column":40}},"type":"binary-expr","locations":[{"start":{"line":96,"column":16},"end":{"line":96,"column":26}},{"start":{"line":96,"column":30},"end":{"line":96,"column":40}}],"line":96},"9":{"loc":{"start":{"line":119,"column":12},"end":{"line":121,"column":13}},"type":"if","locations":[{"start":{"line":119,"column":12},"end":{"line":121,"column":13}},{"start":{},"end":{}}],"line":119},"10":{"loc":{"start":{"line":126,"column":12},"end":{"line":128,"column":13}},"type":"if","locations":[{"start":{"line":126,"column":12},"end":{"line":128,"column":13}},{"start":{},"end":{}}],"line":126},"11":{"loc":{"start":{"line":134,"column":12},"end":{"line":136,"column":13}},"type":"if","locations":[{"start":{"line":134,"column":12},"end":{"line":136,"column":13}},{"start":{},"end":{}}],"line":134}},"s":{"0":3,"1":3,"2":3,"3":3,"4":3,"5":3,"6":3,"7":3,"8":0,"9":0,"10":0,"11":0,"12":0,"13":0,"14":0,"15":0,"16":0,"17":0,"18":0,"19":0,"20":0,"21":0,"22":0,"23":0,"24":0,"25":0,"26":0,"27":0,"28":0,"29":0,"30":0,"31":0,"32":0,"33":0,"34":0,"35":0,"36":0,"37":0,"38":0,"39":0,"40":0,"41":0,"42":0,"43":0,"44":0,"45":0,"46":0,"47":0,"48":0,"49":0,"50":0,"51":0,"52":0,"53":0,"54":0,"55":0,"56":0,"57":0,"58":0,"59":0,"60":0,"61":0,"62":0,"63":0,"64":0,"65":0,"66":0,"67":0,"68":0,"69":0,"70":0,"71":0,"72":0,"73":0,"74":0,"75":3},"f":{"0":0,"1":0,"2":0,"3":0},"b":{"0":[0,0],"1":[0,0],"2":[0,0],"3":[0,0,0],"4":[0,0],"5":[0,0],"6":[0,0],"7":[0,0],"8":[0,0],"9":[0,0],"10":[0,0],"11":[0,0]},"_coverageSchema":"1a1c01bbd47fc00a2c39e90264f33305004495a9","hash":"5c898bb5eded18845887485447cdc98e8b2aebde"}
,"/home/VoidWalker/Code/cs307/Bee-roll/backend/controllers/userController.js": {"path":"/home/VoidWalker/Code/cs307/Bee-roll/backend/controllers/userController.js","statementMap":{"0":{"start":{"line":1,"column":17},"end":{"line":1,"column":36}},"1":{"start":{"line":2,"column":16},"end":{"line":2,"column":34}},"2":{"start":{"line":3,"column":16},"end":{"line":3,"column":46}},"3":{"start":{"line":4,"column":13},"end":{"line":4,"column":40}},"4":{"start":{"line":5,"column":19},"end":{"line":5,"column":44}},"5":{"start":{"line":6,"column":12},"end":{"line":6,"column":35}},"6":{"start":{"line":9,"column":23},"end":{"line":209,"column":1}},"7":{"start":{"line":11,"column":8},"end":{"line":44,"column":9}},"8":{"start":{"line":12,"column":48},"end":{"line":12,"column":56}},"9":{"start":{"line":15,"column":37},"end":{"line":15,"column":74}},"10":{"start":{"line":16,"column":34},"end":{"line":16,"column":68}},"11":{"start":{"line":18,"column":12},"end":{"line":21,"column":13}},"12":{"start":{"line":19,"column":16},"end":{"line":19,"column":36}},"13":{"start":{"line":20,"column":16},"end":{"line":20,"column":91}},"14":{"start":{"line":25,"column":33},"end":{"line":25,"column":69}},"15":{"start":{"line":26,"column":34},"end":{"line":26,"column":64}},"16":{"start":{"line":29,"column":28},"end":{"line":35,"column":15}},"17":{"start":{"line":37,"column":12},"end":{"line":37,"column":32}},"18":{"start":{"line":38,"column":12},"end":{"line":38,"column":97}},"19":{"start":{"line":39,"column":12},"end":{"line":39,"column":64}},"20":{"start":{"line":40,"column":12},"end":{"line":40,"column":79}},"21":{"start":{"line":42,"column":12},"end":{"line":42,"column":57}},"22":{"start":{"line":43,"column":12},"end":{"line":43,"column":69}},"23":{"start":{"line":48,"column":8},"end":{"line":67,"column":9}},"24":{"start":{"line":49,"column":41},"end":{"line":49,"column":49}},"25":{"start":{"line":51,"column":12},"end":{"line":51,"column":69}},"26":{"start":{"line":52,"column":38},"end":{"line":52,"column":75}},"27":{"start":{"line":54,"column":12},"end":{"line":57,"column":13}},"28":{"start":{"line":55,"column":16},"end":{"line":55,"column":60}},"29":{"start":{"line":56,"column":16},"end":{"line":56,"column":71}},"30":{"start":{"line":59,"column":12},"end":{"line":59,"column":50}},"31":{"start":{"line":61,"column":26},"end":{"line":61,"column":101}},"32":{"start":{"line":63,"column":12},"end":{"line":63,"column":74}},"33":{"start":{"line":65,"column":12},"end":{"line":65,"column":56}},"34":{"start":{"line":66,"column":12},"end":{"line":66,"column":69}},"35":{"start":{"line":71,"column":8},"end":{"line":97,"column":9}},"36":{"start":{"line":72,"column":63},"end":{"line":72,"column":71}},"37":{"start":{"line":73,"column":28},"end":{"line":73,"column":42}},"38":{"start":{"line":74,"column":25},"end":{"line":74,"column":61}},"39":{"start":{"line":76,"column":12},"end":{"line":78,"column":13}},"40":{"start":{"line":77,"column":16},"end":{"line":77,"column":73}},"41":{"start":{"line":80,"column":34},"end":{"line":80,"column":68}},"42":{"start":{"line":82,"column":12},"end":{"line":84,"column":13}},"43":{"start":{"line":83,"column":16},"end":{"line":83,"column":84}},"44":{"start":{"line":86,"column":12},"end":{"line":86,"column":34}},"45":{"start":{"line":87,"column":12},"end":{"line":87,"column":31}},"46":{"start":{"line":88,"column":12},"end":{"line":88,"column":37}},"47":{"start":{"line":89,"column":12},"end":{"line":89,"column":47}},"48":{"start":{"line":91,"column":12},"end":{"line":91,"column":30}},"49":{"start":{"line":93,"column":12},"end":{"line":93,"column":73}},"50":{"start":{"line":95,"column":12},"end":{"line":95,"column":54}},"51":{"start":{"line":96,"column":12},"end":{"line":96,"column":69}},"52":{"start":{"line":101,"column":8},"end":{"line":127,"column":9}},"53":{"start":{"line":102,"column":36},"end":{"line":102,"column":44}},"54":{"start":{"line":103,"column":34},"end":{"line":103,"column":48}},"55":{"start":{"line":105,"column":42},"end":{"line":105,"column":84}},"56":{"start":{"line":106,"column":42},"end":{"line":106,"column":84}},"57":{"start":{"line":108,"column":12},"end":{"line":110,"column":13}},"58":{"start":{"line":109,"column":16},"end":{"line":109,"column":80}},"59":{"start":{"line":112,"column":12},"end":{"line":112,"column":52}},"60":{"start":{"line":113,"column":12},"end":{"line":113,"column":52}},"61":{"start":{"line":115,"column":12},"end":{"line":118,"column":13}},"62":{"start":{"line":116,"column":16},"end":{"line":116,"column":67}},"63":{"start":{"line":117,"column":16},"end":{"line":117,"column":69}},"64":{"start":{"line":120,"column":12},"end":{"line":120,"column":47}},"65":{"start":{"line":121,"column":12},"end":{"line":121,"column":47}},"66":{"start":{"line":123,"column":12},"end":{"line":123,"column":73}},"67":{"start":{"line":125,"column":12},"end":{"line":125,"column":57}},"68":{"start":{"line":126,"column":12},"end":{"line":126,"column":69}},"69":{"start":{"line":131,"column":8},"end":{"line":155,"column":9}},"70":{"start":{"line":132,"column":36},"end":{"line":132,"column":44}},"71":{"start":{"line":133,"column":34},"end":{"line":133,"column":48}},"72":{"start":{"line":135,"column":42},"end":{"line":135,"column":84}},"73":{"start":{"line":136,"column":42},"end":{"line":136,"column":84}},"74":{"start":{"line":138,"column":12},"end":{"line":140,"column":13}},"75":{"start":{"line":139,"column":16},"end":{"line":139,"column":80}},"76":{"start":{"line":142,"column":12},"end":{"line":142,"column":52}},"77":{"start":{"line":143,"column":12},"end":{"line":143,"column":52}},"78":{"start":{"line":145,"column":12},"end":{"line":145,"column":63}},"79":{"start":{"line":146,"column":12},"end":{"line":146,"column":65}},"80":{"start":{"line":148,"column":12},"end":{"line":148,"column":47}},"81":{"start":{"line":149,"column":12},"end":{"line":149,"column":47}},"82":{"start":{"line":151,"column":12},"end":{"line":151,"column":73}},"83":{"start":{"line":153,"column":12},"end":{"line":153,"column":59}},"84":{"start":{"line":154,"column":12},"end":{"line":154,"column":69}},"85":{"start":{"line":159,"column":8},"end":{"line":175,"column":9}},"86":{"start":{"line":160,"column":32},"end":{"line":160,"column":42}},"87":{"start":{"line":163,"column":30},"end":{"line":163,"column":66}},"88":{"start":{"line":165,"column":12},"end":{"line":167,"column":13}},"89":{"start":{"line":166,"column":16},"end":{"line":166,"column":73}},"90":{"start":{"line":169,"column":12},"end":{"line":169,"column":43}},"91":{"start":{"line":171,"column":12},"end":{"line":171,"column":48}},"92":{"start":{"line":173,"column":12},"end":{"line":173,"column":54}},"93":{"start":{"line":174,"column":12},"end":{"line":174,"column":69}},"94":{"start":{"line":179,"column":8},"end":{"line":195,"column":9}},"95":{"start":{"line":180,"column":33},"end":{"line":180,"column":43}},"96":{"start":{"line":183,"column":30},"end":{"line":183,"column":69}},"97":{"start":{"line":185,"column":12},"end":{"line":187,"column":13}},"98":{"start":{"line":186,"column":16},"end":{"line":186,"column":73}},"99":{"start":{"line":189,"column":12},"end":{"line":189,"column":43}},"100":{"start":{"line":191,"column":12},"end":{"line":191,"column":48}},"101":{"start":{"line":193,"column":12},"end":{"line":193,"column":54}},"102":{"start":{"line":194,"column":12},"end":{"line":194,"column":69}},"103":{"start":{"line":199,"column":8},"end":{"line":207,"column":9}},"104":{"start":{"line":200,"column":24},"end":{"line":200,"column":40}},"105":{"start":{"line":202,"column":24},"end":{"line":202,"column":97}},"106":{"start":{"line":203,"column":10},"end":{"line":203,"column":30}},"107":{"start":{"line":205,"column":10},"end":{"line":205,"column":57}},"108":{"start":{"line":206,"column":10},"end":{"line":206,"column":67}},"109":{"start":{"line":211,"column":0},"end":{"line":211,"column":32}}},"fnMap":{"0":{"name":"(anonymous_0)","decl":{"start":{"line":10,"column":4},"end":{"line":10,"column":5}},"loc":{"start":{"line":10,"column":31},"end":{"line":45,"column":5}},"line":10},"1":{"name":"(anonymous_1)","decl":{"start":{"line":47,"column":4},"end":{"line":47,"column":5}},"loc":{"start":{"line":47,"column":30},"end":{"line":68,"column":5}},"line":47},"2":{"name":"(anonymous_2)","decl":{"start":{"line":70,"column":4},"end":{"line":70,"column":5}},"loc":{"start":{"line":70,"column":28},"end":{"line":98,"column":5}},"line":70},"3":{"name":"(anonymous_3)","decl":{"start":{"line":100,"column":4},"end":{"line":100,"column":5}},"loc":{"start":{"line":100,"column":31},"end":{"line":128,"column":5}},"line":100},"4":{"name":"(anonymous_4)","decl":{"start":{"line":130,"column":4},"end":{"line":130,"column":5}},"loc":{"start":{"line":130,"column":33},"end":{"line":156,"column":5}},"line":130},"5":{"name":"(anonymous_5)","decl":{"start":{"line":158,"column":4},"end":{"line":158,"column":5}},"loc":{"start":{"line":158,"column":28},"end":{"line":176,"column":5}},"line":158},"6":{"name":"(anonymous_6)","decl":{"start":{"line":178,"column":4},"end":{"line":178,"column":5}},"loc":{"start":{"line":178,"column":38},"end":{"line":196,"column":5}},"line":178},"7":{"name":"(anonymous_7)","decl":{"start":{"line":198,"column":4},"end":{"line":198,"column":5}},"loc":{"start":{"line":198,"column":33},"end":{"line":208,"column":5}},"line":198}},"branchMap":{"0":{"loc":{"start":{"line":18,"column":12},"end":{"line":21,"column":13}},"type":"if","locations":[{"start":{"line":18,"column":12},"end":{"line":21,"column":13}},{"start":{},"end":{}}],"line":18},"1":{"loc":{"start":{"line":18,"column":16},"end":{"line":18,"column":49}},"type":"binary-expr","locations":[{"start":{"line":18,"column":16},"end":{"line":18,"column":32}},{"start":{"line":18,"column":36},"end":{"line":18,"column":49}}],"line":18},"2":{"loc":{"start":{"line":54,"column":12},"end":{"line":57,"column":13}},"type":"if","locations":[{"start":{"line":54,"column":12},"end":{"line":57,"column":13}},{"start":{},"end":{}}],"line":54},"3":{"loc":{"start":{"line":54,"column":16},"end":{"line":54,"column":55}},"type":"binary-expr","locations":[{"start":{"line":54,"column":16},"end":{"line":54,"column":33}},{"start":{"line":54,"column":37},"end":{"line":54,"column":55}}],"line":54},"4":{"loc":{"start":{"line":76,"column":12},"end":{"line":78,"column":13}},"type":"if","locations":[{"start":{"line":76,"column":12},"end":{"line":78,"column":13}},{"start":{},"end":{}}],"line":76},"5":{"loc":{"start":{"line":82,"column":12},"end":{"line":84,"column":13}},"type":"if","locations":[{"start":{"line":82,"column":12},"end":{"line":84,"column":13}},{"start":{},"end":{}}],"line":82},"6":{"loc":{"start":{"line":82,"column":16},"end":{"line":82,"column":64}},"type":"binary-expr","locations":[{"start":{"line":82,"column":16},"end":{"line":82,"column":29}},{"start":{"line":82,"column":33},"end":{"line":82,"column":64}}],"line":82},"7":{"loc":{"start":{"line":108,"column":12},"end":{"line":110,"column":13}},"type":"if","locations":[{"start":{"line":108,"c
[...]
line":89,"column":13}},"type":"if","locations":[{"start":{"line":87,"column":12},"end":{"line":89,"column":13}},{"start":{},"end":{}}],"line":87},"5":{"loc":{"start":{"line":94,"column":12},"end":{"line":96,"column":13}},"type":"if","locations":[{"start":{"line":94,"column":12},"end":{"line":96,"column":13}},{"start":{},"end":{}}],"line":94},"6":{"loc":{"start":{"line":98,"column":12},"end":{"line":100,"column":13}},"type":"if","locations":[{"start":{"line":98,"column":12},"end":{"line":100,"column":13}},{"start":{},"end":{}}],"line":98},"7":{"loc":{"start":{"line":98,"column":16},"end":{"line":98,"column":40}},"type":"binary-expr","locations":[{"start":{"line":98,"column":16},"end":{"line":98,"column":26}},{"start":{"line":98,"column":30},"end":{"line":98,"column":40}}],"line":98},"8":{"loc":{"start":{"line":106,"column":12},"end":{"line":108,"column":13}},"type":"if","locations":[{"start":{"line":106,"column":12},"end":{"line":108,"column":13}},{"start":{},"end":{}}],"line":106},"9":{"loc":{"start":{"line":128,"column":12},"end":{"line":130,"column":13}},"type":"if","locations":[{"start":{"line":128,"column":12},"end":{"line":130,"column":13}},{"start":{},"end":{}}],"line":128},"10":{"loc":{"start":{"line":134,"column":12},"end":{"line":136,"column":13}},"type":"if","locations":[{"start":{"line":134,"column":12},"end":{"line":136,"column":13}},{"start":{},"end":{}}],"line":134},"11":{"loc":{"start":{"line":142,"column":12},"end":{"line":144,"column":13}},"type":"if","locations":[{"start":{"line":142,"column":12},"end":{"line":144,"column":13}},{"start":{},"end":{}}],"line":142},"12":{"loc":{"start":{"line":164,"column":12},"end":{"line":166,"column":13}},"type":"if","locations":[{"start":{"line":164,"column":12},"end":{"line":166,"column":13}},{"start":{},"end":{}}],"line":164},"13":{"loc":{"start":{"line":171,"column":12},"end":{"line":173,"column":13}},"type":"if","locations":[{"start":{"line":171,"column":12},"end":{"line":173,"column":13}},{"start":{},"end":{}}],"line":171},"14":{"loc":{"start":{"line":178,"column":12},"end":{"line":180,"column":13}},"type":"if","locations":[{"start":{"line":178,"column":12},"end":{"line":180,"column":13}},{"start":{},"end":{}}],"line":178}},"s":{"0":3,"1":3,"2":3,"3":3,"4":3,"5":3,"6":3,"7":0,"8":0,"9":0,"10":0,"11":0,"12":0,"13":0,"14":0,"15":0,"16":0,"17":0,"18":0,"19":0,"20":0,"21":0,"22":0,"23":0,"24":0,"25":0,"26":0,"27":0,"28":0,"29":0,"30":0,"31":0,"32":0,"33":0,"34":0,"35":0,"36":0,"37":0,"38":0,"39":0,"40":0,"41":0,"42":0,"43":0,"44":0,"45":0,"46":0,"47":0,"48":0,"49":0,"50":0,"51":0,"52":0,"53":0,"54":0,"55":0,"56":0,"57":0,"58":0,"59":0,"60":0,"61":0,"62":0,"63":0,"64":0,"65":0,"66":0,"67":0,"68":0,"69":0,"70":0,"71":0,"72":0,"73":0,"74":0,"75":0,"76":0,"77":0,"78":0,"79":0,"80":0,"81":0,"82":0,"83":0,"84":0,"85":0,"86":0,"87":0,"88":0,"89":0,"90":3},"f":{"0":0,"1":0,"2":0,"3":0,"4":0},"b":{"0":[0,0],"1":[0,0],"2":[0,0],"3":[0,0],"4":[0,0],"5":[0,0],"6":[0,0],"7":[0,0],"8":[0,0],"9":[0,0],"10":[0,0],"11":[0,0],"12":[0,0],"13":[0,0],"14":[0,0]},"_coverageSchema":"1a1c01bbd47fc00a2c39e90264f33305004495a9","hash":"c295d14666e245e3a31433d33f4e9b834dd13ab8"}
,"/home/VoidWalker/Code/cs307/Bee-roll/backend/middleware/auth.js": {"path":"/home/VoidWalker/Code/cs307/Bee-roll/backend/middleware/auth.js","statementMap":{"0":{"start":{"line":1,"column":12},"end":{"line":1,"column":35}},"1":{"start":{"line":2,"column":19},"end":{"line":2,"column":44}},"2":{"start":{"line":4,"column":20},"end":{"line":25,"column":1}},"3":{"start":{"line":5,"column":2},"end":{"line":24,"column":3}},"4":{"start":{"line":6,"column":16},"end":{"line":6,"column":43}},"5":{"start":{"line":7,"column":4},"end":{"line":7,"column":23}},"6":{"start":{"line":9,"column":4},"end":{"line":11,"column":5}},"7":{"start":{"line":10,"column":6},"end":{"line":10,"column":51}},"8":{"start":{"line":13,"column":4},"end":{"line":15,"column":5}},"9":{"start":{"line":14,"column":6},"end":{"line":14,"column":54}},"10":{"start":{"line":16,"column":4},"end":{"line":16,"column":23}},"11":{"start":{"line":17,"column":21},"end":{"line":17,"column":50}},"12":{"start":{"line":19,"column":4},"end":{"line":19,"column":24}},"13":{"start":{"line":20,"column":4},"end":{"line":20,"column":11}},"14":{"start":{"line":22,"column":4},"end":{"line":22,"column":41}},"15":{"start":{"line":23,"column":4},"end":{"line":23,"column":49}},"16":{"start":{"line":27,"column":0},"end":{"line":27,"column":29}}},"fnMap":{"0":{"name":"(anonymous_0)","decl":{"start":{"line":4,"column":20},"end":{"line":4,"column":21}},"loc":{"start":{"line":4,"column":46},"end":{"line":25,"column":1}},"line":4}},"branchMap":{"0":{"loc":{"start":{"line":9,"column":4},"end":{"line":11,"column":5}},"type":"if","locations":[{"start":{"line":9,"column":4},"end":{"line":11,"column":5}},{"start":{},"end":{}}],"line":9},"1":{"loc":{"start":{"line":13,"column":4},"end":{"line":15,"column":5}},"type":"if","locations":[{"start":{"line":13,"column":4},"end":{"line":15,"column":5}},{"start":{},"end":{}}],"line":13}},"s":{"0":3,"1":3,"2":3,"3":30,"4":30,"5":30,"6":30,"7":1,"8":29,"9":29,"10":29,"11":29,"12":29,"13":29,"14":0,"15":0,"16":3},"f":{"0":30},"b":{"0":[1,29],"1":[29,0]},"_coverageSchema":"1a1c01bbd47fc00a2c39e90264f33305004495a9","hash":"7ebc18c66f9f25d502ab23399e63d0a135af279c"}
,"/home/VoidWalker/Code/cs307/Bee-roll/backend/model/Chat.js": {"path":"/home/VoidWalker/Code/cs307/Bee-roll/backend/model/Chat.js","statementMap":{"0":{"start":{"line":1,"column":16},"end":{"line":1,"column":34}},"1":{"start":{"line":2,"column":17},"end":{"line":2,"column":36}},"2":{"start":{"line":3,"column":26},"end":{"line":3,"column":34}},"3":{"start":{"line":5,"column":19},"end":{"line":26,"column":2}},"4":{"start":{"line":28,"column":13},"end":{"line":28,"column":38}},"5":{"start":{"line":29,"column":0},"end":{"line":29,"column":22}}},"fnMap":{},"branchMap":{},"s":{"0":0,"1":0,"2":0,"3":0,"4":0,"5":0},"f":{},"b":{}}
,"/home/VoidWalker/Code/cs307/Bee-roll/backend/model/Counter.js": {"path":"/home/VoidWalker/Code/cs307/Bee-roll/backend/model/Counter.js","statementMap":{"0":{"start":{"line":1,"column":16},"end":{"line":1,"column":34}},"1":{"start":{"line":2,"column":17},"end":{"line":2,"column":36}},"2":{"start":{"line":3,"column":26},"end":{"line":3,"column":34}},"3":{"start":{"line":5,"column":22},"end":{"line":8,"column":2}},"4":{"start":{"line":10,"column":16},"end":{"line":10,"column":47}},"5":{"start":{"line":11,"column":0},"end":{"line":11,"column":25}}},"fnMap":{},"branchMap":{},"s":{"0":3,"1":3,"2":3,"3":3,"4":3,"5":3},"f":{},"b":{},"_coverageSchema":"1a1c01bbd47fc00a2c39e90264f33305004495a9","hash":"c8e6df961213dc37a42af3f4062bf1721f783ba1"}
,"/home/VoidWalker/Code/cs307/Bee-roll/backend/model/Forum.js": {"path":"/home/VoidWalker/Code/cs307/Bee-roll/backend/model/Forum.js","statementMap":{"0":{"start":{"line":1,"column":16},"end":{"line":1,"column":34}},"1":{"start":{"line":2,"column":17},"end":{"line":2,"column":36}},"2":{"start":{"line":3,"column":26},"end":{"line":3,"column":34}},"3":{"start":{"line":5,"column":20},"end":{"line":42,"column":2}},"4":{"start":{"line":44,"column":14},"end":{"line":44,"column":41}},"5":{"start":{"line":45,"column":0},"end":{"line":45,"column":23}}},"fnMap":{},"branchMap":{},"s":{"0":3,"1":3,"2":3,"3":3,"4":3,"5":3},"f":{},"b":{},"_coverageSchema":"1a1c01bbd47fc00a2c39e90264f33305004495a9","hash":"023cb083c7bc6c318f12b62706b1cb49896b0d4d"}
,"/home/VoidWalker/Code/cs307/Bee-roll/backend/model/Message.js": {"path":"/home/VoidWalker/Code/cs307/Bee-roll/backend/model/Message.js","statementMap":{"0":{"start":{"line":1,"column":16},"end":{"line":1,"column":34}},"1":{"start":{"line":2,"column":17},"end":{"line":2,"column":36}},"2":{"start":{"line":3,"column":26},"end":{"line":3,"column":34}},"3":{"start":{"line":5,"column":22},"end":{"line":22,"column":2}},"4":{"start":{"line":24,"column":16},"end":{"line":24,"column":47}},"5":{"start":{"line":25,"column":0},"end":{"line":25,"column":25}}},"fnMap":{},"branchMap":{},"s":{"0":0,"1":0,"2":0,"3":0,"4":0,"5":0},"f":{},"b":{}}
,"/home/VoidWalker/Code/cs307/Bee-roll/backend/model/Movie.js": {"path":"/home/VoidWalker/Code/cs307/Bee-roll/backend/model/Movie.js","statementMap":{"0":{"start":{"line":1,"column":16},"end":{"line":1,"column":34}},"1":{"start":{"line":2,"column":17},"end":{"line":2,"column":36}},"2":{"start":{"line":4,"column":26},"end":{"line":4,"column":34}},"3":{"start":{"line":6,"column":20},"end":{"line":11,"column":2}},"4":{"start":{"line":13,"column":14},"end":{"line":13,"column":41}},"5":{"start":{"line":14,"column":0},"end":{"line":14,"column":23}}},"fnMap":{},"branchMap":{},"s":{"0":3,"1":3,"2":3,"3":3,"4":3,"5":3},"f":{},"b":{},"_coverageSchema":"1a1c01bbd47fc00a2c39e90264f33305004495a9","hash":"4250528f91e241a8d0535d715edfb64ac4b8f844"}
,"/home/VoidWalker/Code/cs307/Bee-roll/backend/model/Post.js": {"path":"/home/VoidWalker/Code/cs307/Bee-roll/backend/model/Post.js","statementMap":{"0":{"start":{"line":1,"column":16},"end":{"line":1,"column":34}},"1":{"start":{"line":2,"column":17},"end":{"line":2,"column":36}},"2":{"start":{"line":3,"column":26},"end":{"line":3,"column":34}},"3":{"start":{"line":5,"column":19},"end":{"line":26,"column":2}},"4":{"start":{"line":28,"column":13},"end":{"line":28,"column":38}},"5":{"start":{"line":29,"column":0},"end":{"line":29,"column":22}}},"fnMap":{},"branchMap":{},"s":{"0":3,"1":3,"2":3,"3":3,"4":3,"5":3},"f":{},"b":{},"_coverageSchema":"1a1c01bbd47fc00a2c39e90264f33305004495a9","hash":"2ff2e35f29aeb272d63fddb3511e50307b38e9cc"}
,"/home/VoidWalker/Code/cs307/Bee-roll/backend/model/Review.js": {"path":"/home/VoidWalker/Code/cs307/Bee-roll/backend/model/Review.js","statementMap":{"0":{"start":{"line":1,"column":16},"end":{"line":1,"column":34}},"1":{"start":{"line":2,"column":17},"end":{"line":2,"column":36}},"2":{"start":{"line":3,"column":26},"end":{"line":3,"column":34}},"3":{"start":{"line":5,"column":21},"end":{"line":22,"column":2}},"4":{"start":{"line":24,"column":15},"end":{"line":24,"column":44}},"5":{"start":{"line":25,"column":0},"end":{"line":25,"column":24}}},"fnMap":{},"branchMap":{},"s":{"0":3,"1":3,"2":3,"3":3,"4":3,"5":3},"f":{},"b":{},"_coverageSchema":"1a1c01bbd47fc00a2c39e90264f33305004495a9","hash":"779f5217fe8962d374cf23769038ea5ea1baea0a"}
,"/home/VoidWalker/Code/cs307/Bee-roll/backend/model/User.js": {"path":"/home/VoidWalker/Code/cs307/Bee-roll/backend/model/User.js","statementMap":{"0":{"start":{"line":1,"column":16},"end":{"line":1,"column":34}},"1":{"start":{"line":2,"column":17},"end":{"line":2,"column":36}},"2":{"start":{"line":3,"column":26},"end":{"line":3,"column":34}},"3":{"start":{"line":5,"column":19},"end":{"line":20,"column":2}},"4":{"start":{"line":22,"column":13},"end":{"line":22,"column":38}},"5":{"start":{"line":23,"column":0},"end":{"line":23,"column":22}}},"fnMap":{},"branchMap":{},"s":{"0":3,"1":3,"2":3,"3":3,"4":3,"5":3},"f":{},"b":{},"_coverageSchema":"1a1c01bbd47fc00a2c39e90264f33305004495a9","hash":"e0d6fcde97badacc7979dffdd2a3b29fdfcc7029"}
,"/home/VoidWalker/Code/cs307/Bee-roll/backend/model/WatchList.js": {"path":"/home/VoidWalker/Code/cs307/Bee-roll/backend/model/WatchList.js","statementMap":{"0":{"start":{"line":1,"column":16},"end":{"line":1,"column":34}},"1":{"start":{"line":2,"column":17},"end":{"line":2,"column":36}},"2":{"start":{"line":3,"column":26},"end":{"line":3,"column":34}},"3":{"start":{"line":5,"column":24},"end":{"line":26,"column":2}},"4":{"start":{"line":28,"column":18},"end":{"line":28,"column":53}},"5":{"start":{"line":29,"column":0},"end":{"line":29,"column":27}}},"fnMap":{},"branchMap":{},"s":{"0":3,"1":3,"2":3,"3":3,"4":3,"5":3},"f":{},"b":{},"_coverageSchema":"1a1c01bbd47fc00a2c39e90264f33305004495a9","hash":"3f5e18dad1ad3255e4e7684a40daa6ee210eeb0d"}
,"/home/VoidWalker/Code/cs307/Bee-roll/backend/routes/forum.js": {"path":"/home/VoidWalker/Code/cs307/Bee-roll/backend/routes/forum.js","statementMap":{"0":{"start":{"line":1,"column":16},"end":{"line":1,"column":34}},"1":{"start":{"line":2,"column":15},"end":{"line":2,"column":31}},"2":{"start":{"line":3,"column":24},"end":{"line":3,"column":65}},"3":{"start":{"line":4,"column":20},"end":{"line":4,"column":49}},"4":{"start":{"line":6,"column":0},"end":{"line":6,"column":70}},"5":{"start":{"line":7,"column":0},"end":{"line":7,"column":66}},"6":{"start":{"line":8,"column":0},"end":{"line":8,"column":62}},"7":{"start":{"line":9,"column":0},"end":{"line":9,"column":66}},"8":{"start":{"line":10,"column":0},"end":{"line":10,"column":48}},"9":{"start":{"line":11,"column":0},"end":{"line":11,"column":74}},"10":{"start":{"line":12,"column":0},"end":{"line":12,"column":72}},"11":{"start":{"line":13,"column":0},"end":{"line":13,"column":78}},"12":{"start":{"line":14,"column":0},"end":{"line":14,"column":46}},"13":{"start":{"line":17,"column":0},"end":{"line":17,"column":24}}},"fnMap":{},"branchMap":{},"s":{"0":3,"1":3,"2":3,"3":3,"4":3,"5":3,"6":3,"7":3,"8":3,"9":3,"10":3,"11":3,"12":3,"13":3},"f":{},"b":{},"_coverageSchema":"1a1c01bbd47fc00a2c39e90264f33305004495a9","hash":"910b8888ee1c403f4524d6bc1ae5531227ed5410"}
,"/home/VoidWalker/Code/cs307/Bee-roll/backend/routes/movie.js": {"path":"/home/VoidWalker/Code/cs307/Bee-roll/backend/routes/movie.js","statementMap":{"0":{"start":{"line":1,"column":16},"end":{"line":1,"column":34}},"1":{"start":{"line":2,"column":15},"end":{"line":2,"column":31}},"2":{"start":{"line":3,"column":24},"end":{"line":3,"column":65}},"3":{"start":{"line":5,"column":0},"end":{"line":5,"column":63}},"4":{"start":{"line":6,"column":0},"end":{"line":6,"column":67}},"5":{"start":{"line":7,"column":0},"end":{"line":7,"column":55}},"6":{"start":{"line":10,"column":0},"end":{"line":10,"column":24}}},"fnMap":{},"branchMap":{},"s":{"0":3,"1":3,"2":3,"3":3,"4":3,"5":3,"6":3},"f":{},"b":{},"_coverageSchema":"1a1c01bbd47fc00a2c39e90264f33305004495a9","hash":"bd9d3c9bacbbf4b2b4b9ea3fdb9a53774a0b2a74"}
,"/home/VoidWalker/Code/cs307/Bee-roll/backend/routes/post.js": {"path":"/home/VoidWalker/Code/cs307/Bee-roll/backend/routes/post.js","statementMap":{"0":{"start":{"line":1,"column":16},"end":{"line":1,"column":34}},"1":{"start":{"line":2,"column":15},"end":{"line":2,"column":31}},"2":{"start":{"line":3,"column":23},"end":{"line":3,"column":63}},"3":{"start":{"line":4,"column":20},"end":{"line":4,"column":49}},"4":{"start":{"line":6,"column":0},"end":{"line":6,"column":67}},"5":{"start":{"line":7,"column":0},"end":{"line":7,"column":61}},"6":{"start":{"line":8,"column":0},"end":{"line":8,"column":73}},"7":{"start":{"line":9,"column":0},"end":{"line":9,"column":78}},"8":{"start":{"line":10,"column":0},"end":{"line":10,"column":75}},"9":{"start":{"line":14,"column":0},"end":{"line":14,"column":24}}},"fnMap":{},"branchMap":{},"s":{"0":3,"1":3,"2":3,"3":3,"4":3,"5":3,"6":3,"7":3,"8":3,"9":3},"f":{},"b":{},"_coverageSchema":"1a1c01bbd47fc00a2c39e90264f33305004495a9","hash":"c81d2cc966fa0a677d90ec5d3c87f803a023572c"}
,"/home/VoidWalker/Code/cs307/Bee-roll/backend/routes/predict.js": {"path":"/home/VoidWalker/Code/cs307/Bee-roll/backend/routes/predict.js","statementMap":{"0":{"start":{"line":1,"column":16},"end":{"line":1,"column":34}},"1":{"start":{"line":2,"column":15},"end":{"line":2,"column":31}},"2":{"start":{"line":3,"column":26},"end":{"line":3,"column":69}},"3":{"start":{"line":4,"column":20},"end":{"line":4,"column":49}},"4":{"start":{"line":6,"column":0},"end":{"line":6,"column":83}},"5":{"start":{"line":7,"column":0},"end":{"line":7,"column":80}},"6":{"start":{"line":8,"column":0},"end":{"line":8,"column":79}},"7":{"start":{"line":12,"column":0},"end":{"line":12,"column":23}}},"fnMap":{},"branchMap":{},"s":{"0":3,"1":3,"2":3,"3":3,"4":3,"5":3,"6":3,"7":3},"f":{},"b":{},"_coverageSchema":"1a1c01bbd47fc00a2c39e90264f33305004495a9","hash":"57c5a7b207fa5720c7a15888af64e3c38dc16857"}
,"/home/VoidWalker/Code/cs307/Bee-roll/backend/routes/profile.js": {"path":"/home/VoidWalker/Code/cs307/Bee-roll/backend/routes/profile.js","statementMap":{"0":{"start":{"line":1,"column":16},"end":{"line":1,"column":34}},"1":{"start":{"line":2,"column":15},"end":{"line":2,"column":31}},"2":{"start":{"line":3,"column":26},"end":{"line":3,"column":69}},"3":{"start":{"line":4,"column":20},"end":{"line":4,"column":49}},"4":{"start":{"line":7,"column":0},"end":{"line":7,"column":80}},"5":{"start":{"line":8,"column":0},"end":{"line":8,"column":78}},"6":{"start":{"line":9,"column":0},"end":{"line":9,"column":92}},"7":{"start":{"line":12,"column":0},"end":{"line":12,"column":24}}},"fnMap":{},"branchMap":{},"s":{"0":3,"1":3,"2":3,"3":3,"4":3,"5":3,"6":3,"7":3},"f":{},"b":{},"_coverageSchema":"1a1c01bbd47fc00a2c39e90264f33305004495a9","hash":"56eaef26988ef194bbbd2fe35ea45219fb4268d2"}
,"/home/VoidWalker/Code/cs307/Bee-roll/backend/routes/review.js": {"path":"/home/VoidWalker/Code/cs307/Bee-roll/backend/routes/review.js","statementMap":{"0":{"start":{"line":1,"column":16},"end":{"line":1,"column":34}},"1":{"start":{"line":2,"column":15},"end":{"line":2,"column":31}},"2":{"start":{"line":3,"column":25},"end":{"line":3,"column":67}},"3":{"start":{"line":4,"column":20},"end":{"line":4,"column":49}},"4":{"start":{"line":6,"column":0},"end":{"line":6,"column":73}},"5":{"start":{"line":7,"column":0},"end":{"line":7,"column":77}},"6":{"start":{"line":8,"column":0},"end":{"line":8,"column":73}},"7":{"start":{"line":9,"column":0},"end":{"line":9,"column":86}},"8":{"start":{"line":12,"column":0},"end":{"line":12,"column":24}}},"fnMap":{},"branchMap":{},"s":{"0":3,"1":3,"2":3,"3":3,"4":3,"5":3,"6":3,"7":3,"8":3},"f":{},"b":{},"_coverageSchema":"1a1c01bbd47fc00a2c39e90264f33305004495a9","hash":"97437074f1fdb45b8ba52134cd4b8336097d44d9"}
,"/home/VoidWalker/Code/cs307/Bee-roll/backend/routes/user.js": {"path":"/home/VoidWalker/Code/cs307/Bee-roll/backend/routes/user.js","statementMap":{"0":{"start":{"line":1,"column":16},"end":{"line":1,"column":34}},"1":{"start":{"line":2,"column":15},"end":{"line":2,"column":31}},"2":{"start":{"line":3,"column":23},"end":{"line":3,"column":63}},"3":{"start":{"line":4,"column":20},"end":{"line":4,"column":49}},"4":{"start":{"line":6,"column":0},"end":{"line":6,"column":54}},"5":{"start":{"line":7,"column":0},"end":{"line":7,"column":52}},"6":{"start":{"line":8,"column":0},"end":{"line":8,"column":60}},"7":{"start":{"line":9,"column":0},"end":{"line":9,"column":56}},"8":{"start":{"line":10,"column":0},"end":{"line":10,"column":77}},"9":{"start":{"line":11,"column":0},"end":{"line":11,"column":67}},"10":{"start":{"line":12,"column":0},"end":{"line":12,"column":71}},"11":{"start":{"line":13,"column":0},"end":{"line":13,"column":57}},"12":{"start":{"line":16,"column":0},"end":{"line":16,"column":24}}},"fnMap":{},"branchMap":{},"s":{"0":3,"1":3,"2":3,"3":3,"4":3,"5":3,"6":3,"7":3,"8":3,"9":3,"10":3,"11":3,"12":3},"f":{},"b":{},"_coverageSchema":"1a1c01bbd47fc00a2c39e90264f33305004495a9","hash":"6ff0681ae19c9f874a0c89358a952667bdee5cba"}
,"/home/VoidWalker/Code/cs307/Bee-roll/backend/routes/watchlist.js": {"path":"/home/VoidWalker/Code/cs307/Bee-roll/backend/routes/watchlist.js","statementMap":{"0":{"start":{"line":1,"column":16},"end":{"line":1,"column":34}},"1":{"start":{"line":2,"column":15},"end":{"line":2,"column":31}},"2":{"start":{"line":3,"column":28},"end":{"line":3,"column":73}},"3":{"start":{"line":4,"column":20},"end":{"line":4,"column":49}},"4":{"start":{"line":6,"column":0},"end":{"line":6,"column":82}},"5":{"start":{"line":7,"column":0},"end":{"line":7,"column":68}},"6":{"start":{"line":8,"column":0},"end":{"line":8,"column":73}},"7":{"start":{"line":9,"column":0},"end":{"line":9,"column":89}},"8":{"start":{"line":10,"column":0},"end":{"line":10,"column":98}},"9":{"start":{"line":13,"column":0},"end":{"line":13,"column":24}}},"fnMap":{},"branchMap":{},"s":{"0":3,"1":3,"2":3,"3":3,"4":3,"5":3,"6":3,"7":3,"8":3,"9":3},"f":{},"b":{},"_coverageSchema":"1a1c01bbd47fc00a2c39e90264f33305004495a9","hash":"09c765bd519070289ffc9c552890c35b63b94985"}
}
