{"/home/VoidWalker/Code/cs307/Bee-roll/backend/controllers/counterController.js": {"path":"/home/VoidWalker/Code/cs307/Bee-roll/backend/controllers/counterController.js","statementMap":{"0":{"start":{"line":1,"column":17},"end":{"line":1,"column":36}},"1":{"start":{"line":2,"column":16},"end":{"line":2,"column":34}},"2":{"start":{"line":3,"column":16},"end":{"line":3,"column":46}},"3":{"start":{"line":5,"column":26},"end":{"line":18,"column":1}},"4":{"start":{"line":8,"column":29},"end":{"line":8,"column":37}},"5":{"start":{"line":9,"column":8},"end":{"line":16,"column":9}},"6":{"start":{"line":10,"column":28},"end":{"line":10,"column":69}},"7":{"start":{"line":11,"column":12},"end":{"line":11,"column":48}},"8":{"start":{"line":15,"column":12},"end":{"line":15,"column":59}}},"fnMap":{"0":{"name":"(anonymous_0)","decl":{"start":{"line":7,"column":4},"end":{"line":7,"column":5}},"loc":{"start":{"line":7,"column":34},"end":{"line":17,"column":5}},"line":7}},"branchMap":{},"s":{"0":0,"1":0,"2":0,"3":0,"4":0,"5":0,"6":0,"7":0,"8":0},"f":{"0":0},"b":{}}
,"/home/VoidWalker/Code/cs307/Bee-roll/backend/controllers/forumController.js": {"path":"/home/VoidWalker/Code/cs307/Bee-roll/backend/controllers/forumController.js","statementMap":{"0":{"start":{"line":1,"column":17},"end":{"line":1,"column":36}},"1":{"start":{"line":2,"column":16},"end":{"line":2,"column":34}},"2":{"start":{"line":3,"column":16},"end":{"line":3,"column":46}},"3":{"start":{"line":4,"column":14},"end":{"line":4,"column":42}},"4":{"start":{"line":5,"column":13},"end":{"line":5,"column":40}},"5":{"start":{"line":6,"column":13},"end":{"line":6,"column":40}},"6":{"start":{"line":9,"column":19},"end":{"line":9,"column":44}},"7":{"start":{"line":10,"column":4},"end":{"line":10,"column":31}},"8":{"start":{"line":13,"column":24},"end":{"line":328,"column":1}},"9":{"start":{"line":15,"column":8},"end":{"line":56,"column":9}},"10":{"start":{"line":16,"column":33},"end":{"line":16,"column":41}},"11":{"start":{"line":17,"column":34},"end":{"line":17,"column":48}},"12":{"start":{"line":19,"column":12},"end":{"line":21,"column":13}},"13":{"start":{"line":20,"column":16},"end":{"line":20,"column":78}},"14":{"start":{"line":23,"column":35},"end":{"line":23,"column":80}},"15":{"start":{"line":25,"column":12},"end":{"line":27,"column":13}},"16":{"start":{"line":26,"column":16},"end":{"line":26,"column":86}},"17":{"start":{"line":29,"column":34},"end":{"line":29,"column":71}},"18":{"start":{"line":30,"column":40},"end":{"line":30,"column":71}},"19":{"start":{"line":31,"column":28},"end":{"line":31,"column":63}},"20":{"start":{"line":33,"column":28},"end":{"line":33,"column":70}},"21":{"start":{"line":34,"column":30},"end":{"line":34,"column":41}},"22":{"start":{"line":35,"column":29},"end":{"line":40,"column":14}},"23":{"start":{"line":42,"column":12},"end":{"line":42,"column":33}},"24":{"start":{"line":43,"column":12},"end":{"line":43,"column":89}},"25":{"start":{"line":45,"column":12},"end":{"line":49,"column":14}},"26":{"start":{"line":51,"column":12},"end":{"line":51,"column":67}},"27":{"start":{"line":52,"column":12},"end":{"line":52,"column":80}},"28":{"start":{"line":54,"column":12},"end":{"line":54,"column":58}},"29":{"start":{"line":55,"column":12},"end":{"line":55,"column":69}},"30":{"start":{"line":60,"column":8},"end":{"line":85,"column":9}},"31":{"start":{"line":61,"column":30},"end":{"line":61,"column":38}},"32":{"start":{"line":62,"column":25},"end":{"line":62,"column":68}},"33":{"start":{"line":63,"column":29},"end":{"line":63,"column":37}},"34":{"start":{"line":64,"column":26},"end":{"line":64,"column":65}},"35":{"start":{"line":65,"column":12},"end":{"line":67,"column":13}},"36":{"start":{"line":66,"column":16},"end":{"line":66,"column":92}},"37":{"start":{"line":69,"column":27},"end":{"line":69,"column":62}},"38":{"start":{"line":70,"column":12},"end":{"line":72,"column":13}},"39":{"start":{"line":71,"column":16},"end":{"line":71,"column":89}},"40":{"start":{"line":74,"column":12},"end":{"line":74,"column":41}},"41":{"start":{"line":75,"column":12},"end":{"line":75,"column":40}},"42":{"start":{"line":77,"column":12},"end":{"line":77,"column":31}},"43":{"start":{"line":78,"column":12},"end":{"line":78,"column":30}},"44":{"start":{"line":80,"column":12},"end":{"line":80,"column":89}},"45":{"start":{"line":81,"column":12},"end":{"line":81,"column":79}},"46":{"start":{"line":83,"column":12},"end":{"line":83,"column":58}},"47":{"start":{"line":84,"column":12},"end":{"line":84,"column":69}},"48":{"start":{"line":89,"column":27},"end":{"line":89,"column":43}},"49":{"start":{"line":90,"column":22},"end":{"line":90,"column":67}},"50":{"start":{"line":92,"column":8},"end":{"line":94,"column":9}},"51":{"start":{"line":93,"column":12},"end":{"line":93,"column":88}},"52":{"start":{"line":96,"column":8},"end":{"line":96,"column":43}},"53":{"start":{"line":100,"column":8},"end":{"line":133,"column":9}},"54":{"start":{"line":101,"column":38},"end":{"line":101,"column":46}},"55":{"start":{"line":103,"column":25},"end":{"line":103,"column":68}},"56":{"start":{"line":105,"column":32},"end":{"line":105,"column":40}},"57":{"start":{"line":107,"column":31},"end":{"line":107,"column":72}},"58":{"start":{"line":109,"column":12},"end":{"line":111,"column":13}},"59":{"start":{"line":110,"column":16},"end":{"line":110,"column":79}},"60":{"start":{"line":113,"column":30},"end":{"line":113,"column":65}},"61":{"start":{"line":115,"column":12},"end":{"line":117,"column":13}},"62":{"start":{"line":116,"column":16},"end":{"line":116,"column":110}},"63":{"start":{"line":119,"column":35},"end":{"line":119,"column":58}},"64":{"start":{"line":120,"column":36},"end":{"line":120,"column":71}},"65":{"start":{"line":122,"column":12},"end":{"line":126,"column":13}},"66":{"start":{"line":123,"column":16},"end":{"line":123,"column":44}},"67":{"start":{"line":124,"column":16},"end":{"line":124,"column":97}},"68":{"start":{"line":125,"column":16},"end":{"line":125,"column":62}},"69":{"start":{"line":128,"column":12},"end":{"line":128,"column":69}},"70":{"start":{"line":131,"column":12},"end":{"line":131,"column":58}},"71":{"start":{"line":132,"column":12},"end":{"line":132,"column":69}},"72":{"start":{"line":137,"column":8},"end":{"line":173,"column":9}},"73":{"start":{"line":138,"column":38},"end":{"line":138,"column":46}},"74":{"start":{"line":140,"column":25},"end":{"line":140,"column":68}},"75":{"start":{"line":142,"column":35},"end":{"line":142,"column":43}},"76":{"start":{"line":144,"column":31},"end":{"line":144,"column":70}},"77":{"start":{"line":146,"column":12},"end":{"line":148,"column":13}},"78":{"start":{"line":147,"column":16},"end":{"line":147,"column":79}},"79":{"start":{"line":150,"column":30},"end":{"line":150,"column":63}},"80":{"start":{"line":152,"column":12},"end":{"line":154,"column":13}},"81":{"start":{"line":153,"column":16},"end":{"line":153,"column":110}},"82":{"start":{"line":156,"column":35},"end":{"line":156,"column":58}},"83":{"start":{"line":157,"column":26},"end":{"line":157,"column":56}},"84":{"start":{"line":159,"column":12},"end":{"line":167,"column":13}},"85":{"start":{"line":160,"column":16},"end":{"line":162,"column":17}},"86":{"start":{"line":161,"column":19},"end":{"line":161,"column":51}},"87":{"start":{"line":164,"column":16},"end":{"line":164,"column":97}},"88":{"start":{"line":166,"column":16},"end":{"line":166,"column":63}},"89":{"start":{"line":169,"column":12},"end":{"line":169,"column":69}},"90":{"start":{"line":171,"column":12},"end":{"line":171,"column":61}},"91":{"start":{"line":172,"column":12},"end":{"line":172,"column":69}},"92":{"start":{"line":177,"column":8},"end":{"line":197,"column":9}},"93":{"start":{"line":178,"column":30},"end":{"line":178,"column":38}},"94":{"start":{"line":180,"column":31},"end":{"line":180,"column":72}},"95":{"start":{"line":182,"column":25},"end":{"line":182,"column":68}},"96":{"start":{"line":184,"column":12},"end":{"line":186,"column":13}},"97":{"start":{"line":185,"column":16},"end":{"line":185,"column":94}},"98":{"start":{"line":187,"column":12},"end":{"line":191,"column":13}},"99":{"start":{"line":188,"column":40},"end":{"line":188,"column":61}},"100":{"start":{"line":189,"column":16},"end":{"line":189,"column":97}},"101":{"start":{"line":190,"column":16},"end":{"line":190,"column":92}},"102":{"start":{"line":193,"column":12},"end":{"line":193,"column":69}},"103":{"start":{"line":195,"column":12},"end":{"line":195,"column":60}},"104":{"start":{"line":196,"column":12},"end":{"line":196,"column":69}},"105":{"start":{"line":201,"column":8},"end":{"line":234,"column":9}},"106":{"start":{"line":202,"column":38},"end":{"line":202,"column":46}},"107":{"start":{"line":204,"column":30},"end":{"line":204,"column":73}},"108":{"start":{"line":206,"column":26},"end":{"line":206,"column":39}},"109":{"start":{"line":207,"column":26},"end":{"line":207,"column":65}},"110":{"start":{"line":209,"column":12},"end":{"line":211,"column":13}},"111":{"start":{"line":210,"column":16},"end":{"line":210,"column":92}},"112":{"start":{"line":213,"column":12},"end":{"line":215,"column":13}},"113":{"start":{"line":214,"column":16},"end":{"line":214,"column":90}},"114":{"start":{"line":217,"column":25},"end":{"line":217,"column":58}},"115":{"start":{"line":219,"column":12},"end":{"line":221,"column":13}},"116":{"start":{"line":220,"column":16},"end":{"line":220,"column":91}},"117":{"start":{"line":223,"column":12},"end":{"line":223,"column":45}},"118":{"start":{"line":224,"column":12},"end":{"line":224,"column":39}},"119":{"start":{"line":225,"column":12},"end":{"line":225,"column":40}},"120":{"start":{"line":227,"column":12},"end":{"line":227,"column":31}},"121":{"start":{"line":228,"column":12},"end":{"line":228,"column":30}},"122":{"start":{"line":230,"column":12},"end":{"line":230,"column":78}},"123":{"start":{"line":232,"column":12},"end":{"line":232,"column":54}},"124":{"start":{"line":233,"column":12},"end":{"line":233,"column":76}},"125":{"start":{"line":238,"column":8},"end":{"line":272,"column":9}},"126":{"start":{"line":239,"column":38},"end":{"line":239,"column":46}},"127":{"start":{"line":241,"column":30},"end":{"line":241,"column":73}},"128":{"start":{"line":242,"column":26},"end":{"line":242,"column":39}},"129":{"start":{"line":244,"column":26},"end":{"line":244,"column":65}},"130":{"start":{"line":246,"column":12},"end":{"line":248,"column":13}},"131":{"start":{"line":247,"column":16},"end":{"line":247,"column":92}},"132":{"start":{"line":250,"column":12},"end":{"line":252,"column":13}},"133":{"start":{"line":251,"column":16},"end":{"line":251,"column":90}},"134":{"start":{"line":254,"column":25},"end":{"line":254,"column":58}},"135":{"start":{"line":256,"column":12},"end":{"line":258,"column":13}},"136":{"start":{"line":257,"column":16},"end":{"line":257,"column":91}},"137":{"start":{"line":260,"column":24},"end":{"line":260,"column":56}},"138":{"start":{"line":262,"column":12},"end":{"line":264,"column":13}},"139":{"start":{"line":263,"column":16},"end":{"line":263,"column":90}},"140":{"start":{"line":265,"column":12},"end":{"line":265,"column":45}},"141":{"start":{"line":266,"column":12},"end":{"line":266,"column":31}},"142":{"start":{"line":268,"column":12},"end":{"line":268,"column":80}},"143":{"start":{"line":270,"column":12},"end":{"line":270,"column":56}},"144":{"start":{"line":271,"column":12},"end":{"line":271,"column":76}},"145":{"start":{"line":276,"column":8},"end":{"line":291,"column":9}},"146":{"start":{"line":277,"column":30},"end":{"line":277,"column":48}},"147":{"start":{"line":278,"column":12},"end":{"line":278,"column":29}},"148":{"start":{"line":279,"column":12},"end":{"line":286,"column":13}},"149":{"start":{"line":280,"column":16},"end":{"line":285,"column":17}},"150":{"start":{"line":281,"column":20},"end":{"line":281,"column":51}},"151":{"start":{"line":282,"column":20},"end":{"line":282,"column":42}},"152":{"start":{"line":283,"column":20},"end":{"line":283,"column":52}},"153":{"start":{"line":284,"column":20},"end":{"line":284,"column":45}},"154":{"start":{"line":287,"column":12},"end":{"line":287,"column":56}},"155":{"start":{"line":289,"column":12},"end":{"line":289,"column":59}},"156":{"start":{"line":290,"column":12},"end":{"line":290,"column":69}},"157":{"start":{"line":295,"column":8},"end":{"line":326,"column":9}},"158":{"start":{"line":296,"column":42},"end":{"line":296,"column":50}},"159":{"start":{"line":298,"column":12},"end":{"line":300,"column":13}},"160":{"start":{"line":299,"column":16},"end":{"line":299,"column":79}},"161":{"start":{"line":302,"column":30},"end":{"line":302,"column":75}},"162":{"start":{"line":304,"column":31},"end":{"line":304,"column":72}},"163":{"start":{"line":306,"column":12},"end":{"line":308,"column":13}},"164":{"start":{"line":307,"column":16},"end":{"line":307,"column":80}},"165":{"start":{"line":310,"column":35},"end":{"line":310,"column":82}},"166":{"start":{"line":312,"column":12},"end":{"line":314,"column":13}},"167":{"start":{"line":313,"column":16},"end":{"line":313,"column":86}},"168":{"start":{"line":316,"column":12},"end":{"line":319,"column":13}},"169":{"start":{"line":317,"column":16},"end":{"line":317,"column":93}},"170":{"start":{"line":318,"column":16},"end":{"line":318,"column":63}},"171":{"start":{"line":321,"column":12},"end":{"line":321,"column":67}},"172":{"start":{"line":324,"column":16},"end":{"line":324,"column":61}},"173":{"start":{"line":325,"column":16},"end":{"line":325,"column":73}},"174":{"start":{"line":330,"column":0},"end":{"line":330,"column":33}}},"fnMap":{"0":{"name":"checkAlias","decl":{"start":{"line":8,"column":9},"end":{"line":8,"column":19}},"loc":{"start":{"line":8,"column":28},"end":{"line":11,"column":1}},"line":8},"1":{"name":"(anonymous_1)","decl":{"start":{"line":14,"column":4},"end":{"line":14,"column":5}},"loc":{"start":{"line":14,"column":32},"end":{"line":57,"column":5}},"line":14},"2":{"name":"(anonymous_2)","decl":{"start":{"line":59,"column":4},"end":{"line":59,"column":5}},"loc":{"start":{"line":59,"column":30},"end":{"line":86,"column":5}},"line":59},"3":{"name":"(anonymous_3)","decl":{"start":{"line":88,"column":4},"end":{"line":88,"column":5}},"loc":{"start":{"line":88,"column":29},"end":{"line":97,"column":5}},"line":88},"4":{"name":"(anonymous_4)","decl":{"start":{"line":99,"column":4},"end":{"line":99,"column":5}},"loc":{"start":{"line":99,"column":33},"end":{"line":134,"column":5}},"line":99},"5":{"name":"(anonymous_5)","decl":{"start":{"line":136,"column":4},"end":{"line":136,"column":5}},"loc":{"start":{"line":136,"column":36},"end":{"line":174,"column":5}},"line":136},"6":{"name":"(anonymous_6)","decl":{"start":{"line":176,"column":4},"end":{"line":176,"column":5}},"loc":{"start":{"line":176,"column":34},"end":{"line":198,"column":5}},"line":176},"7":{"name":"(anonymous_7)","decl":{"start":{"line":200,"column":4},"end":{"line":200,"column":5}},"loc":{"start":{"line":200,"column":28},"end":{"line":235,"column":5}},"line":200},"8":{"name":"(anonymous_8)","decl":{"start":{"line":237,"column":4},"end":{"line":237,"column":5}},"loc":{"start":{"line":237,"column":30},"end":{"line":273,"column":5}},"line":237},"9":{"name":"(anonymous_9)","decl":{"start":{"line":275,"column":4},"end":{"line":275,"column":5}},"loc":{"start":{"line":275,"column":33},"end":{"line":292,"column":5}},"line":275},"10":{"name":"(anonymous_10)","decl":{"start":{"line":294,"column":4},"end":{"line":294,"column":5}},"loc":{"start":{"line":294,"column":29},"end":{"line":327,"column":5}},"line":294}},"branchMap":{"0":{"loc":{"start":{"line":19,"column":12},"end":{"line":21,"column":13}},"type":"if","locations":[{"start":{"line":19,"column":12},"end":{"line":21,"column":13}},{"start":{},"end":{}}],"line":19},"1":{"loc":{"start":{"line":25,"column":12},"end":{"line":27,"column":13}},"type":"if","locations":[{"start":{"line":25,"column":12},"end":{"line":27,"column":13}},{"start":{},"end":{}}],"line":25},"2":{"loc":{"start":{"line":65,"column":12},"end":{"line":67,"column":13}},"type":"if","locations":[{"start":{"line":65,"column":12},"end":{"line":67,"column":13}},{"start":{},"end":{}}],"line":65},"3":{"loc":{"start":{"line":70,"column":12},"end":{"line":72,"column":13}},"type":"if","locations":[{"start":{"line":70,"column":12},"end":{"line":72,"column":13}},{"start":{},"end":{}}],"line":70},"4":{"loc":{"start":{"line":92,"column":8},"end":{"line":94,"column":9}},"type":"if","locations":[{"start":{"line":92,"column":8},"end":{"line":94,"column":9}},{"start":{},"end":{}}],"line":92},"5":{"loc":{"start":{"line":109,"column":12},"end":{"line":111,"column":13}},"type":"if","locations":[{"start":{"line":109,"column":12},"end":{"line":111,"column":13}},{"start":{},"end":{}}],"line":109},"6":{"loc":{"start":{"line":115,"column":12},"end":{"line":117,"column":13}},"type":"if","locations":[{"start":{"line":115,"column":12},"end":{"line":117,"column":13}},{"start":{},"end":{}}],"line":115},"7":{"loc":{"start":{"line":122,"column":12},"end":{"line":126,"column":13}},"type":"if","locations":[{"start":{"line":122,"column":12},"end":{"line":126,"column":13}},{"start":{},"end":{}}],"line":122},"8":{"loc":{"start":{"line":122,"column":16},"end":{"line":122,"column":76}},"type":"binary-expr","locations":[{"start":{"line":122,"column":16},"end":{"line":122,"column":51}},{"start":{"line":122,"column":55},"end":{"line":122,"column":76}}],"line":122},"9":{"loc":{"start":{"line":146,"column":12},"end":{"line":148,"column":13}},"type":"if","locations":[{"start":{"line":146,"column":12},"end":{"line":148,"column":13}},{"start":{},"end":{}}],"line":146},"10":{"loc":{"start":{"line":152,"column":12},"end":{"line":154,"column":13}},"type":"if","locations":[{"start":{"line":152,"column":12},"end":{"line":154,"column":13}},{"start":{},"end":{}}],"line":152},"11":{"loc":{"start":{"line":159,"column":12},"end":{"line":167,"column":13}},"type":"if","locations":[{"start":{"line":159,"column":12},"end":{"line":167,"column":13}},{"start":{},"end":{}}],"line":159},"12":{"loc":{"start":{"line":160,"column":16},"end":{"line":162,"column":17}},"type":"if","locations":[{"start":{"line":160,"column":16},"end":{"line":162,"column":17}},{"start":{},"end":{}}],"line":160},"13":{"loc":{"start":{"line":184,"column":12},"end":{"line":186,"column":13}},"type":"if","locations":[{"start":{"line":184,"column":12},"end":{"line":186,"column":13}},{"start":{},"end":{}}],"line":184},"14":{"loc":{"start":{"line":187,"column":12},"end":{"line":191,"column":13}},"type":"if","locations":[{"start":{"line":187,"column":12},"end":{"line":191,"column":13}},{"start":{},"end":{}}],"line":187},"15":{"loc":{"start":{"line":209,"column":12},"end":{"line":211,"column":13}},"type":"if","locations":[{"start":{"line":209,"column":12},"end":{"line":211,"column":13}},{"start":{},"end":{}}],"line":209},"16":{"loc":{"start":{"line":213,"column":12},"end":{"line":215,"column":13}},"type":"if","locations":[{"start":{"line":213,"column":12},"end":{"line":215,"column":13}},{"start":{},"end":{}}],"line":213},"17":{"loc":{"start":{"line":213,"column":15},"end":{"line":213,"column":92}},"type":"binary-expr","locations":[{"start":{"line":213,"column":15},"end":{"line":213,"column":25}},{"start":{"line":213,"column":29},"end":{"line":213,"column":64}},{"start":{"line":213,"column":68},"end":{"line":213,"column":92}}],"line":213},"18":{"loc":{"start":{"line":219,"column":12},"end":{"line":221,"column":13}},"type":"if","locations":[{"start":{"line":219,"column":12},"end":{"line":221,"column":13}},{"start":{},"end":{}}],"line":219},"19":{"loc":{"start":{"line":246,"column":12},"end":{"line":248,"column":13}},"type":"if","locations":[{"start":{"line":246,"column":12},"end":{"line":248,"column":13}},{"start":{},"end":{}}],"line":246},"20":{"loc":{"start":{"line":250,"column":12},"end":{"line":252,"column":13}},"type":"if","locations":[{"start":{"line":250,"column":12},"end":{"line":252,"column":13}},{"start":{},"end":{}}],"line":250},"21":{"loc":{"start":{"line":250,"column":15},"end":{"line":250,"column":92}},"type":"binary-expr","locations":[{"start":{"line":250,"column":15},"end":{"line":250,"column":25}},{"start":{"line":250,"column":29},"end":{"line":250,"column":64}},{"start":{"line":250,"column":68},"end":{"line":250,"column":92}}],"line":250},"22":{"loc":{"start":{"line":256,"column":12},"end":{"line":258,"column":13}},"type":"if","locations":[{"start":{"line":256,"column":12},"end":{"line":258,"column":13}},{"start":{},"end":{}}],"line":256},"23":{"loc":{"start":{"line":256,"column":15},"end":{"line":256,"column":62}},"type":"binary-expr","locations":[{"start":{"line":256,"column":15},"end":{"line":256,"column":20}},{"start":{"line":256,"column":24},"end":{"line":256,"column":62}}],"line":256},"24":{"loc":{"start":{"line":262,"column":12},"end":{"line":264,"column":13}},"type":"if","locations":[{"start":{"line":262,"column":12},"end":{"line":264,"column":13}},{"start":{},"end":{}}],"line":262},"25":{"loc":{"start":{"line":262,"column":15},"end":{"line":262,"column":86}},"type":"binary-expr","locations":[{"start":{"line":262,"column":15},"end":{"line":262,"column":19}},{"start":{"line":262,"column":23},"end":{"line":262,"column":58}},{"start":{"line":262,"column":62},"end":{"line":262,"column":86}}],"line":262},"26":{"loc":{"start":{"line":280,"column":16},"end":{"line":285,"column":17}},"type":"if","locations":[{"start":{"line":280,"column":16},"end":{"line":285,"column":17}},{"start":{},"end":{}}],"line":280},"27":{"loc":{"start":{"line":298,"column":12},"end":{"line":300,"column":13}},"type":"if","locations":[{"start":{"line":298,"column":12},"end":{"line":300,"column":13}},{"start":{},"end":{}}],"line":298},"28":{"loc":{"start":{"line":306,"column":12},"end":{"line":308,"column":13}},"type":"if","locations":[{"start":{"line":306,"column":12},"end":{"line":308,"column":13}},{"start":{},"end":{}}],"line":306},"29":{"loc":{"start":{"line":312,"column":12},"end":{"line":314,"column":13}},"type":"if","locations":[{"start":{"line":312,"column":12},"end":{"line":314,"column":13}},{"start":{},"end":{}}],"line":312},"30":{"loc":{"start":{"line":316,"column":12},"end":{"line":319,"column":13}},"type":"if","locations":[{"start":{"line":316,"column":12},"end":{"line":319,"column":13}},{"start":{},"end":{}}],"line":316}},"s":{"0":3,"1":3,"2":3,"3":3,"4":3,"5":3,"6":6,"7":6,"8":3,"9":2,"10":2,"11":2,"12":2,"13":0,"14":2,"15":2,"16":1,"17":1,"18":1,"19":1,"20":1,"21":1,"22":1,"23":1,"24":1,"25":1,"26":1,"27":1,"28":0,"29":0,"30":1,"31":1,"32":1,"33":1,"34":1,"35":1,"36":0,"37":1,"38":1,"39":0,"40":1,"41":1,"42":1,"43":1,"44":1,"45":1,"46":0,"47":0,"48":1,"49":1,"50":1,"51":1,"52":0,"53":2,"54":2,"55":2,"56":2,"57":2,"58":2,"59":0,"60":2,"61":2,"62":0,"63":2,"64":2,"65":2,"66":1,"67":1,"68":1,"69":1,"70":0,"71":0,"72":0,"73":0,"74":0,"75":0,"76":0,"77":0,"78":0,"79":0,"80":0,"81":0,"82":0,"83":0,"84":0,"85":0,"86":0,"87":0,"88":0,"89":0,"90":0,"91":0,"92":3,"93":3,"94":3,"95":3,"96":3,"97":1,"98":2,"99":1,"100":1,"101":1,"102":1,"103":0,"104":0,"105":2,"106":2,"107":2,"108":2,"109":2,"110":2,"111":0,"112":2,"113":0,"114":2,"115":2,"116":0,"117":2,"118":2,"119":2,"120":2,"121":2,"122":2,"123":0,"124":0,"125":2,"126":2,"127":2,"128":2,"129":2,"130":2,"131":0,"132":2,"133":0,"134":2,"135":2,"136":0,"137":2,"138":2,"139":0,"140":2,"141":2,"142":2,"143":0,"144":0,"145":1,"146":1,"147":1,"148":1,"149":4,"150":3,"151":3,"152":3,"153":3,"154":1,"155":0,"156":0,"157":4,"158":4,"159":4,"160":1,"161":3,"162":3,"163":3,"164":1,"165":2,"166":2,"167":0,"168":2,"169":1,"170":1,"171":1,"172":0,"173":0,"174":3},"f":{"0":6,"1":2,"2":1,"3":1,"4":2,"5":0,"6":3,"7":2,"8":2,"9":1,"10":4},"b":{"0":[0,2],"1":[1,1],"2":[0,1],"3":[0,1],"4":[1,0],"5":[0,2],"6":[0,2],"7":[1,1],"8":[2,1],"9":[0,0],"10":[0,0],"11":[0,0],"12":[0,0],"13":[1,2],"14":[1,1],"15":[0,2],"16":[0,2],"17":[2,2,2],"18":[0,2],"19":[0,2],"20":[0,2],"21":[2,2,2],"22":[0,2],"23":[2,2],"24":[0,2],"25":[2,2,2],"26":[3,1],"27":[1,3],"28":[1,2],"29":[0,2],"30":[1,1]},"_coverageSchema":"1a1c01bbd47fc00a2c39e90264f33305004495a9","hash":"317f0fb2af2215238a07e222edc6e93ec41a5a49"}
,"/home/VoidWalker/Code/cs307/Bee-roll/backend/controllers/movieController.js": {"path":"/home/VoidWalker/Code/cs307/Bee-roll/backend/controllers/movieController.js","statementMap":{"0":{"start":{"line":1,"column":17},"end":{"line":1,"column":36}},"1":{"start":{"line":2,"column":16},"end":{"line":2,"column":34}},"2":{"start":{"line":3,"column":14},"end":{"line":3,"column":42}},"3":{"start":{"line":6,"column":2},"end":{"line":6,"column":55}},"4":{"start":{"line":10,"column":24},"end":{"line":54,"column":1}},"5":{"start":{"line":13,"column":8},"end":{"line":26,"column":9}},"6":{"start":{"line":14,"column":31},"end":{"line":14,"column":41}},"7":{"start":{"line":16,"column":31},"end":{"line":16,"column":73}},"8":{"start":{"line":18,"column":12},"end":{"line":20,"column":13}},"9":{"start":{"line":19,"column":16},"end":{"line":19,"column":82}},"10":{"start":{"line":22,"column":12},"end":{"line":22,"column":56}},"11":{"start":{"line":24,"column":12},"end":{"line":24,"column":59}},"12":{"start":{"line":25,"column":12},"end":{"line":25,"column":76}},"13":{"start":{"line":30,"column":8},"end":{"line":41,"column":9}},"14":{"start":{"line":31,"column":30},"end":{"line":31,"column":40}},"15":{"start":{"line":33,"column":26},"end":{"line":33,"column":65}},"16":{"start":{"line":35,"column":32},"end":{"line":35,"column":66}},"17":{"start":{"line":37,"column":12},"end":{"line":37,"column":57}},"18":{"start":{"line":39,"column":12},"end":{"line":39,"column":68}},"19":{"start":{"line":40,"column":12},"end":{"line":40,"column":76}},"20":{"start":{"line":45,"column":8},"end":{"line":52,"column":9}},"21":{"start":{"line":46,"column":30},"end":{"line":46,"column":58}},"22":{"start":{"line":48,"column":12},"end":{"line":48,"column":63}},"23":{"start":{"line":50,"column":12},"end":{"line":50,"column":59}},"24":{"start":{"line":51,"column":12},"end":{"line":51,"column":76}},"25":{"start":{"line":56,"column":0},"end":{"line":56,"column":33}}},"fnMap":{"0":{"name":"escapeRegExp","decl":{"start":{"line":5,"column":9},"end":{"line":5,"column":21}},"loc":{"start":{"line":5,"column":30},"end":{"line":7,"column":1}},"line":5},"1":{"name":"(anonymous_1)","decl":{"start":{"line":12,"column":4},"end":{"line":12,"column":5}},"loc":{"start":{"line":12,"column":33},"end":{"line":27,"column":5}},"line":12},"2":{"name":"(anonymous_2)","decl":{"start":{"line":29,"column":4},"end":{"line":29,"column":5}},"loc":{"start":{"line":29,"column":42},"end":{"line":42,"column":5}},"line":29},"3":{"name":"(anonymous_3)","decl":{"start":{"line":44,"column":4},"end":{"line":44,"column":5}},"loc":{"start":{"line":44,"column":33},"end":{"line":53,"column":5}},"line":44}},"branchMap":{"0":{"loc":{"start":{"line":18,"column":12},"end":{"line":20,"column":13}},"type":"if","locations":[{"start":{"line":18,"column":12},"end":{"line":20,"column":13}},{"start":{},"end":{}}],"line":18}},"s":{"0":3,"1":3,"2":3,"3":0,"4":3,"5":0,"6":0,"7":0,"8":0,"9":0,"10":0,"11":0,"12":0,"13":0,"14":0,"15":0,"16":0,"17":0,"18":0,"19":0,"20":0,"21":0,"22":0,"23":0,"24":0,"25":3},"f":{"0":0,"1":0,"2":0,"3":0},"b":{"0":[0,0]},"_coverageSchema":"1a1c01bbd47fc00a2c39e90264f33305004495a9","hash":"a30771b3a99008ca45501e7c66fda18b8ff5dfc3"}
,"/home/VoidWalker/Code/cs307/Bee-roll/backend/controllers/postController.js": {"path":"/home/VoidWalker/Code/cs307/Bee-roll/backend/controllers/postController.js","statementMap":{"0":{"start":{"line":1,"column":17},"end":{"line":1,"column":36}},"1":{"start":{"line":2,"column":16},"end":{"line":2,"column":34}},"2":{"start":{"line":3,"column":16},"end":{"line":3,"column":46}},"3":{"start":{"line":4,"column":14},"end":{"line":4,"column":42}},"4":{"start":{"line":5,"column":13},"end":{"line":5,"column":40}},"5":{"start":{"line":6,"column":13},"end":{"line":6,"column":40}},"6":{"start":{"line":8,"column":23},"end":{"line":203,"column":1}},"7":{"start":{"line":10,"column":8},"end":{"line":54,"column":9}},"8":{"start":{"line":11,"column":51},"end":{"line":11,"column":59}},"9":{"start":{"line":13,"column":33},"end":{"line":13,"column":78}},"10":{"start":{"line":15,"column":30},"end":{"line":15,"column":46}},"11":{"start":{"line":17,"column":31},"end":{"line":17,"column":72}},"12":{"start":{"line":19,"column":12},"end":{"line":21,"column":13}},"13":{"start":{"line":20,"column":16},"end":{"line":20,"column":92}},"14":{"start":{"line":23,"column":34},"end":{"line":23,"column":70}},"15":{"start":{"line":24,"column":39},"end":{"line":24,"column":70}},"16":{"start":{"line":25,"column":32},"end":{"line":25,"column":54}},"17":{"start":{"line":26,"column":28},"end":{"line":32,"column":14}},"18":{"start":{"line":34,"column":12},"end":{"line":34,"column":32}},"19":{"start":{"line":35,"column":12},"end":{"line":35,"column":92}},"20":{"start":{"line":37,"column":12},"end":{"line":41,"column":14}},"21":{"start":{"line":43,"column":12},"end":{"line":47,"column":14}},"22":{"start":{"line":49,"column":12},"end":{"line":49,"column":65}},"23":{"start":{"line":50,"column":12},"end":{"line":50,"column":79}},"24":{"start":{"line":52,"column":12},"end":{"line":52,"column":57}},"25":{"start":{"line":53,"column":12},"end":{"line":53,"column":69}},"26":{"start":{"line":58,"column":8},"end":{"line":91,"column":9}},"27":{"start":{"line":59,"column":38},"end":{"line":59,"column":46}},"28":{"start":{"line":61,"column":25},"end":{"line":61,"column":62}},"29":{"start":{"line":63,"column":12},"end":{"line":65,"column":13}},"30":{"start":{"line":64,"column":16},"end":{"line":64,"column":79}},"31":{"start":{"line":67,"column":26},"end":{"line":67,"column":67}},"32":{"start":{"line":69,"column":12},"end":{"line":71,"column":13}},"33":{"start":{"line":70,"column":16},"end":{"line":70,"column":79}},"34":{"start":{"line":73,"column":12},"end":{"line":75,"column":13}},"35":{"start":{"line":74,"column":16},"end":{"line":74,"column":95}},"36":{"start":{"line":77,"column":30},"end":{"line":77,"column":75}},"37":{"start":{"line":79,"column":27},"end":{"line":79,"column":40}},"38":{"start":{"line":80,"column":26},"end":{"line":80,"column":60}},"39":{"start":{"line":82,"column":12},"end":{"line":86,"column":13}},"40":{"start":{"line":83,"column":16},"end":{"line":83,"column":42}},"41":{"start":{"line":84,"column":16},"end":{"line":84,"column":34}},"42":{"start":{"line":85,"column":16},"end":{"line":85,"column":72}},"43":{"start":{"line":87,"column":12},"end":{"line":87,"column":67}},"44":{"start":{"line":89,"column":12},"end":{"line":89,"column":54}},"45":{"start":{"line":90,"column":12},"end":{"line":90,"column":69}},"46":{"start":{"line":95,"column":8},"end":{"line":109,"column":9}},"47":{"start":{"line":96,"column":30},"end":{"line":96,"column":40}},"48":{"start":{"line":98,"column":30},"end":{"line":98,"column":69}},"49":{"start":{"line":100,"column":12},"end":{"line":102,"column":13}},"50":{"start":{"line":101,"column":16},"end":{"line":101,"column":81}},"51":{"start":{"line":104,"column":12},"end":{"line":104,"column":55}},"52":{"start":{"line":107,"column":12},"end":{"line":107,"column":58}},"53":{"start":{"line":108,"column":12},"end":{"line":108,"column":76}},"54":{"start":{"line":113,"column":8},"end":{"line":170,"column":9}},"55":{"start":{"line":114,"column":30},"end":{"line":114,"column":40}},"56":{"start":{"line":116,"column":32},"end":{"line":116,"column":77}},"57":{"start":{"line":118,"column":30},"end":{"line":118,"column":69}},"58":{"start":{"line":120,"column":12},"end":{"line":122,"column":13}},"59":{"start":{"line":121,"column":16},"end":{"line":121,"column":81}},"60":{"start":{"line":124,"column":29},"end":{"line":124,"column":46}},"61":{"start":{"line":126,"column":31},"end":{"line":126,"column":73}},"62":{"start":{"line":128,"column":12},"end":{"line":130,"column":13}},"63":{"start":{"line":129,"column":16},"end":{"line":129,"column":83}},"64":{"start":{"line":132,"column":28},"end":{"line":132,"column":44}},"65":{"start":{"line":134,"column":30},"end":{"line":134,"column":66}},"66":{"start":{"line":136,"column":12},"end":{"line":138,"column":13}},"67":{"start":{"line":137,"column":16},"end":{"line":137,"column":95}},"68":{"start":{"line":140,"column":30},"end":{"line":140,"column":45}},"69":{"start":{"line":141,"column":26},"end":{"line":141,"column":68}},"70":{"start":{"line":143,"column":12},"end":{"line":164,"column":13}},"71":{"start":{"line":145,"column":38},"end":{"line":145,"column":56}},"72":{"start":{"line":146,"column":35},"end":{"line":146,"column":65}},"73":{"start":{"line":148,"column":16},"end":{"line":150,"column":17}},"74":{"start":{"line":149,"column":20},"end":{"line":149,"column":56}},"75":{"start":{"line":152,"column":39},"end":{"line":152,"column":57}},"76":{"start":{"line":153,"column":36},"end":{"line":153,"column":67}},"77":{"start":{"line":155,"column":16},"end":{"line":157,"column":17}},"78":{"start":{"line":156,"column":20},"end":{"line":156,"column":58}},"79":{"start":{"line":159,"column":16},"end":{"line":159,"column":88}},"80":{"start":{"line":160,"column":16},"end":{"line":160,"column":95}},"81":{"start":{"line":161,"column":16},"end":{"line":161,"column":58}},"82":{"start":{"line":163,"column":16},"end":{"line":163,"column":86}},"83":{"start":{"line":165,"column":12},"end":{"line":165,"column":67}},"84":{"start":{"line":168,"column":12},"end":{"line":168,"column":57}},"85":{"start":{"line":169,"column":12},"end":{"line":169,"column":76}},"86":{"start":{"line":174,"column":27},"end":{"line":174,"column":41}},"87":{"start":{"line":176,"column":28},"end":{"line":176,"column":67}},"88":{"start":{"line":178,"column":8},"end":{"line":180,"column":9}},"89":{"start":{"line":179,"column":12},"end":{"line":179,"column":70}},"90":{"start":{"line":182,"column":32},"end":{"line":182,"column":34}},"91":{"start":{"line":184,"column":8},"end":{"line":186,"column":9}},"92":{"start":{"line":185,"column":12},"end":{"line":185,"column":93}},"93":{"start":{"line":188,"column":8},"end":{"line":198,"column":9}},"94":{"start":{"line":189,"column":33},"end":{"line":189,"column":75}},"95":{"start":{"line":191,"column":12},"end":{"line":197,"column":13}},"96":{"start":{"line":192,"column":16},"end":{"line":192,"column":63}},"97":{"start":{"line":195,"column":37},"end":{"line":195,"column":68}},"98":{"start":{"line":196,"column":16},"end":{"line":196,"column":54}},"99":{"start":{"line":200,"column":8},"end":{"line":200,"column":63}},"100":{"start":{"line":205,"column":0},"end":{"line":205,"column":32}}},"fnMap":{"0":{"name":"(anonymous_0)","decl":{"start":{"line":9,"column":4},"end":{"line":9,"column":5}},"loc":{"start":{"line":9,"column":31},"end":{"line":55,"column":5}},"line":9},"1":{"name":"(anonymous_1)","decl":{"start":{"line":57,"column":4},"end":{"line":57,"column":5}},"loc":{"start":{"line":57,"column":28},"end":{"line":92,"column":5}},"line":57},"2":{"name":"(anonymous_2)","decl":{"start":{"line":94,"column":4},"end":{"line":94,"column":5}},"loc":{"start":{"line":94,"column":32},"end":{"line":110,"column":5}},"line":94},"3":{"name":"(anonymous_3)","decl":{"start":{"line":112,"column":4},"end":{"line":112,"column":5}},"loc":{"start":{"line":112,"column":31},"end":{"line":171,"column":5}},"line":112},"4":{"name":"(anonymous_4)","decl":{"start":{"line":173,"column":4},"end":{"line":173,"column":5}},"loc":{"start":{"line":173,"column":35},"end":{"line":202,"column":5}},"line":173}},"branchMap":{"0":{"loc":{"start":{"line":19,"column":12},"end":{"line":21,"column":13}},"type":"if","locations":[{"start":{"line":19,"column":12},"end":{"line":21,"column":13}},{"start":{},"end":{}}],"line":19},"1":{"loc":{"start":{"line":63,"column":12},"end":{"line":65,"column":13}},"type":"if","locations":[{"start":{"line":63,"column":12},"end":{"line":65,"column":13}},{"start":{},"end":{}}],"line":63},"2":{"loc":{"start":{"line":69,"column":12},"end":{"line":71,"column":13}},"type":"if","locations":[{"start":{"line":69,"column":12},"end":{"line":71,"column":13}},{"start":{},"end":{}}],"line":69},"3":{"loc":{"start":{"line":73,"column":12},"end":{"line":75,"column":13}},"type":"if","locations":[{"start":{"line":73,"column":12},"end":{"line":75,"column":13}},{"start":{},"end":{}}],"line":73},"4":{"loc":{"start":{"line":82,"column":12},"end":{"line":86,"column":13}},"type":"if","locations":[{"start":{"line":82,"column":12},"end":{"line":86,"column":13}},{"start":{},"end":{}}],"line":82},"5":{"loc":{"start":{"line":82,"column":16},"end":{"line":82,"column":56}},"type":"binary-expr","locations":[{"start":{"line":82,"column":16},"end":{"line":82,"column":27}},{"start":{"line":82,"column":31},"end":{"line":82,"column":56}}],"line":82},"6":{"loc":{"start":{"line":100,"column":12},"end":{"line":102,"column":13}},"type":"if","locations":[{"start":{"line":100,"column":12},"end":{"line":102,"column":13}},{"start":{},"end":{}}],"line":100},"7":{"loc":{"start":{"line":120,"column":12},"end":{"line":122,"column":13}},"type":"if","locations":[{"start":{"line":120,"column":12},"end":{"line":122,"column":13}},{"start":{},"end":{}}],"line":120},"8":{"loc":{"start":{"line":128,"column":12},"end":{"line":130,"column":13}},"type":"if","locations":[{"start":{"line":128,"column":12},"end":{"line":130,"column":13}},{"start":{},"end":{}}],"line":128},"9":{"loc":{"start":{"line":136,"column":12},"end":{"line":138,"column":13}},"type":"if","locations":[{"start":{"line":136,"column":12},"end":{"line":138,"column":13}},{"start":{},"end":{}}],"line":136},"10":{"loc":{"start":{"line":143,"column":12},"end":{"line":164,"column":13}},"type":"if","locations":[{"start":{"line":143,"column":12},"end":{"line":164,"column":13}},{"start":{},"end":{}}],"line":143},"11":{"loc":{"start":{"line":143,"column":16},"end":{"line":143,"column":88}},"type":"binary-expr","locations":[{"start":{"line":143,"column":16},"end":{"line":143,"column":49}},{"start":{"line":143,"column":53},"end":{"line":143,"column":64}},{"start":{"line":143,"column":68},"end":{"line":143,"column":88}}],"line":143},"12":{"loc":{"start":{"line":148,"column":16},"end":{"line":150,"column":17}},"type":"if","locations":[{"start":{"line":148,"column":16},"end":{"line":150,"column":17}},{"start":{},"end":{}}],"line":148},"13":{"loc":{"start":{"line":155,"column":16},"end":{"line":157,"column":17}},"type":"if","locations":[{"start":{"line":155,"column":16},"end":{"line":157,"column":17}},{"start":{},"end":{}}],"line":155},"14":{"loc":{"start":{"line":178,"column":8},"end":{"line":180,"column":9}},"type":"if","locations":[{"start":{"line":178,"column":8},"end":{"line":180,"column":9}},{"start":{},"end":{}}],"line":178},"15":{"loc":{"start":{"line":184,"column":8},"end":{"line":186,"column":9}},"type":"if","locations":[{"start":{"line":184,"column":8},"end":{"line":186,"column":9}},{"start":{},"end":{}}],"line":184},"16":{"loc":{"start":{"line":191,"column":12},"end":{"line":197,"column":13}},"type":"if","locations":[{"start":{"line":191,"column":12},"end":{"line":197,"column":13}},{"start":{"line":194,"column":17},"end":{"line":197,"column":13}}],"line":191}},"s":{"0":3,"1":3,"2":3,"3":3,"4":3,"5":3,"6":3,"7":2,"8":2,"9":2,"10":2,"11":2,"12":2,"13":1,"14":1,"15":1,"16":1,"17":1,"18":1,"19":1,"20":1,"21":1,"22":1,"23":1,"24":0,"25":0,"26":3,"27":3,"28":3,"29":3,"30":0,"31":3,"32":3,"33":0,"34":3,"35":1,"36":2,"37":2,"38":2,"39":2,"40":1,"41":1,"42":1,"43":1,"44":0,"45":0,"46":2,"47":2,"48":2,"49":2,"50":1,"51":1,"52":0,"53":0,"54":2,"55":2,"56":2,"57":2,"58":2,"59":0,"60":2,"61":2,"62":2,"63":0,"64":2,"65":2,"66":2,"67":0,"68":2,"69":2,"70":2,"71":1,"72":1,"73":1,"74":1,"75":1,"76":1,"77":1,"78":1,"79":1,"80":1,"81":1,"82":1,"83":1,"84":0,"85":0,"86":1,"87":1,"88":1,"89":0,"90":1,"91":1,"92":0,"93":1,"94":2,"95":2,"96":2,"97":0,"98":0,"99":1,"100":3},"f":{"0":2,"1":3,"2":2,"3":2,"4":1},"b":{"0":[1,1],"1":[0,3],"2":[0,3],"3":[1,2],"4":[1,1],"5":[2,2],"6":[1,1],"7":[0,2],"8":[0,2],"9":[0,2],"10":[1,1],"11":[2,1,1],"12":[1,0],"13":[1,0],"14":[0,1],"15":[0,1],"16":[2,0]},"_coverageSchema":"1a1c01bbd47fc00a2c39e90264f33305004495a9","hash":"f5932e7bb7b9c40f41c871568142db56e82983d0"}
,"/home/VoidWalker/Code/cs307/Bee-roll/backend/controllers/predictController.js": {"path":"/home/VoidWalker/Code/cs307/Bee-roll/backend/controllers/predictController.js","statementMap":{"0":{"start":{"line":1,"column":15},"end":{"line":1,"column":44}},"1":{"start":{"line":2,"column":13},"end":{"line":2,"column":40}},"2":{"start":{"line":3,"column":14},"end":{"line":3,"column":39}},"3":{"start":{"line":4,"column":16},"end":{"line":4,"column":34}},"4":{"start":{"line":6,"column":12},"end":{"line":6,"column":35}},"5":{"start":{"line":8,"column":26},"end":{"line":161,"column":1}},"6":{"start":{"line":11,"column":8},"end":{"line":40,"column":9}},"7":{"start":{"line":12,"column":31},"end":{"line":12,"column":41}},"8":{"start":{"line":13,"column":31},"end":{"line":13,"column":65}},"9":{"start":{"line":15,"column":12},"end":{"line":17,"column":13}},"10":{"start":{"line":16,"column":16},"end":{"line":16,"column":80}},"11":{"start":{"line":19,"column":24},"end":{"line":19,"column":66}},"12":{"start":{"line":21,"column":28},"end":{"line":26,"column":13}},"13":{"start":{"line":28,"column":41},"end":{"line":28,"column":66}},"14":{"start":{"line":30,"column":12},"end":{"line":33,"column":13}},"15":{"start":{"line":31,"column":29},"end":{"line":31,"column":62}},"16":{"start":{"line":32,"column":16},"end":{"line":32,"column":50}},"17":{"start":{"line":35,"column":12},"end":{"line":35,"column":64}},"18":{"start":{"line":36,"column":12},"end":{"line":36,"column":76}},"19":{"start":{"line":38,"column":12},"end":{"line":38,"column":59}},"20":{"start":{"line":39,"column":12},"end":{"line":39,"column":76}},"21":{"start":{"line":44,"column":8},"end":{"line":88,"column":9}},"22":{"start":{"line":45,"column":31},"end":{"line":45,"column":70}},"23":{"start":{"line":47,"column":12},"end":{"line":49,"column":13}},"24":{"start":{"line":48,"column":16},"end":{"line":48,"column":79}},"25":{"start":{"line":51,"column":28},"end":{"line":51,"column":41}},"26":{"start":{"line":53,"column":12},"end":{"line":53,"column":38}},"27":{"start":{"line":55,"column":33},"end":{"line":55,"column":71}},"28":{"start":{"line":56,"column":40},"end":{"line":56,"column":72}},"29":{"start":{"line":58,"column":12},"end":{"line":60,"column":13}},"30":{"start":{"line":59,"column":16},"end":{"line":59,"column":99}},"31":{"start":{"line":62,"column":24},"end":{"line":62,"column":44}},"32":{"start":{"line":63,"column":28},"end":{"line":69,"column":13}},"33":{"start":{"line":71,"column":41},"end":{"line":71,"column":66}},"34":{"start":{"line":73,"column":12},"end":{"line":79,"column":13}},"35":{"start":{"line":74,"column":16},"end":{"line":74,"column":57}},"36":{"start":{"line":75,"column":16},"end":{"line":77,"column":17}},"37":{"start":{"line":76,"column":20},"end":{"line":76,"column":111}},"38":{"start":{"line":78,"column":16},"end":{"line":78,"column":50}},"39":{"start":{"line":81,"column":12},"end":{"line":81,"column":64}},"40":{"start":{"line":82,"column":12},"end":{"line":82,"column":76}},"41":{"start":{"line":86,"column":12},"end":{"line":86,"column":58}},"42":{"start":{"line":87,"column":12},"end":{"line":87,"column":76}},"43":{"start":{"line":92,"column":8},"end":{"line":125,"column":9}},"44":{"start":{"line":93,"column":30},"end":{"line":93,"column":69}},"45":{"start":{"line":95,"column":12},"end":{"line":97,"column":13}},"46":{"start":{"line":96,"column":16},"end":{"line":96,"column":79}},"47":{"start":{"line":99,"column":28},"end":{"line":99,"column":41}},"48":{"start":{"line":101,"column":12},"end":{"line":101,"column":38}},"49":{"start":{"line":103,"column":24},"end":{"line":103,"column":63}},"50":{"start":{"line":105,"column":28},"end":{"line":110,"column":13}},"51":{"start":{"line":112,"column":34},"end":{"line":112,"column":59}},"52":{"start":{"line":114,"column":12},"end":{"line":117,"column":13}},"53":{"start":{"line":115,"column":16},"end":{"line":115,"column":49}},"54":{"start":{"line":116,"column":16},"end":{"line":116,"column":50}},"55":{"start":{"line":119,"column":12},"end":{"line":119,"column":64}},"56":{"start":{"line":120,"column":12},"end":{"line":120,"column":76}},"57":{"start":{"line":123,"column":12},"end":{"line":123,"column":58}},"58":{"start":{"line":124,"column":12},"end":{"line":124,"column":69}},"59":{"start":{"line":129,"column":8},"end":{"line":159,"column":9}},"60":{"start":{"line":130,"column":29},"end":{"line":130,"column":63}},"61":{"start":{"line":132,"column":12},"end":{"line":134,"column":13}},"62":{"start":{"line":133,"column":16},"end":{"line":133,"column":24}},"63":{"start":{"line":136,"column":33},"end":{"line":136,"column":71}},"64":{"start":{"line":137,"column":40},"end":{"line":137,"column":72}},"65":{"start":{"line":139,"column":12},"end":{"line":141,"column":13}},"66":{"start":{"line":140,"column":16},"end":{"line":140,"column":99}},"67":{"start":{"line":143,"column":24},"end":{"line":143,"column":43}},"68":{"start":{"line":144,"column":28},"end":{"line":150,"column":13}},"69":{"start":{"line":152,"column":12},"end":{"line":152,"column":38}},"70":{"start":{"line":154,"column":12},"end":{"line":154,"column":20}},"71":{"start":{"line":157,"column":12},"end":{"line":157,"column":57}},"72":{"start":{"line":158,"column":12},"end":{"line":158,"column":20}},"73":{"start":{"line":163,"column":0},"end":{"line":163,"column":35}}},"fnMap":{"0":{"name":"(anonymous_0)","decl":{"start":{"line":10,"column":4},"end":{"line":10,"column":5}},"loc":{"start":{"line":10,"column":33},"end":{"line":41,"column":5}},"line":10},"1":{"name":"(anonymous_1)","decl":{"start":{"line":43,"column":4},"end":{"line":43,"column":5}},"loc":{"start":{"line":43,"column":32},"end":{"line":89,"column":5}},"line":43},"2":{"name":"(anonymous_2)","decl":{"start":{"line":91,"column":4},"end":{"line":91,"column":5}},"loc":{"start":{"line":91,"column":32},"end":{"line":126,"column":5}},"line":91},"3":{"name":"(anonymous_3)","decl":{"start":{"line":128,"column":4},"end":{"line":128,"column":5}},"loc":{"start":{"line":128,"column":30},"end":{"line":160,"column":5}},"line":128}},"branchMap":{"0":{"loc":{"start":{"line":15,"column":12},"end":{"line":17,"column":13}},"type":"if","locations":[{"start":{"line":15,"column":12},"end":{"line":17,"column":13}},{"start":{},"end":{}}],"line":15},"1":{"loc":{"start":{"line":30,"column":12},"end":{"line":33,"column":13}},"type":"if","locations":[{"start":{"line":30,"column":12},"end":{"line":33,"column":13}},{"start":{},"end":{}}],"line":30},"2":{"loc":{"start":{"line":47,"column":12},"end":{"line":49,"column":13}},"type":"if","locations":[{"start":{"line":47,"column":12},"end":{"line":49,"column":13}},{"start":{},"end":{}}],"line":47},"3":{"loc":{"start":{"line":73,"column":12},"end":{"line":79,"column":13}},"type":"if","locations":[{"start":{"line":73,"column":12},"end":{"line":79,"column":13}},{"start":{},"end":{}}],"line":73},"4":{"loc":{"start":{"line":75,"column":16},"end":{"line":77,"column":17}},"type":"if","locations":[{"start":{"line":75,"column":16},"end":{"line":77,"column":17}},{"start":{},"end":{}}],"line":75},"5":{"loc":{"start":{"line":95,"column":12},"end":{"line":97,"column":13}},"type":"if","locations":[{"start":{"line":95,"column":12},"end":{"line":97,"column":13}},{"start":{},"end":{}}],"line":95},"6":{"loc":{"start":{"line":114,"column":12},"end":{"line":117,"column":13}},"type":"if","locations":[{"start":{"line":114,"column":12},"end":{"line":117,"column":13}},{"start":{},"end":{}}],"line":114},"7":{"loc":{"start":{"line":132,"column":12},"end":{"line":134,"column":13}},"type":"if","locations":[{"start":{"line":132,"column":12},"end":{"line":134,"column":13}},{"start":{},"end":{}}],"line":132}},"s":{"0":3,"1":3,"2":3,"3":3,"4":3,"5":3,"6":0,"7":0,"8":0,"9":0,"10":0,"11":0,"12":0,"13":0,"14":0,"15":0,"16":0,"17":0,"18":0,"19":0,"20":0,"21":0,"22":0,"23":0,"24":0,"25":0,"26":0,"27":0,"28":0,"29":0,"30":0,"31":0,"32":0,"33":0,"34":0,"35":0,"36":0,"37":0,"38":0,"39":0,"40":0,"41":0,"42":0,"43":0,"44":0,"45":0,"46":0,"47":0,"48":0,"49":0,"50":0,"51":0,"52":0,"53":0,"54":0,"55":0,"56":0,"57":0,"58":0,"59":0,"60":0,"61":0,"62":0,"63":0,"64":0,"65":0,"66":0,"67":0,"68":0,"69":0,"70":0,"71":0,"72":0,"73":3},"f":{"0":0,"1":0,"2":0,"3":0},"b":{"0":[0,0],"1":[0,0],"2":[0,0],"3":[0,0],"4":[0,0],"5":[0,0],"6":[0,0],"7":[0,0]},"_coverageSchema":"1a1c01bbd47fc00a2c39e90264f33305004495a9","hash":"020c998ce7892e9e81340fbd3d3ac9e0573e5cbb"}
,"/home/VoidWalker/Code/cs307/Bee-roll/backend/controllers/reviewController.js": {"path":"/home/VoidWalker/Code/cs307/Bee-roll/backend/controllers/reviewController.js","statementMap":{"0":{"start":{"line":1,"column":17},"end":{"line":1,"column":36}},"1":{"start":{"line":2,"column":16},"end":{"line":2,"column":34}},"2":{"start":{"line":3,"column":16},"end":{"line":3,"column":46}},"3":{"start":{"line":4,"column":14},"end":{"line":4,"column":42}},"4":{"start":{"line":5,"column":13},"end":{"line":5,"column":40}},"5":{"start":{"line":6,"column":15},"end":{"line":6,"column":44}},"6":{"start":{"line":7,"column":26},"end":{"line":7,"column":56}},"7":{"start":{"line":10,"column":25},"end":{"line":158,"column":1}},"8":{"start":{"line":12,"column":8},"end":{"line":65,"column":9}},"9":{"start":{"line":13,"column":39},"end":{"line":13,"column":47}},"10":{"start":{"line":15,"column":30},"end":{"line":15,"column":76}},"11":{"start":{"line":17,"column":12},"end":{"line":19,"column":13}},"12":{"start":{"line":18,"column":16},"end":{"line":18,"column":78}},"13":{"start":{"line":21,"column":28},"end":{"line":21,"column":41}},"14":{"start":{"line":23,"column":31},"end":{"line":23,"column":73}},"15":{"start":{"line":25,"column":12},"end":{"line":27,"column":13}},"16":{"start":{"line":26,"column":16},"end":{"line":26,"column":79}},"17":{"start":{"line":29,"column":12},"end":{"line":31,"column":13}},"18":{"start":{"line":30,"column":16},"end":{"line":30,"column":91}},"19":{"start":{"line":33,"column":32},"end":{"line":33,"column":85}},"20":{"start":{"line":34,"column":12},"end":{"line":36,"column":13}},"21":{"start":{"line":35,"column":16},"end":{"line":35,"column":80}},"22":{"start":{"line":38,"column":33},"end":{"line":38,"column":73}},"23":{"start":{"line":39,"column":34},"end":{"line":39,"column":64}},"24":{"start":{"line":41,"column":30},"end":{"line":46,"column":14}},"25":{"start":{"line":48,"column":33},"end":{"line":48,"column":52}},"26":{"start":{"line":50,"column":12},"end":{"line":50,"column":49}},"27":{"start":{"line":52,"column":12},"end":{"line":52,"column":34}},"28":{"start":{"line":53,"column":12},"end":{"line":53,"column":83}},"29":{"start":{"line":54,"column":12},"end":{"line":54,"column":99}},"30":{"start":{"line":56,"column":12},"end":{"line":56,"column":55}},"31":{"start":{"line":58,"column":12},"end":{"line":58,"column":56}},"32":{"start":{"line":60,"column":12},"end":{"line":60,"column":84}},"33":{"start":{"line":63,"column":12},"end":{"line":63,"column":59}},"34":{"start":{"line":64,"column":12},"end":{"line":64,"column":76}},"35":{"start":{"line":69,"column":8},"end":{"line":85,"column":9}},"36":{"start":{"line":70,"column":30},"end":{"line":70,"column":75}},"37":{"start":{"line":72,"column":12},"end":{"line":74,"column":13}},"38":{"start":{"line":73,"column":16},"end":{"line":73,"column":78}},"39":{"start":{"line":76,"column":28},"end":{"line":76,"column":41}},"40":{"start":{"line":78,"column":32},"end":{"line":78,"column":70}},"41":{"start":{"line":80,"column":12},"end":{"line":80,"column":66}},"42":{"start":{"line":83,"column":12},"end":{"line":83,"column":57}},"43":{"start":{"line":84,"column":12},"end":{"line":84,"column":76}},"44":{"start":{"line":89,"column":8},"end":{"line":118,"column":9}},"45":{"start":{"line":90,"column":40},"end":{"line":90,"column":48}},"46":{"start":{"line":92,"column":30},"end":{"line":92,"column":75}},"47":{"start":{"line":94,"column":32},"end":{"line":94,"column":77}},"48":{"start":{"line":96,"column":12},"end":{"line":98,"column":13}},"49":{"start":{"line":97,"column":16},"end":{"line":97,"column":80}},"50":{"start":{"line":100,"column":12},"end":{"line":102,"column":13}},"51":{"start":{"line":101,"column":16},"end":{"line":101,"column":91}},"52":{"start":{"line":104,"column":28},"end":{"line":104,"column":46}},"53":{"start":{"line":106,"column":12},"end":{"line":112,"column":13}},"54":{"start":{"line":107,"column":16},"end":{"line":107,"column":87}},"55":{"start":{"line":109,"column":16},"end":{"line":109,"column":60}},"56":{"start":{"line":111,"column":16},"end":{"line":111,"column":70}},"57":{"start":{"line":113,"column":12},"end":{"line":113,"column":67}},"58":{"start":{"line":116,"column":12},"end":{"line":116,"column":59}},"59":{"start":{"line":117,"column":12},"end":{"line":117,"column":76}},"60":{"start":{"line":122,"column":8},"end":{"line":156,"column":9}},"61":{"start":{"line":123,"column":32},"end":{"line":123,"column":42}},"62":{"start":{"line":125,"column":32},"end":{"line":125,"column":77}},"63":{"start":{"line":127,"column":30},"end":{"line":127,"column":75}},"64":{"start":{"line":129,"column":12},"end":{"line":131,"column":13}},"65":{"start":{"line":130,"column":16},"end":{"line":130,"column":80}},"66":{"start":{"line":133,"column":28},"end":{"line":133,"column":46}},"67":{"start":{"line":135,"column":12},"end":{"line":137,"column":13}},"68":{"start":{"line":136,"column":16},"end":{"line":136,"column":78}},"69":{"start":{"line":139,"column":12},"end":{"line":151,"column":13}},"70":{"start":{"line":140,"column":36},"end":{"line":140,"column":55}},"71":{"start":{"line":141,"column":30},"end":{"line":141,"column":60}},"72":{"start":{"line":143,"column":16},"end":{"line":145,"column":17}},"73":{"start":{"line":144,"column":20},"end":{"line":144,"column":49}},"74":{"start":{"line":147,"column":16},"end":{"line":147,"column":64}},"75":{"start":{"line":148,"column":16},"end":{"line":148,"column":88}},"76":{"start":{"line":149,"column":16},"end":{"line":149,"column":60}},"77":{"start":{"line":150,"column":16},"end":{"line":150,"column":85}},"78":{"start":{"line":152,"column":12},"end":{"line":152,"column":67}},"79":{"start":{"line":154,"column":12},"end":{"line":154,"column":59}},"80":{"start":{"line":155,"column":12},"end":{"line":155,"column":76}},"81":{"start":{"line":160,"column":0},"end":{"line":160,"column":34}}},"fnMap":{"0":{"name":"(anonymous_0)","decl":{"start":{"line":11,"column":4},"end":{"line":11,"column":5}},"loc":{"start":{"line":11,"column":33},"end":{"line":66,"column":5}},"line":11},"1":{"name":"(anonymous_1)","decl":{"start":{"line":68,"column":4},"end":{"line":68,"column":5}},"loc":{"start":{"line":68,"column":31},"end":{"line":86,"column":5}},"line":68},"2":{"name":"(anonymous_2)","decl":{"start":{"line":88,"column":4},"end":{"line":88,"column":5}},"loc":{"start":{"line":88,"column":33},"end":{"line":119,"column":5}},"line":88},"3":{"name":"(anonymous_3)","decl":{"start":{"line":121,"column":4},"end":{"line":121,"column":5}},"loc":{"start":{"line":121,"column":33},"end":{"line":157,"column":5}},"line":121}},"branchMap":{"0":{"loc":{"start":{"line":17,"column":12},"end":{"line":19,"column":13}},"type":"if","locations":[{"start":{"line":17,"column":12},"end":{"line":19,"column":13}},{"start":{},"end":{}}],"line":17},"1":{"loc":{"start":{"line":25,"column":12},"end":{"line":27,"column":13}},"type":"if","locations":[{"start":{"line":25,"column":12},"end":{"line":27,"column":13}},{"start":{},"end":{}}],"line":25},"2":{"loc":{"start":{"line":29,"column":12},"end":{"line":31,"column":13}},"type":"if","locations":[{"start":{"line":29,"column":12},"end":{"line":31,"column":13}},{"start":{},"end":{}}],"line":29},"3":{"loc":{"start":{"line":29,"column":16},"end":{"line":29,"column":52}},"type":"binary-expr","locations":[{"start":{"line":29,"column":17},"end":{"line":29,"column":27}},{"start":{"line":29,"column":31},"end":{"line":29,"column":41}},{"start":{"line":29,"column":46},"end":{"line":29,"column":52}}],"line":29},"4":{"loc":{"start":{"line":34,"column":12},"end":{"line":36,"column":13}},"type":"if","locations":[{"start":{"line":34,"column":12},"end":{"line":36,"column":13}},{"start":{},"end":{}}],"line":34},"5":{"loc":{"start":{"line":72,"column":12},"end":{"line":74,"column":13}},"type":"if","locations":[{"start":{"line":72,"column":12},"end":{"line":74,"column":13}},{"start":{},"end":{}}],"line":72},"6":{"loc":{"start":{"line":96,"column":12},"end":{"line":98,"column":13}},"type":"if","locations":[{"start":{"line":96,"column":12},"end":{"line":98,"column":13}},{"start":{},"end":{}}],"line":96},"7":{"loc":{"start":{"line":100,"column":12},"end":{"line":102,"column":13}},"type":"if","locations":[{"start":{"line":100,"column":12},"end":{"line":102,"column":13}},{"start":{},"end":{}}],"line":100},"8":{"loc":{"start":{"line":100,"column":16},"end":{"line":100,"column":40}},"type":"binary-expr","locations":[{"start":{"line":100,"column":16},"end":{"line":100,"column":26}},{"start":{"line":100,"column":30},"end":{"line":100,"column":40}}],"line":100},"9":{"loc":{"start":{"line":106,"column":12},"end":{"line":112,"column":13}},"type":"if","locations":[{"start":{"line":106,"column":12},"end":{"line":112,"column":13}},{"start":{},"end":{}}],"line":106},"10":{"loc":{"start":{"line":129,"column":12},"end":{"line":131,"column":13}},"type":"if","locations":[{"start":{"line":129,"column":12},"end":{"line":131,"column":13}},{"start":{},"end":{}}],"line":129},"11":{"loc":{"start":{"line":135,"column":12},"end":{"line":137,"column":13}},"type":"if","locations":[{"start":{"line":135,"column":12},"end":{"line":137,"column":13}},{"start":{},"end":{}}],"line":135},"12":{"loc":{"start":{"line":139,"column":12},"end":{"line":151,"column":13}},"type":"if","locations":[{"start":{"line":139,"column":12},"end":{"line":151,"column":13}},{"start":{},"end":{}}],"line":139},"13":{"loc":{"start":{"line":143,"column":16},"end":{"line":145,"column":17}},"type":"if","locations":[{"start":{"line":143,"column":16},"end":{"line":145,"column":17}},{"start":{},"end":{}}],"line":143}},"s":{"0":3,"1":3,"2":3,"3":3,"4":3,"5":3,"6":3,"7":3,"8":0,"9":0,"10":0,"11":0,"12":0,"13":0,"14":0,"15":0,"16":0,"17":0,"18":0,"19":0,"20":0,"21":0,"22":0,"23":0,"24":0,"25":0,"26":0,"27":0,"28":0,"29":0,"30":0,"31":0,"32":0,"33":0,"34":0,"35":0,"36":0,"37":0,"38":0,"39":0,"40":0,"41":0,"42":0,"43":0,"44":0,"45":0,"46":0,"47":0,"48":0,"49":0,"50":0,"51":0,"52":0,"53":0,"54":0,"55":0,"56":0,"57":0,"58":0,"59":0,"60":0,"61":0,"62":0,"63":0,"64":0,"65":0,"66":0,"67":0,"68":0,"69":0,"70":0,"71":0,"72":0,"73":0,"74":0,"75":0,"76":0,"77":0,"78":0,"79":0,"80":0,"81":3},"f":{"0":0,"1":0,"2":0,"3":0},"b":{"0":[0,0],"1":[0,0],"2":[0,0],"3":[0,0,0],"4":[0,0],"5":[0,0],"6":[0,0],"7":[0,0],"8":[0,0],"9":[0,0],"10":[0,0],"11":[0,0],"12":[0,0],"13":[0,0]},"_coverageSchema":"1a1c01bbd47fc00a2c39e90264f33305004495a9","hash":"0e38ebf341bac483f7f76534a561ee0b4559e800"}
,"/home/VoidWalker/Code/cs307/Bee-roll/backend/controllers/userController.js": {"path":"/home/VoidWalker/Code/cs307/Bee-roll/backend/controllers/userController.js","statementMap":{"0":{"start":{"line":1,"column":17},"end":{"line":1,"column":36}},"1":{"start":{"line":2,"column":16},"end":{"line":2,"column":34}},"2":{"start":{"line":3,"column":16},"end":{"line":3,"column":46}},"3":{"start":{"line":4,"column":13},"end":{"line":4,"column":40}},"4":{"start":{"line":5,"column":19},"end":{"line":5,"column":44}},"5":{"start":{"line":6,"column":12},"end":{"line":6,"column":35}},"6":{"start":{"line":8,"column":23},"end":{"line":250,"column":1}},"7":{"start":{"line":10,"column":8},"end":{"line":43,"column":9}},"8":{"start":{"line":11,"column":48},"end":{"line":11,"column":56}},"9":{"start":{"line":14,"column":37},"end":{"line":14,"column":74}},"10":{"start":{"line":15,"column":34},"end":{"line":15,"column":68}},"11":{"start":{"line":17,"column":12},"end":{"line":20,"column":13}},"12":{"start":{"line":18,"column":16},"end":{"line":18,"column":36}},"13":{"start":{"line":19,"column":16},"end":{"line":19,"column":91}},"14":{"start":{"line":24,"column":33},"end":{"line":24,"column":69}},"15":{"start":{"line":25,"column":34},"end":{"line":25,"column":64}},"16":{"start":{"line":28,"column":28},"end":{"line":34,"column":15}},"17":{"start":{"line":36,"column":12},"end":{"line":36,"column":32}},"18":{"start":{"line":37,"column":12},"end":{"line":37,"column":97}},"19":{"start":{"line":38,"column":12},"end":{"line":38,"column":64}},"20":{"start":{"line":39,"column":12},"end":{"line":39,"column":79}},"21":{"start":{"line":41,"column":12},"end":{"line":41,"column":57}},"22":{"start":{"line":42,"column":12},"end":{"line":42,"column":69}},"23":{"start":{"line":47,"column":8},"end":{"line":66,"column":9}},"24":{"start":{"line":48,"column":41},"end":{"line":48,"column":49}},"25":{"start":{"line":50,"column":12},"end":{"line":50,"column":69}},"26":{"start":{"line":51,"column":38},"end":{"line":51,"column":75}},"27":{"start":{"line":53,"column":12},"end":{"line":56,"column":13}},"28":{"start":{"line":54,"column":16},"end":{"line":54,"column":60}},"29":{"start":{"line":55,"column":16},"end":{"line":55,"column":71}},"30":{"start":{"line":58,"column":12},"end":{"line":58,"column":50}},"31":{"start":{"line":60,"column":26},"end":{"line":60,"column":101}},"32":{"start":{"line":62,"column":12},"end":{"line":62,"column":74}},"33":{"start":{"line":64,"column":12},"end":{"line":64,"column":56}},"34":{"start":{"line":65,"column":12},"end":{"line":65,"column":69}},"35":{"start":{"line":70,"column":8},"end":{"line":96,"column":9}},"36":{"start":{"line":71,"column":63},"end":{"line":71,"column":71}},"37":{"start":{"line":72,"column":28},"end":{"line":72,"column":42}},"38":{"start":{"line":73,"column":25},"end":{"line":73,"column":61}},"39":{"start":{"line":75,"column":12},"end":{"line":77,"column":13}},"40":{"start":{"line":76,"column":16},"end":{"line":76,"column":73}},"41":{"start":{"line":79,"column":34},"end":{"line":79,"column":68}},"42":{"start":{"line":81,"column":12},"end":{"line":83,"column":13}},"43":{"start":{"line":82,"column":16},"end":{"line":82,"column":84}},"44":{"start":{"line":85,"column":12},"end":{"line":85,"column":34}},"45":{"start":{"line":86,"column":12},"end":{"line":86,"column":31}},"46":{"start":{"line":87,"column":12},"end":{"line":87,"column":37}},"47":{"start":{"line":88,"column":12},"end":{"line":88,"column":47}},"48":{"start":{"line":90,"column":12},"end":{"line":90,"column":30}},"49":{"start":{"line":92,"column":12},"end":{"line":92,"column":73}},"50":{"start":{"line":94,"column":12},"end":{"line":94,"column":54}},"51":{"start":{"line":95,"column":12},"end":{"line":95,"column":69}},"52":{"start":{"line":100,"column":8},"end":{"line":126,"column":9}},"53":{"start":{"line":101,"column":36},"end":{"line":101,"column":44}},"54":{"start":{"line":102,"column":34},"end":{"line":102,"column":48}},"55":{"start":{"line":104,"column":42},"end":{"line":104,"column":84}},"56":{"start":{"line":105,"column":42},"end":{"line":105,"column":84}},"57":{"start":{"line":107,"column":12},"end":{"line":109,"column":13}},"58":{"start":{"line":108,"column":16},"end":{"line":108,"column":80}},"59":{"start":{"line":111,"column":12},"end":{"line":111,"column":52}},"60":{"start":{"line":112,"column":12},"end":{"line":112,"column":52}},"61":{"start":{"line":114,"column":12},"end":{"line":117,"column":13}},"62":{"start":{"line":115,"column":16},"end":{"line":115,"column":67}},"63":{"start":{"line":116,"column":16},"end":{"line":116,"column":69}},"64":{"start":{"line":119,"column":12},"end":{"line":119,"column":47}},"65":{"start":{"line":120,"column":12},"end":{"line":120,"column":47}},"66":{"start":{"line":122,"column":12},"end":{"line":122,"column":73}},"67":{"start":{"line":124,"column":12},"end":{"line":124,"column":57}},"68":{"start":{"line":125,"column":12},"end":{"line":125,"column":69}},"69":{"start":{"line":130,"column":8},"end":{"line":154,"column":9}},"70":{"start":{"line":131,"column":36},"end":{"line":131,"column":44}},"71":{"start":{"line":132,"column":34},"end":{"line":132,"column":48}},"72":{"start":{"line":134,"column":42},"end":{"line":134,"column":84}},"73":{"start":{"line":135,"column":42},"end":{"line":135,"column":84}},"74":{"start":{"line":137,"column":12},"end":{"line":139,"column":13}},"75":{"start":{"line":138,"column":16},"end":{"line":138,"column":80}},"76":{"start":{"line":141,"column":12},"end":{"line":141,"column":52}},"77":{"start":{"line":142,"column":12},"end":{"line":142,"column":52}},"78":{"start":{"line":144,"column":12},"end":{"line":144,"column":63}},"79":{"start":{"line":145,"column":12},"end":{"line":145,"column":65}},"80":{"start":{"line":147,"column":12},"end":{"line":147,"column":47}},"81":{"start":{"line":148,"column":12},"end":{"line":148,"column":47}},"82":{"start":{"line":150,"column":12},"end":{"line":150,"column":73}},"83":{"start":{"line":152,"column":12},"end":{"line":152,"column":59}},"84":{"start":{"line":153,"column":12},"end":{"line":153,"column":69}},"85":{"start":{"line":158,"column":8},"end":{"line":174,"column":9}},"86":{"start":{"line":159,"column":32},"end":{"line":159,"column":42}},"87":{"start":{"line":162,"column":30},"end":{"line":162,"column":66}},"88":{"start":{"line":164,"column":12},"end":{"line":166,"column":13}},"89":{"start":{"line":165,"column":16},"end":{"line":165,"column":73}},"90":{"start":{"line":168,"column":12},"end":{"line":168,"column":43}},"91":{"start":{"line":170,"column":12},"end":{"line":170,"column":48}},"92":{"start":{"line":172,"column":12},"end":{"line":172,"column":54}},"93":{"start":{"line":173,"column":12},"end":{"line":173,"column":69}},"94":{"start":{"line":178,"column":8},"end":{"line":194,"column":9}},"95":{"start":{"line":179,"column":33},"end":{"line":179,"column":43}},"96":{"start":{"line":182,"column":30},"end":{"line":182,"column":69}},"97":{"start":{"line":184,"column":12},"end":{"line":186,"column":13}},"98":{"start":{"line":185,"column":16},"end":{"line":185,"column":73}},"99":{"start":{"line":188,"column":12},"end":{"line":188,"column":43}},"100":{"start":{"line":190,"column":12},"end":{"line":190,"column":48}},"101":{"start":{"line":192,"column":12},"end":{"line":192,"column":54}},"102":{"start":{"line":193,"column":12},"end":{"line":193,"column":69}},"103":{"start":{"line":198,"column":8},"end":{"line":206,"column":9}},"104":{"start":{"line":199,"column":24},"end":{"line":199,"column":40}},"105":{"start":{"line":201,"column":24},"end":{"line":201,"column":97}},"106":{"start":{"line":202,"column":10},"end":{"line":202,"column":30}},"107":{"start":{"line":204,"column":10},"end":{"line":204,"column":57}},"108":{"start":{"line":205,"column":10},"end":{"line":205,"column":67}},"109":{"start":{"line":210,"column":8},"end":{"line":227,"column":9}},"110":{"start":{"line":211,"column":31},"end":{"line":211,"column":45}},"111":{"start":{"line":213,"column":25},"end":{"line":213,"column":64}},"112":{"start":{"line":215,"column":12},"end":{"line":217,"column":13}},"113":{"start":{"line":216,"column":14},"end":{"line":216,"column":71}},"114":{"start":{"line":219,"column":12},"end":{"line":219,"column":55}},"115":{"start":{"line":220,"column":12},"end":{"line":220,"column":57}},"116":{"start":{"line":221,"column":12},"end":{"line":221,"column":30}},"117":{"start":{"line":223,"column":12},"end":{"line":223,"column":94}},"118":{"start":{"line":225,"column":12},"end":{"line":225,"column":70}},"119":{"start":{"line":226,"column":12},"end":{"line":226,"column":76}},"120":{"start":{"line":231,"column":27},"end":{"line":231,"column":47}},"121":{"start":{"line":233,"column":8},"end":{"line":248,"column":9}},"122":{"start":{"line":235,"column":23},"end":{"line":235,"column":62}},"123":{"start":{"line":237,"column":10},"end":{"line":239,"column":11}},"124":{"start":{"line":238,"column":12},"end":{"line":238,"column":88}},"125":{"start":{"line":242,"column":10},"end":{"line":242,"column":60}},"126":{"start":{"line":243,"column":10},"end":{"line":243,"column":45}},"127":{"start":{"line":244,"column":10},"end":{"line":244,"column":26}},"128":{"start":{"line":246,"column":10},"end":{"line":246,"column":29}},"129":{"start":{"line":247,"column":10},"end":{"line":247,"column":67}},"130":{"start":{"line":252,"column":0},"end":{"line":252,"column":32}}},"fnMap":{"0":{"name":"(anonymous_0)","decl":{"start":{"line":9,"column":4},"end":{"line":9,"column":5}},"loc":{"start":{"line":9,"column":31},"end":{"line":44,"column":5}},"line":9},"1":{"name":"(anonymous_1)","decl":{"start":{"line":46,"column":4},"end":{"line":46,"column":5}},"loc":{"start":{"line":46,"column":30},"end":{"line":67,"column":5}},"line":46},"2":{"name":"(anonymous_2)","decl":{"start":{"line":69,"column":4},"end":{"line":69,"column":5}},"loc":{"start":{"line":69,"column":28},"end":{"line":97,"column":5}},"line":69},"3":{"name":"(anonymous_3)","decl":{"start":{"line":99,"column":4},"end":{"line":99,"column":5}},"loc":{"start":{"line":99,"column":31},"end":{"line":127,"column":5}},"line":99},"4":{"name":"(anonymous_4)","decl":{"start":{"line":129,"column":4},"end":{"line":129,"column":5}},"loc":{"start":{"line":129,"column":33},"end":{"line":155,"column":5}},"line":129},"5":{"name":"(anonymous_5)","decl":{"start":{"line":157,"column":4},"end":{"line":157,"column":5}},"loc":{"start":{"line":157,"column":28},"end":{"line":175,"column":5}},"line":157},"6":{"name":"(anonymous_6)","decl":{"start":{"line":177,"column":4},"end":{"line":177,"column":5}},"loc":{"start":{"line":177,"column":38},"end":{"line":195,"column":5}},"line":177},"7":{"name":"(anonymous_7)","decl":{"start":{"line":197,"column":4},"end":{"line":197,"column":5}},"loc":{"start":{"line":197,"column":33},"end":{"line":207,"column":5}},"line":197},"8":{"name":"(anonymous_8)","decl":{"start":{"line":209,"column":4},"end":{"line":209,"column":5}},"loc":{"start":{"line":209,"column":41},"end":{"line":228,"column":5}},"line":209},"9":{"name":"(anonymous_9)","decl":{"start":{"line":230,"column":4},"end":{"line":230,"column":5}},"loc":{"start":{"line":230,"column":43},"end":{"line":249,"column":5}},"line":230}},"branchMap":{"0":{"loc":{"start":{"line":17,"column":12},"end":{"line":20,"column":13}},"type":"if","locations":[{"start":{"line":17,"column":12},"end":{"line":20,"column":13}},{"start":{},"end":{}}],"line":17},"1":{"loc":{"start":{"line":17,"column":16},"end":{"line":17,"column":49}},"type":"binary-expr","locations":[{"start":{"line":17,"column":16},"end":{"line":17,"column":32}},{"start":{"line":17,"column":36},"end":{"line":17,"column":49}}],"line":17},"2":{"loc":{"start":{"line":53,"column":12},"end":{"line":56,"column":13}},"type":"if","locations":[{"start":{"line":53,"column":12},"end":{"line":56,"column":13}},{"start":{},"end":{}}],"line":53},"3":{"loc":{"start":{"line":53,"column":16},"end":{"line":53,"column":55}},"type":"binary-expr","locations":[{"start":{"line":53,"column":16},"end":{"line":53,"column":33}},{"start":{"line":53,"column":37},"end":{"line":53,"column":55}}],"line":53},"4":{"loc":{"start":{"line":75,"column":12},"end":{"line":77,"column":13}},"type":"if","locations":[{"start":{"line":75,"column":12},"end":{"line":77,"column":13}},{"start":{},"end":{}}],"line":75},"5":{"loc":{"start":{"line":81,"column":12},"end":{"line":83,"column":13}},"type":"if","locations":[{"start":{"line":81,"column":12},"end":{"line":83,"column":13}},{"start":{},"end":{}}],"line":81},"6":{"loc":{"start":{"line":81,"column":16},"end":{"line":81,"column":64}},"type":"binary-expr","locations":[{"start":{"line":81,"column":16},"end":{"line":81,"column":29}},{"start":{"line":81,"column":33},"end":{"line":81,"column":64}}],"line":81},"7":{"loc":{"start":{"line":107,"column":12},"end":{"line":109,"column":13}},"type":"if","locations":[{"start":{"line":107,"column":12},"end":{"line":109,"column":13}},{"start":{},"end":{}}],"line":107},"8":{"loc":{"start":{"line":107,"column":16},"end":{"line":107,"column":64}},"type":"binary-expr","locations":[{"start":{"line":107,"column":16},"end":{"line":107,"column":38}},{"start":{"line":107,"column":42},"end":{"line":107,"column":64}}],"line":107},"9":{"loc":{"start":{"line":114,"column":12},"end":{"line":117,"column":13}},"type":"if","locations":[{"start":{"line":114,"column":12},"end":{"line":117,"column":13}},{"start":{},"end":{}}],"line":114},"10":{"loc":{"start":{"line":137,"column":12},"end":{"line":139,"column":13}},"type":"if","locations":[{"start":{"line":137,"column":12},"end":{"line":139,"column":13}},{"start":{},"end":{}}],"line":137},"11":{"loc":{"start":{"line":137,"column":16},"end":{"line":137,"column":64}},"type":"binary-expr","locations":[{"start":{"line":137,"column":16},"end":{"line":137,"column":38}},{"start":{"line":137,"column":42},"end":{"line":137,"column":64}}],"line":137},"12":{"loc":{"start":{"line":164,"column":12},"end":{"line":166,"column":13}},"type":"if","locations":[{"start":{"line":164,"column":12},"end":{"line":166,"column":13}},{"start":{},"end":{}}],"line":164},"13":{"loc":{"start":{"line":184,"column":12},"end":{"line":186,"column":13}},"type":"if","locations":[{"start":{"line":184,"column":12},"end":{"line":186,"column":13}},{"start":{},"end":{}}],"line":184},"14":{"loc":{"start":{"line":215,"column":12},"end":{"line":217,"column":13}},"type":"if","locations":[{"start":{"line":215,"column":12},"end":{"line":217,"column":13}},{"start":{},"end":{}}],"line":215},"15":{"loc":{"start":{"line":237,"column":10},"end":{"line":239,"column":11}},"type":"if","locations":[{"start":{"line":237,"column":10},"end":{"line":239,"column":11}},{"start":{},"end":{}}],"line":237},"16":{"loc":{"start":{"line":237,"column":14},"end":{"line":237,"column":43}},"type":"binary-expr","locations":[{"start":{"line":237,"column":14},"end":{"line":237,"column":19}},{"start":{"line":237,"column":23},"end":{"line":237,"column":43}}],"line":237}},"s":{"0":3,"1":3,"2":3,"3":3,"4":3,"5":3,"6":3,"7":4,"8":4,"9":4,"10":4,"11":4,"12":2,"13":2,"14":2,"15":2,"16":2,"17":2,"18":2,"19":2,"20":2,"21":0,"22":0,"23":12,"24":12,"25":12,"26":12,"27":12,"28":1,"29":1,"30":11,"31":11,"32":11,"33":0,"34":0,"35":2,"36":2,"37":2,"38":2,"39":2,"40":0,"41":2,"42":2,"43":1,"44":1,"45":1,"46":1,"47":1,"48":1,"49":1,"50":0,"51":0,"52":4,"53":4,"54":4,"55":4,"56":4,"57":4,"58":2,"59":2,"60":2,"61":2,"62":1,"63":1,"64":2,"65":2,"66":2,"67":0,"68":0,"69":1,"70":1,"71":1,"72":1,"73":1,"74":1,"75":0,"76":1,"77":1,"78":1,"79":1,"80":1,"81":1,"82":1,"83":0,"84":0,"85":2,"86":2,"87":2,"88":2,"89":1,"90":1,"91":1,"92":0,"93":0,"94":2,"95":2,"96":2,"97":2,"98":1,"99":1,"100":1,"101":0,"102":0,"103":0,"104":0,"105":0,"106":0,"107":0,"108":0,"109":1,"110":1,"111":1,"112":1,"113":0,"114":1,"115":1,"116":1,"117":1,"118":0,"119":0,"120":1,"121":1,"122":1,"123":1,"124":0,"125":1,"126":1,"127":1,"128":0,"129":0,"130":3},"f":{"0":4,"1":12,"2":2,"3":4,"4":1,"5":2,"6":2,"7":0,"8":1,"9":1},"b":{"0":[2,2],"1":[4,3],"2":[1,11],"3":[12,12],"4":[0,2],"5":[1,1],"6":[2,1],"7":[2,2],"8":[4,4],"9":[1,1],"10":[0,1],"11":[1,1],"12":[1,1],"13":[1,1],"14":[0,1],"15":[0,1],"16":[1,1]},"_coverageSchema":"1a1c01bbd47fc00a2c39e90264f33305004495a9","hash":"8aa6a483a2ab74bc2611d906da5f0fe49b741125"}
,"/home/VoidWalker/Code/cs307/Bee-roll/backend/controllers/watchListController.js": {"path":"/home/VoidWalker/Code/cs307/Bee-roll/backend/controllers/watchListController.js","statementMap":{"0":{"start":{"line":1,"column":17},"end":{"line":1,"column":36}},"1":{"start":{"line":2,"column":16},"end":{"line":2,"column":34}},"2":{"start":{"line":3,"column":16},"end":{"line":3,"column":46}},"3":{"start":{"line":4,"column":18},"end":{"line":4,"column":50}},"4":{"start":{"line":5,"column":14},"end":{"line":5,"column":42}},"5":{"start":{"line":6,"column":13},"end":{"line":6,"column":40}},"6":{"start":{"line":9,"column":28},"end":{"line":191,"column":1}},"7":{"start":{"line":11,"column":8},"end":{"line":60,"column":9}},"8":{"start":{"line":12,"column":59},"end":{"line":12,"column":67}},"9":{"start":{"line":14,"column":37},"end":{"line":14,"column":76}},"10":{"start":{"line":16,"column":12},"end":{"line":18,"column":13}},"11":{"start":{"line":17,"column":16},"end":{"line":17,"column":82}},"12":{"start":{"line":20,"column":12},"end":{"line":22,"column":13}},"13":{"start":{"line":21,"column":16},"end":{"line":21,"column":97}},"14":{"start":{"line":25,"column":28},"end":{"line":25,"column":48}},"15":{"start":{"line":27,"column":35},"end":{"line":27,"column":112}},"16":{"start":{"line":29,"column":12},"end":{"line":31,"column":13}},"17":{"start":{"line":30,"column":16},"end":{"line":30,"column":83}},"18":{"start":{"line":34,"column":33},"end":{"line":34,"column":76}},"19":{"start":{"line":35,"column":34},"end":{"line":35,"column":64}},"20":{"start":{"line":39,"column":33},"end":{"line":44,"column":14}},"21":{"start":{"line":46,"column":36},"end":{"line":46,"column":66}},"22":{"start":{"line":48,"column":12},"end":{"line":48,"column":52}},"23":{"start":{"line":50,"column":12},"end":{"line":50,"column":38}},"24":{"start":{"line":51,"column":12},"end":{"line":51,"column":90}},"25":{"start":{"line":52,"column":12},"end":{"line":52,"column":104}},"26":{"start":{"line":54,"column":12},"end":{"line":54,"column":76}},"27":{"start":{"line":56,"column":12},"end":{"line":56,"column":87}},"28":{"start":{"line":58,"column":12},"end":{"line":58,"column":62}},"29":{"start":{"line":59,"column":12},"end":{"line":59,"column":76}},"30":{"start":{"line":64,"column":8},"end":{"line":78,"column":9}},"31":{"start":{"line":65,"column":35},"end":{"line":65,"column":45}},"32":{"start":{"line":67,"column":31},"end":{"line":67,"column":85}},"33":{"start":{"line":69,"column":12},"end":{"line":71,"column":13}},"34":{"start":{"line":70,"column":16},"end":{"line":70,"column":86}},"35":{"start":{"line":73,"column":12},"end":{"line":73,"column":54}},"36":{"start":{"line":76,"column":12},"end":{"line":76,"column":59}},"37":{"start":{"line":77,"column":12},"end":{"line":77,"column":76}},"38":{"start":{"line":82,"column":8},"end":{"line":119,"column":9}},"39":{"start":{"line":83,"column":45},"end":{"line":83,"column":53}},"40":{"start":{"line":85,"column":31},"end":{"line":85,"column":85}},"41":{"start":{"line":87,"column":12},"end":{"line":89,"column":13}},"42":{"start":{"line":88,"column":16},"end":{"line":88,"column":86}},"43":{"start":{"line":92,"column":31},"end":{"line":92,"column":73}},"44":{"start":{"line":94,"column":12},"end":{"line":96,"column":13}},"45":{"start":{"line":95,"column":16},"end":{"line":95,"column":82}},"46":{"start":{"line":98,"column":12},"end":{"line":100,"column":13}},"47":{"start":{"line":99,"column":16},"end":{"line":99,"column":73}},"48":{"start":{"line":102,"column":30},"end":{"line":102,"column":49}},"49":{"start":{"line":104,"column":26},"end":{"line":104,"column":53}},"50":{"start":{"line":106,"column":12},"end":{"line":108,"column":13}},"51":{"start":{"line":107,"column":16},"end":{"line":107,"column":41}},"52":{"start":{"line":112,"column":12},"end":{"line":112,"column":99}},"53":{"start":{"line":114,"column":12},"end":{"line":114,"column":88}},"54":{"start":{"line":117,"column":12},"end":{"line":117,"column":55}},"55":{"start":{"line":118,"column":12},"end":{"line":118,"column":76}},"56":{"start":{"line":123,"column":8},"end":{"line":155,"column":9}},"57":{"start":{"line":124,"column":45},"end":{"line":124,"column":53}},"58":{"start":{"line":126,"column":41},"end":{"line":126,"column":95}},"59":{"start":{"line":128,"column":12},"end":{"line":130,"column":13}},"60":{"start":{"line":129,"column":16},"end":{"line":129,"column":86}},"61":{"start":{"line":132,"column":37},"end":{"line":132,"column":79}},"62":{"start":{"line":134,"column":12},"end":{"line":136,"column":13}},"63":{"start":{"line":135,"column":16},"end":{"line":135,"column":82}},"64":{"start":{"line":138,"column":30},"end":{"line":138,"column":59}},"65":{"start":{"line":140,"column":26},"end":{"line":140,"column":53}},"66":{"start":{"line":142,"column":12},"end":{"line":144,"column":13}},"67":{"start":{"line":143,"column":16},"end":{"line":143,"column":43}},"68":{"start":{"line":148,"column":12},"end":{"line":148,"column":99}},"69":{"start":{"line":150,"column":12},"end":{"line":150,"column":88}},"70":{"start":{"line":153,"column":12},"end":{"line":153,"column":58}},"71":{"start":{"line":154,"column":12},"end":{"line":154,"column":76}},"72":{"start":{"line":159,"column":8},"end":{"line":189,"column":9}},"73":{"start":{"line":160,"column":35},"end":{"line":160,"column":45}},"74":{"start":{"line":162,"column":35},"end":{"line":162,"column":89}},"75":{"start":{"line":164,"column":12},"end":{"line":166,"column":13}},"76":{"start":{"line":165,"column":16},"end":{"line":165,"column":86}},"77":{"start":{"line":167,"column":28},"end":{"line":167,"column":49}},"78":{"start":{"line":169,"column":30},"end":{"line":169,"column":66}},"79":{"start":{"line":171,"column":12},"end":{"line":173,"column":13}},"80":{"start":{"line":172,"column":16},"end":{"line":172,"column":85}},"81":{"start":{"line":175,"column":34},"end":{"line":175,"column":57}},"82":{"start":{"line":176,"column":26},"end":{"line":176,"column":61}},"83":{"start":{"line":178,"column":12},"end":{"line":180,"column":13}},"84":{"start":{"line":179,"column":16},"end":{"line":179,"column":47}},"85":{"start":{"line":182,"column":12},"end":{"line":182,"column":69}},"86":{"start":{"line":183,"column":12},"end":{"line":183,"column":90}},"87":{"start":{"line":185,"column":12},"end":{"line":185,"column":84}},"88":{"start":{"line":187,"column":12},"end":{"line":187,"column":62}},"89":{"start":{"line":188,"column":12},"end":{"line":188,"column":76}},"90":{"start":{"line":193,"column":0},"end":{"line":193,"column":37}}},"fnMap":{"0":{"name":"(anonymous_0)","decl":{"start":{"line":10,"column":4},"end":{"line":10,"column":5}},"loc":{"start":{"line":10,"column":36},"end":{"line":61,"column":5}},"line":10},"1":{"name":"(anonymous_1)","decl":{"start":{"line":63,"column":4},"end":{"line":63,"column":5}},"loc":{"start":{"line":63,"column":33},"end":{"line":79,"column":5}},"line":63},"2":{"name":"(anonymous_2)","decl":{"start":{"line":81,"column":4},"end":{"line":81,"column":5}},"loc":{"start":{"line":81,"column":29},"end":{"line":120,"column":5}},"line":81},"3":{"name":"(anonymous_3)","decl":{"start":{"line":122,"column":4},"end":{"line":122,"column":5}},"loc":{"start":{"line":122,"column":32},"end":{"line":156,"column":5}},"line":122},"4":{"name":"(anonymous_4)","decl":{"start":{"line":158,"column":4},"end":{"line":158,"column":5}},"loc":{"start":{"line":158,"column":36},"end":{"line":190,"column":5}},"line":158}},"branchMap":{"0":{"loc":{"start":{"line":16,"column":12},"end":{"line":18,"column":13}},"type":"if","locations":[{"start":{"line":16,"column":12},"end":{"line":18,"column":13}},{"start":{},"end":{}}],"line":16},"1":{"loc":{"start":{"line":20,"column":12},"end":{"line":22,"column":13}},"type":"if","locations":[{"start":{"line":20,"column":12},"end":{"line":22,"column":13}},{"start":{},"end":{}}],"line":20},"2":{"loc":{"start":{"line":29,"column":12},"end":{"line":31,"column":13}},"type":"if","locations":[{"start":{"line":29,"column":12},"end":{"line":31,"column":13}},{"start":{},"end":{}}],"line":29},"3":{"loc":{"start":{"line":69,"column":12},"end":{"line":71,"column":13}},"type":"if","locations":[{"start":{"line":69,"column":12},"end":{"line":71,"column":13}},{"start":{},"end":{}}],"line":69},"4":{"loc":{"start":{"line":87,"column":12},"end":{"line":89,"column":13}},"type":"if","locations":[{"start":{"line":87,"column":12},"end":{"line":89,"column":13}},{"start":{},"end":{}}],"line":87},"5":{"loc":{"start":{"line":94,"column":12},"end":{"line":96,"column":13}},"type":"if","locations":[{"start":{"line":94,"column":12},"end":{"line":96,"column":13}},{"start":{},"end":{}}],"line":94},"6":{"loc":{"start":{"line":98,"column":12},"end":{"line":100,"column":13}},"type":"if","locations":[{"start":{"line":98,"column":12},"end":{"line":100,"column":13}},{"start":{},"end":{}}],"line":98},"7":{"loc":{"start":{"line":98,"column":16},"end":{"line":98,"column":40}},"type":"binary-expr","locations":[{"start":{"line":98,"column":16},"end":{"line":98,"column":26}},{"start":{"line":98,"column":30},"end":{"line":98,"column":40}}],"line":98},"8":{"loc":{"start":{"line":106,"column":12},"end":{"line":108,"column":13}},"type":"if","locations":[{"start":{"line":106,"column":12},"end":{"line":108,"column":13}},{"start":{},"end":{}}],"line":106},"9":{"loc":{"start":{"line":128,"column":12},"end":{"line":130,"column":13}},"type":"if","locations":[{"start":{"line":128,"column":12},"end":{"line":130,"column":13}},{"start":{},"end":{}}],"line":128},"10":{"loc":{"start":{"line":134,"column":12},"end":{"line":136,"column":13}},"type":"if","locations":[{"start":{"line":134,"column":12},"end":{"line":136,"column":13}},{"start":{},"end":{}}],"line":134},"11":{"loc":{"start":{"line":142,"column":12},"end":{"line":144,"column":13}},"type":"if","locations":[{"start":{"line":142,"column":12},"end":{"line":144,"column":13}},{"start":{},"end":{}}],"line":142},"12":{"loc":{"start":{"line":164,"column":12},"end":{"line":166,"column":13}},"type":"if","locations":[{"start":{"line":164,"column":12},"end":{"line":166,"column":13}},{"start":{},"end":{}}],"line":164},"13":{"loc":{"start":{"line":171,"column":12},"end":{"line":173,"column":13}},"type":"if","locations":[{"start":{"line":171,"column":12},"end":{"line":173,"column":13}},{"start":{},"end":{}}],"line":171},"14":{"loc":{"start":{"line":178,"column":12},"end":{"line":180,"column":13}},"type":"if","locations":[{"start":{"line":178,"column":12},"end":{"line":180,"column":13}},{"start":{},"end":{}}],"line":178}},"s":{"0":3,"1":3,"2":3,"3":3,"4":3,"5":3,"6":3,"7":0,"8":0,"9":0,"10":0,"11":0,"12":0,"13":0,"14":0,"15":0,"16":0,"17":0,"18":0,"19":0,"20":0,"21":0,"22":0,"23":0,"24":0,"25":0,"26":0,"27":0,"28":0,"29":0,"30":0,"31":0,"32":0,"33":0,"34":0,"35":0,"36":0,"37":0,"38":0,"39":0,"40":0,"41":0,"42":0,"43":0,"44":0,"45":0,"46":0,"47":0,"48":0,"49":0,"50":0,"51":0,"52":0,"53":0,"54":0,"55":0,"56":0,"57":0,"58":0,"59":0,"60":0,"61":0,"62":0,"63":0,"64":0,"65":0,"66":0,"67":0,"68":0,"69":0,"70":0,"71":0,"72":0,"73":0,"74":0,"75":0,"76":0,"77":0,"78":0,"79":0,"80":0,"81":0,"82":0,"83":0,"84":0,"85":0,"86":0,"87":0,"88":0,"89":0,"90":3},"f":{"0":0,"1":0,"2":0,"3":0,"4":0},"b":{"0":[0,0],"1":[0,0],"2":[0,0],"3":[0,0],"4":[0,0],"5":[0,0],"6":[0,0],"7":[0,0],"8":[0,0],"9":[0,0],"10":[0,0],"11":[0,0],"12":[0,0],"13":[0,0],"14":[0,0]},"_coverageSchema":"1a1c01bbd47fc00a2c39e90264f33305004495a9","hash":"c295d14666e245e3a31433d33f4e9b834dd13ab8"}
,"/home/VoidWalker/Code/cs307/Bee-roll/backend/middleware/auth.js": {"path":"/home/VoidWalker/Code/cs307/Bee-roll/backend/middleware/auth.js","statementMap":{"0":{"start":{"line":1,"column":12},"end":{"line":1,"column":35}},"1":{"start":{"line":2,"column":19},"end":{"line":2,"column":44}},"2":{"start":{"line":4,"column":20},"end":{"line":24,"column":1}},"3":{"start":{"line":5,"column":2},"end":{"line":23,"column":3}},"4":{"start":{"line":6,"column":16},"end":{"line":6,"column":43}},"5":{"start":{"line":8,"column":4},"end":{"line":10,"column":5}},"6":{"start":{"line":9,"column":6},"end":{"line":9,"column":51}},"7":{"start":{"line":12,"column":4},"end":{"line":14,"column":5}},"8":{"start":{"line":13,"column":6},"end":{"line":13,"column":54}},"9":{"start":{"line":16,"column":21},"end":{"line":16,"column":50}},"10":{"start":{"line":18,"column":4},"end":{"line":18,"column":24}},"11":{"start":{"line":19,"column":4},"end":{"line":19,"column":11}},"12":{"start":{"line":21,"column":4},"end":{"line":21,"column":41}},"13":{"start":{"line":22,"column":4},"end":{"line":22,"column":49}},"14":{"start":{"line":26,"column":0},"end":{"line":26,"column":29}}},"fnMap":{"0":{"name":"(anonymous_0)","decl":{"start":{"line":4,"column":20},"end":{"line":4,"column":21}},"loc":{"start":{"line":4,"column":46},"end":{"line":24,"column":1}},"line":4}},"branchMap":{"0":{"loc":{"start":{"line":8,"column":4},"end":{"line":10,"column":5}},"type":"if","locations":[{"start":{"line":8,"column":4},"end":{"line":10,"column":5}},{"start":{},"end":{}}],"line":8},"1":{"loc":{"start":{"line":12,"column":4},"end":{"line":14,"column":5}},"type":"if","locations":[{"start":{"line":12,"column":4},"end":{"line":14,"column":5}},{"start":{},"end":{}}],"line":12}},"s":{"0":3,"1":3,"2":3,"3":35,"4":35,"5":35,"6":1,"7":34,"8":34,"9":34,"10":34,"11":34,"12":0,"13":0,"14":3},"f":{"0":35},"b":{"0":[1,34],"1":[34,0]},"_coverageSchema":"1a1c01bbd47fc00a2c39e90264f33305004495a9","hash":"91f26f8979dd6de90625a33251ac35f6fbddac43"}
}
