TN:
SF:controllers/counterController.js
FN:7,(anonymous_0)
FNF:1
FNH:0
FNDA:0,(anonymous_0)
DA:1,0
DA:2,0
DA:3,0
DA:5,0
DA:8,0
DA:9,0
DA:10,0
DA:11,0
DA:15,0
LF:9
LH:0
BRF:0
BRH:0
end_of_record
TN:
SF:controllers/forumController.js
FN:9,(anonymous_0)
FN:48,(anonymous_1)
FN:77,(anonymous_2)
FN:88,(anonymous_3)
FN:125,(anonymous_4)
FN:165,(anonymous_5)
FN:189,(anonymous_6)
FN:226,(anonymous_7)
FN:264,(anonymous_8)
FNF:9
FNH:8
FNDA:2,(anonymous_0)
FNDA:1,(anonymous_1)
FNDA:1,(anonymous_2)
FNDA:2,(anonymous_3)
FNDA:0,(anonymous_4)
FNDA:3,(anonymous_5)
FNDA:2,(anonymous_6)
FNDA:2,(anonymous_7)
FNDA:1,(anonymous_8)
DA:1,3
DA:2,3
DA:3,3
DA:4,3
DA:5,3
DA:6,3
DA:8,3
DA:10,2
DA:11,2
DA:12,2
DA:13,2
DA:14,2
DA:15,1
DA:18,1
DA:19,1
DA:20,1
DA:22,1
DA:23,1
DA:24,1
DA:31,1
DA:32,1
DA:34,1
DA:40,1
DA:41,1
DA:43,0
DA:44,0
DA:49,1
DA:50,1
DA:51,1
DA:52,1
DA:53,1
DA:54,1
DA:55,0
DA:58,1
DA:59,1
DA:60,0
DA:63,1
DA:64,1
DA:66,1
DA:67,1
DA:69,1
DA:70,1
DA:72,0
DA:73,0
DA:78,1
DA:79,1
DA:81,1
DA:82,1
DA:85,0
DA:89,2
DA:90,2
DA:92,2
DA:94,2
DA:96,2
DA:98,2
DA:99,0
DA:102,2
DA:104,2
DA:105,0
DA:108,2
DA:109,2
DA:111,2
DA:112,1
DA:113,1
DA:114,1
DA:117,1
DA:120,0
DA:121,0
DA:126,0
DA:127,0
DA:129,0
DA:131,0
DA:133,0
DA:135,0
DA:136,0
DA:139,0
DA:141,0
DA:142,0
DA:145,0
DA:146,0
DA:148,0
DA:149,0
DA:150,0
DA:153,0
DA:155,0
DA:158,0
DA:160,0
DA:161,0
DA:166,3
DA:167,3
DA:169,3
DA:171,3
DA:173,3
DA:174,1
DA:176,2
DA:177,1
DA:178,1
DA:179,1
DA:182,1
DA:184,0
DA:185,0
DA:190,2
DA:191,2
DA:193,2
DA:195,2
DA:196,2
DA:198,2
DA:199,0
DA:202,2
DA:203,0
DA:206,2
DA:208,2
DA:209,0
DA:212,2
DA:213,2
DA:214,2
DA:216,2
DA:217,2
DA:219,2
DA:221,0
DA:222,0
DA:227,2
DA:228,2
DA:230,2
DA:231,2
DA:233,2
DA:235,2
DA:236,0
DA:239,2
DA:240,0
DA:243,2
DA:245,2
DA:246,0
DA:249,2
DA:251,2
DA:252,0
DA:254,2
DA:255,2
DA:257,2
DA:259,0
DA:260,0
DA:265,1
DA:266,1
DA:267,1
DA:268,1
DA:269,4
DA:270,3
DA:271,3
DA:272,3
DA:273,3
DA:276,1
DA:278,0
DA:279,0
DA:284,3
LF:154
LH:108
BRDA:14,0,0,1
BRDA:14,0,1,1
BRDA:54,1,0,0
BRDA:54,1,1,1
BRDA:59,2,0,0
BRDA:59,2,1,1
BRDA:81,3,0,1
BRDA:81,3,1,0
BRDA:98,4,0,0
BRDA:98,4,1,2
BRDA:104,5,0,0
BRDA:104,5,1,2
BRDA:111,6,0,1
BRDA:111,6,1,1
BRDA:111,7,0,2
BRDA:111,7,1,1
BRDA:135,8,0,0
BRDA:135,8,1,0
BRDA:141,9,0,0
BRDA:141,9,1,0
BRDA:148,10,0,0
BRDA:148,10,1,0
BRDA:149,11,0,0
BRDA:149,11,1,0
BRDA:173,12,0,1
BRDA:173,12,1,2
BRDA:176,13,0,1
BRDA:176,13,1,1
BRDA:198,14,0,0
BRDA:198,14,1,2
BRDA:202,15,0,0
BRDA:202,15,1,2
BRDA:202,16,0,2
BRDA:202,16,1,2
BRDA:202,16,2,2
BRDA:208,17,0,0
BRDA:208,17,1,2
BRDA:235,18,0,0
BRDA:235,18,1,2
BRDA:239,19,0,0
BRDA:239,19,1,2
BRDA:239,20,0,2
BRDA:239,20,1,2
BRDA:239,20,2,2
BRDA:245,21,0,0
BRDA:245,21,1,2
BRDA:245,22,0,2
BRDA:245,22,1,2
BRDA:251,23,0,0
BRDA:251,23,1,2
BRDA:251,24,0,2
BRDA:251,24,1,2
BRDA:251,24,2,2
BRDA:269,25,0,3
BRDA:269,25,1,1
BRF:55
BRH:35
end_of_record
TN:
SF:controllers/movieController.js
FN:5,escapeRegExp
FN:12,(anonymous_1)
FN:29,(anonymous_2)
FN:44,(anonymous_3)
FNF:4
FNH:0
FNDA:0,escapeRegExp
FNDA:0,(anonymous_1)
FNDA:0,(anonymous_2)
FNDA:0,(anonymous_3)
DA:1,3
DA:2,3
DA:3,3
DA:6,0
DA:10,3
DA:13,0
DA:14,0
DA:16,0
DA:18,0
DA:19,0
DA:22,0
DA:24,0
DA:25,0
DA:30,0
DA:31,0
DA:33,0
DA:35,0
DA:37,0
DA:39,0
DA:40,0
DA:45,0
DA:46,0
DA:48,0
DA:50,0
DA:51,0
DA:56,3
LF:26
LH:5
BRDA:18,0,0,0
BRDA:18,0,1,0
BRF:2
BRH:0
end_of_record
TN:
SF:controllers/postController.js
FN:9,(anonymous_0)
FN:57,(anonymous_1)
FN:94,(anonymous_2)
FN:112,(anonymous_3)
FN:173,(anonymous_4)
FNF:5
FNH:5
FNDA:2,(anonymous_0)
FNDA:3,(anonymous_1)
FNDA:2,(anonymous_2)
FNDA:2,(anonymous_3)
FNDA:1,(anonymous_4)
DA:1,3
DA:2,3
DA:3,3
DA:4,3
DA:5,3
DA:6,3
DA:8,3
DA:10,2
DA:11,2
DA:13,2
DA:15,2
DA:17,2
DA:19,2
DA:20,1
DA:23,1
DA:24,1
DA:25,1
DA:26,1
DA:34,1
DA:35,1
DA:37,1
DA:43,1
DA:49,1
DA:50,1
DA:52,0
DA:53,0
DA:58,3
DA:59,3
DA:61,3
DA:63,3
DA:64,0
DA:67,3
DA:69,3
DA:70,0
DA:73,3
DA:74,1
DA:77,2
DA:79,2
DA:80,2
DA:82,2
DA:83,1
DA:84,1
DA:85,1
DA:87,1
DA:89,0
DA:90,0
DA:95,2
DA:96,2
DA:98,2
DA:100,2
DA:101,1
DA:104,1
DA:107,0
DA:108,0
DA:113,2
DA:114,2
DA:116,2
DA:118,2
DA:120,2
DA:121,0
DA:124,2
DA:126,2
DA:128,2
DA:129,0
DA:132,2
DA:134,2
DA:136,2
DA:137,0
DA:140,2
DA:141,2
DA:143,2
DA:145,1
DA:146,1
DA:148,1
DA:149,1
DA:152,1
DA:153,1
DA:155,1
DA:156,1
DA:159,1
DA:160,1
DA:161,1
DA:163,1
DA:165,1
DA:168,0
DA:169,0
DA:174,1
DA:176,1
DA:178,1
DA:179,0
DA:182,1
DA:184,1
DA:185,0
DA:188,1
DA:189,2
DA:191,2
DA:192,2
DA:195,0
DA:196,0
DA:200,1
DA:205,3
LF:101
LH:84
BRDA:19,0,0,1
BRDA:19,0,1,1
BRDA:63,1,0,0
BRDA:63,1,1,3
BRDA:69,2,0,0
BRDA:69,2,1,3
BRDA:73,3,0,1
BRDA:73,3,1,2
BRDA:82,4,0,1
BRDA:82,4,1,1
BRDA:82,5,0,2
BRDA:82,5,1,2
BRDA:100,6,0,1
BRDA:100,6,1,1
BRDA:120,7,0,0
BRDA:120,7,1,2
BRDA:128,8,0,0
BRDA:128,8,1,2
BRDA:136,9,0,0
BRDA:136,9,1,2
BRDA:143,10,0,1
BRDA:143,10,1,1
BRDA:143,11,0,2
BRDA:143,11,1,1
BRDA:143,11,2,1
BRDA:148,12,0,1
BRDA:148,12,1,0
BRDA:155,13,0,1
BRDA:155,13,1,0
BRDA:178,14,0,0
BRDA:178,14,1,1
BRDA:184,15,0,0
BRDA:184,15,1,1
BRDA:191,16,0,2
BRDA:191,16,1,0
BRF:35
BRH:25
end_of_record
TN:
SF:controllers/predictController.js
FN:10,(anonymous_0)
FN:43,(anonymous_1)
FN:91,(anonymous_2)
FN:128,(anonymous_3)
FNF:4
FNH:0
FNDA:0,(anonymous_0)
FNDA:0,(anonymous_1)
FNDA:0,(anonymous_2)
FNDA:0,(anonymous_3)
DA:1,3
DA:2,3
DA:3,3
DA:4,3
DA:6,3
DA:8,3
DA:11,0
DA:12,0
DA:13,0
DA:15,0
DA:16,0
DA:19,0
DA:21,0
DA:28,0
DA:30,0
DA:31,0
DA:32,0
DA:35,0
DA:36,0
DA:38,0
DA:39,0
DA:44,0
DA:45,0
DA:47,0
DA:48,0
DA:51,0
DA:53,0
DA:55,0
DA:56,0
DA:58,0
DA:59,0
DA:62,0
DA:63,0
DA:71,0
DA:73,0
DA:74,0
DA:75,0
DA:76,0
DA:78,0
DA:81,0
DA:82,0
DA:86,0
DA:87,0
DA:92,0
DA:93,0
DA:95,0
DA:96,0
DA:99,0
DA:101,0
DA:103,0
DA:105,0
DA:112,0
DA:114,0
DA:115,0
DA:116,0
DA:119,0
DA:120,0
DA:123,0
DA:124,0
DA:129,0
DA:130,0
DA:132,0
DA:133,0
DA:136,0
DA:137,0
DA:139,0
DA:140,0
DA:143,0
DA:144,0
DA:152,0
DA:154,0
DA:157,0
DA:158,0
DA:163,3
LF:74
LH:7
BRDA:15,0,0,0
BRDA:15,0,1,0
BRDA:30,1,0,0
BRDA:30,1,1,0
BRDA:47,2,0,0
BRDA:47,2,1,0
BRDA:73,3,0,0
BRDA:73,3,1,0
BRDA:75,4,0,0
BRDA:75,4,1,0
BRDA:95,5,0,0
BRDA:95,5,1,0
BRDA:114,6,0,0
BRDA:114,6,1,0
BRDA:132,7,0,0
BRDA:132,7,1,0
BRF:16
BRH:0
end_of_record
TN:
SF:controllers/reviewController.js
FN:11,(anonymous_0)
FN:68,(anonymous_1)
FN:88,(anonymous_2)
FN:121,(anonymous_3)
FNF:4
FNH:0
FNDA:0,(anonymous_0)
FNDA:0,(anonymous_1)
FNDA:0,(anonymous_2)
FNDA:0,(anonymous_3)
DA:1,3
DA:2,3
DA:3,3
DA:4,3
DA:5,3
DA:6,3
DA:7,3
DA:10,3
DA:12,0
DA:13,0
DA:15,0
DA:17,0
DA:18,0
DA:21,0
DA:23,0
DA:25,0
DA:26,0
DA:29,0
DA:30,0
DA:33,0
DA:34,0
DA:35,0
DA:38,0
DA:39,0
DA:41,0
DA:48,0
DA:50,0
DA:52,0
DA:53,0
DA:54,0
DA:56,0
DA:58,0
DA:60,0
DA:63,0
DA:64,0
DA:69,0
DA:70,0
DA:72,0
DA:73,0
DA:76,0
DA:78,0
DA:80,0
DA:83,0
DA:84,0
DA:89,0
DA:90,0
DA:92,0
DA:94,0
DA:96,0
DA:97,0
DA:100,0
DA:101,0
DA:104,0
DA:106,0
DA:107,0
DA:109,0
DA:111,0
DA:113,0
DA:116,0
DA:117,0
DA:122,0
DA:123,0
DA:125,0
DA:127,0
DA:129,0
DA:130,0
DA:133,0
DA:135,0
DA:136,0
DA:139,0
DA:140,0
DA:141,0
DA:143,0
DA:144,0
DA:147,0
DA:148,0
DA:149,0
DA:150,0
DA:152,0
DA:154,0
DA:155,0
DA:160,3
LF:82
LH:9
BRDA:17,0,0,0
BRDA:17,0,1,0
BRDA:25,1,0,0
BRDA:25,1,1,0
BRDA:29,2,0,0
BRDA:29,2,1,0
BRDA:29,3,0,0
BRDA:29,3,1,0
BRDA:29,3,2,0
BRDA:34,4,0,0
BRDA:34,4,1,0
BRDA:72,5,0,0
BRDA:72,5,1,0
BRDA:96,6,0,0
BRDA:96,6,1,0
BRDA:100,7,0,0
BRDA:100,7,1,0
BRDA:100,8,0,0
BRDA:100,8,1,0
BRDA:106,9,0,0
BRDA:106,9,1,0
BRDA:129,10,0,0
BRDA:129,10,1,0
BRDA:135,11,0,0
BRDA:135,11,1,0
BRDA:139,12,0,0
BRDA:139,12,1,0
BRDA:143,13,0,0
BRDA:143,13,1,0
BRF:29
BRH:0
end_of_record
TN:
SF:controllers/userController.js
FN:9,(anonymous_0)
FN:46,(anonymous_1)
FN:69,(anonymous_2)
FN:99,(anonymous_3)
FN:129,(anonymous_4)
FN:157,(anonymous_5)
FN:177,(anonymous_6)
FN:197,(anonymous_7)
FN:209,(anonymous_8)
FN:230,(anonymous_9)
FNF:10
FNH:9
FNDA:4,(anonymous_0)
FNDA:12,(anonymous_1)
FNDA:2,(anonymous_2)
FNDA:4,(anonymous_3)
FNDA:1,(anonymous_4)
FNDA:2,(anonymous_5)
FNDA:2,(anonymous_6)
FNDA:0,(anonymous_7)
FNDA:1,(anonymous_8)
FNDA:1,(anonymous_9)
DA:1,3
DA:2,3
DA:3,3
DA:4,3
DA:5,3
DA:6,3
DA:8,3
DA:10,4
DA:11,4
DA:14,4
DA:15,4
DA:17,4
DA:18,2
DA:19,2
DA:24,2
DA:25,2
DA:28,2
DA:36,2
DA:37,2
DA:38,2
DA:39,2
DA:41,0
DA:42,0
DA:47,12
DA:48,12
DA:50,12
DA:51,12
DA:53,12
DA:54,1
DA:55,1
DA:58,11
DA:60,11
DA:62,11
DA:64,0
DA:65,0
DA:70,2
DA:71,2
DA:72,2
DA:73,2
DA:75,2
DA:76,0
DA:79,2
DA:81,2
DA:82,1
DA:85,1
DA:86,1
DA:87,1
DA:88,1
DA:90,1
DA:92,1
DA:94,0
DA:95,0
DA:100,4
DA:101,4
DA:102,4
DA:104,4
DA:105,4
DA:107,4
DA:108,2
DA:111,2
DA:112,2
DA:114,2
DA:115,1
DA:116,1
DA:119,2
DA:120,2
DA:122,2
DA:124,0
DA:125,0
DA:130,1
DA:131,1
DA:132,1
DA:134,1
DA:135,1
DA:137,1
DA:138,0
DA:141,1
DA:142,1
DA:144,1
DA:145,1
DA:147,1
DA:148,1
DA:150,1
DA:152,0
DA:153,0
DA:158,2
DA:159,2
DA:162,2
DA:164,2
DA:165,1
DA:168,1
DA:170,1
DA:172,0
DA:173,0
DA:178,2
DA:179,2
DA:182,2
DA:184,2
DA:185,1
DA:188,1
DA:190,1
DA:192,0
DA:193,0
DA:198,0
DA:199,0
DA:201,0
DA:202,0
DA:204,0
DA:205,0
DA:210,1
DA:211,1
DA:213,1
DA:215,1
DA:216,0
DA:219,1
DA:220,1
DA:221,1
DA:223,1
DA:225,0
DA:226,0
DA:231,1
DA:233,1
DA:235,1
DA:237,1
DA:238,0
DA:242,1
DA:243,1
DA:244,1
DA:246,0
DA:247,0
DA:252,3
LF:131
LH:103
BRDA:17,0,0,2
BRDA:17,0,1,2
BRDA:17,1,0,4
BRDA:17,1,1,3
BRDA:53,2,0,1
BRDA:53,2,1,11
BRDA:53,3,0,12
BRDA:53,3,1,12
BRDA:75,4,0,0
BRDA:75,4,1,2
BRDA:81,5,0,1
BRDA:81,5,1,1
BRDA:81,6,0,2
BRDA:81,6,1,1
BRDA:107,7,0,2
BRDA:107,7,1,2
BRDA:107,8,0,4
BRDA:107,8,1,4
BRDA:114,9,0,1
BRDA:114,9,1,1
BRDA:137,10,0,0
BRDA:137,10,1,1
BRDA:137,11,0,1
BRDA:137,11,1,1
BRDA:164,12,0,1
BRDA:164,12,1,1
BRDA:184,13,0,1
BRDA:184,13,1,1
BRDA:215,14,0,0
BRDA:215,14,1,1
BRDA:237,15,0,0
BRDA:237,15,1,1
BRDA:237,16,0,1
BRDA:237,16,1,1
BRF:34
BRH:30
end_of_record
TN:
SF:controllers/watchListController.js
FN:10,(anonymous_0)
FN:63,(anonymous_1)
FN:81,(anonymous_2)
FN:122,(anonymous_3)
FN:158,(anonymous_4)
FNF:5
FNH:0
FNDA:0,(anonymous_0)
FNDA:0,(anonymous_1)
FNDA:0,(anonymous_2)
FNDA:0,(anonymous_3)
FNDA:0,(anonymous_4)
DA:1,3
DA:2,3
DA:3,3
DA:4,3
DA:5,3
DA:6,3
DA:9,3
DA:11,0
DA:12,0
DA:14,0
DA:16,0
DA:17,0
DA:20,0
DA:21,0
DA:25,0
DA:27,0
DA:29,0
DA:30,0
DA:34,0
DA:35,0
DA:39,0
DA:46,0
DA:48,0
DA:50,0
DA:51,0
DA:52,0
DA:54,0
DA:56,0
DA:58,0
DA:59,0
DA:64,0
DA:65,0
DA:67,0
DA:69,0
DA:70,0
DA:73,0
DA:76,0
DA:77,0
DA:82,0
DA:83,0
DA:85,0
DA:87,0
DA:88,0
DA:92,0
DA:94,0
DA:95,0
DA:98,0
DA:99,0
DA:102,0
DA:104,0
DA:106,0
DA:107,0
DA:112,0
DA:114,0
DA:117,0
DA:118,0
DA:123,0
DA:124,0
DA:126,0
DA:128,0
DA:129,0
DA:132,0
DA:134,0
DA:135,0
DA:138,0
DA:140,0
DA:142,0
DA:143,0
DA:148,0
DA:150,0
DA:153,0
DA:154,0
DA:159,0
DA:160,0
DA:162,0
DA:164,0
DA:165,0
DA:167,0
DA:169,0
DA:171,0
DA:172,0
DA:175,0
DA:176,0
DA:178,0
DA:179,0
DA:182,0
DA:183,0
DA:185,0
DA:187,0
DA:188,0
DA:193,3
LF:91
LH:8
BRDA:16,0,0,0
BRDA:16,0,1,0
BRDA:20,1,0,0
BRDA:20,1,1,0
BRDA:29,2,0,0
BRDA:29,2,1,0
BRDA:69,3,0,0
BRDA:69,3,1,0
BRDA:87,4,0,0
BRDA:87,4,1,0
BRDA:94,5,0,0
BRDA:94,5,1,0
BRDA:98,6,0,0
BRDA:98,6,1,0
BRDA:98,7,0,0
BRDA:98,7,1,0
BRDA:106,8,0,0
BRDA:106,8,1,0
BRDA:128,9,0,0
BRDA:128,9,1,0
BRDA:134,10,0,0
BRDA:134,10,1,0
BRDA:142,11,0,0
BRDA:142,11,1,0
BRDA:164,12,0,0
BRDA:164,12,1,0
BRDA:171,13,0,0
BRDA:171,13,1,0
BRDA:178,14,0,0
BRDA:178,14,1,0
BRF:30
BRH:0
end_of_record
TN:
SF:middleware/auth.js
FN:4,(anonymous_0)
FNF:1
FNH:1
FNDA:31,(anonymous_0)
DA:1,3
DA:2,3
DA:4,3
DA:5,31
DA:6,31
DA:8,31
DA:9,1
DA:12,30
DA:13,30
DA:16,30
DA:18,30
DA:19,30
DA:21,0
DA:22,0
DA:26,3
LF:15
LH:13
BRDA:8,0,0,1
BRDA:8,0,1,30
BRDA:12,1,0,30
BRDA:12,1,1,0
BRF:4
BRH:3
end_of_record
